[ 2015-08-18T09:20:04+08:00 ] 127.0.0.1 /index.php?m=Store&c=PlanTask&a=grabAiqiyiAccount
INFO: [ app_init ] --START--
INFO: Run Behavior\BuildLiteBehavior [ RunTime:0.000037s ]
INFO: [ app_init ] --END-- [ RunTime:0.000799s ]
INFO: [ app_begin ] --START--
INFO: Run Behavior\ReadHtmlCacheBehavior [ RunTime:0.000622s ]
INFO: [ app_begin ] --END-- [ RunTime:0.000710s ]
SQL: SHOW COLUMNS FROM `ball_aiqiyi_account` [ RunTime:0.0245s ]
SQL: SELECT `id` FROM `ball_aiqiyi_account` WHERE `url` = 'http://kaixin58.com/thread-758-1-1.html' LIMIT 1   [ RunTime:0.0019s ]
NOTIC: [2] preg_match_all(): Unknown modifier '&gt;' /Users/badasslittlepig/www/ball/doubleChromosphere/App/Store/Controller/PlanTaskController.class.php 第 53 行.
INFO: [ app_end ] --START--
INFO: Run Behavior\ShowPageTraceBehavior [ RunTime:0.001511s ]
INFO: [ app_end ] --END-- [ RunTime:0.001654s ]

[ 2015-08-18T09:20:33+08:00 ] 127.0.0.1 /index.php?m=Store&c=PlanTask&a=grabAiqiyiAccount
INFO: [ app_init ] --START--
INFO: Run Behavior\BuildLiteBehavior [ RunTime:0.000021s ]
INFO: [ app_init ] --END-- [ RunTime:0.000278s ]
INFO: [ app_begin ] --START--
INFO: Run Behavior\ReadHtmlCacheBehavior [ RunTime:0.000257s ]
INFO: [ app_begin ] --END-- [ RunTime:0.000356s ]
SQL: SHOW COLUMNS FROM `ball_aiqiyi_account` [ RunTime:0.0020s ]
SQL: SELECT `id` FROM `ball_aiqiyi_account` WHERE `url` = 'http://kaixin58.com/thread-758-1-1.html' LIMIT 1   [ RunTime:0.0002s ]
INFO: [ app_end ] --START--
INFO: Run Behavior\ShowPageTraceBehavior [ RunTime:0.000632s ]
INFO: [ app_end ] --END-- [ RunTime:0.000786s ]

[ 2015-08-18T09:21:01+08:00 ] 127.0.0.1 /index.php?m=Store&c=PlanTask&a=grabAiqiyiAccount
INFO: [ app_init ] --START--
INFO: Run Behavior\BuildLiteBehavior [ RunTime:0.000016s ]
INFO: [ app_init ] --END-- [ RunTime:0.000234s ]
INFO: [ app_begin ] --START--
INFO: Run Behavior\ReadHtmlCacheBehavior [ RunTime:0.000314s ]
INFO: [ app_begin ] --END-- [ RunTime:0.000386s ]
SQL: SHOW COLUMNS FROM `ball_aiqiyi_account` [ RunTime:0.0021s ]
SQL: SELECT `id` FROM `ball_aiqiyi_account` WHERE `url` = 'http://kaixin58.com/thread-758-1-1.html' LIMIT 1   [ RunTime:0.0002s ]
INFO: [ app_end ] --START--
INFO: Run Behavior\ShowPageTraceBehavior [ RunTime:0.000470s ]
INFO: [ app_end ] --END-- [ RunTime:0.000592s ]

[ 2015-08-18T09:21:27+08:00 ] 127.0.0.1 /index.php?m=Store&c=PlanTask&a=grabAiqiyiAccount
INFO: [ app_init ] --START--
INFO: Run Behavior\BuildLiteBehavior [ RunTime:0.000014s ]
INFO: [ app_init ] --END-- [ RunTime:0.000231s ]
INFO: [ app_begin ] --START--
INFO: Run Behavior\ReadHtmlCacheBehavior [ RunTime:0.000239s ]
INFO: [ app_begin ] --END-- [ RunTime:0.000299s ]
SQL: SHOW COLUMNS FROM `ball_aiqiyi_account` [ RunTime:0.0022s ]
SQL: SELECT `id` FROM `ball_aiqiyi_account` WHERE `url` = 'http://kaixin58.com/thread-758-1-1.html' LIMIT 1   [ RunTime:0.0002s ]
INFO: [ app_end ] --START--
INFO: Run Behavior\ShowPageTraceBehavior [ RunTime:0.000603s ]
INFO: [ app_end ] --END-- [ RunTime:0.000781s ]

[ 2015-08-18T09:21:56+08:00 ] 127.0.0.1 /index.php?m=Store&c=PlanTask&a=grabAiqiyiAccount
INFO: [ app_init ] --START--
INFO: Run Behavior\BuildLiteBehavior [ RunTime:0.000016s ]
INFO: [ app_init ] --END-- [ RunTime:0.000263s ]
INFO: [ app_begin ] --START--
INFO: Run Behavior\ReadHtmlCacheBehavior [ RunTime:0.000392s ]
INFO: [ app_begin ] --END-- [ RunTime:0.000486s ]
SQL: SHOW COLUMNS FROM `ball_aiqiyi_account` [ RunTime:0.0019s ]
SQL: SELECT `id` FROM `ball_aiqiyi_account` WHERE `url` = 'http://kaixin58.com/thread-758-1-1.html' LIMIT 1   [ RunTime:0.0002s ]
INFO: [ app_end ] --START--
INFO: Run Behavior\ShowPageTraceBehavior [ RunTime:0.000581s ]
INFO: [ app_end ] --END-- [ RunTime:0.000737s ]

[ 2015-08-18T09:22:04+08:00 ] 127.0.0.1 /index.php?m=Store&c=PlanTask&a=grabAiqiyiAccount
INFO: [ app_init ] --START--
INFO: Run Behavior\BuildLiteBehavior [ RunTime:0.000015s ]
INFO: [ app_init ] --END-- [ RunTime:0.000214s ]
INFO: [ app_begin ] --START--
INFO: Run Behavior\ReadHtmlCacheBehavior [ RunTime:0.000231s ]
INFO: [ app_begin ] --END-- [ RunTime:0.000292s ]
SQL: SHOW COLUMNS FROM `ball_aiqiyi_account` [ RunTime:0.0017s ]
SQL: SELECT `id` FROM `ball_aiqiyi_account` WHERE `url` = 'http://kaixin58.com/thread-758-1-1.html' LIMIT 1   [ RunTime:0.0002s ]
INFO: [ app_end ] --START--
INFO: Run Behavior\ShowPageTraceBehavior [ RunTime:0.000570s ]
INFO: [ app_end ] --END-- [ RunTime:0.000719s ]

[ 2015-08-18T09:25:09+08:00 ] 127.0.0.1 /index.php?m=Store&c=PlanTask&a=grabAiqiyiAccount
INFO: [ app_init ] --START--
INFO: Run Behavior\BuildLiteBehavior [ RunTime:0.000025s ]
INFO: [ app_init ] --END-- [ RunTime:0.000252s ]
INFO: [ app_begin ] --START--
INFO: Run Behavior\ReadHtmlCacheBehavior [ RunTime:0.000242s ]
INFO: [ app_begin ] --END-- [ RunTime:0.000303s ]
SQL: SHOW COLUMNS FROM `ball_aiqiyi_account` [ RunTime:0.0019s ]
SQL: SELECT `id` FROM `ball_aiqiyi_account` WHERE `url` = 'http://kaixin58.com/thread-758-1-1.html' LIMIT 1   [ RunTime:0.0002s ]
INFO: [ app_end ] --START--
INFO: Run Behavior\ShowPageTraceBehavior [ RunTime:0.000698s ]
INFO: [ app_end ] --END-- [ RunTime:0.000862s ]

[ 2015-08-18T09:25:40+08:00 ] 127.0.0.1 /index.php?m=Store&c=PlanTask&a=grabAiqiyiAccount
INFO: [ app_init ] --START--
INFO: Run Behavior\BuildLiteBehavior [ RunTime:0.000014s ]
INFO: [ app_init ] --END-- [ RunTime:0.000214s ]
INFO: [ app_begin ] --START--
INFO: Run Behavior\ReadHtmlCacheBehavior [ RunTime:0.000230s ]
INFO: [ app_begin ] --END-- [ RunTime:0.000288s ]
SQL: SHOW COLUMNS FROM `ball_aiqiyi_account` [ RunTime:0.0021s ]
SQL: SELECT `id` FROM `ball_aiqiyi_account` WHERE `url` = 'http://kaixin58.com/thread-758-1-1.html' LIMIT 1   [ RunTime:0.0002s ]
INFO: [ app_end ] --START--
INFO: Run Behavior\ShowPageTraceBehavior [ RunTime:0.000587s ]
INFO: [ app_end ] --END-- [ RunTime:0.000739s ]

[ 2015-08-18T09:26:35+08:00 ] 127.0.0.1 /index.php?m=Store&c=PlanTask&a=grabAiqiyiAccount
INFO: [ app_init ] --START--
INFO: Run Behavior\BuildLiteBehavior [ RunTime:0.000017s ]
INFO: [ app_init ] --END-- [ RunTime:0.000262s ]
INFO: [ app_begin ] --START--
INFO: Run Behavior\ReadHtmlCacheBehavior [ RunTime:0.000282s ]
INFO: [ app_begin ] --END-- [ RunTime:0.000355s ]
SQL: SHOW COLUMNS FROM `ball_aiqiyi_account` [ RunTime:0.0018s ]
SQL: SELECT `id` FROM `ball_aiqiyi_account` WHERE `url` = 'http://kaixin58.com/thread-758-1-1.html' LIMIT 1   [ RunTime:0.0002s ]
INFO: [ app_end ] --START--
INFO: Run Behavior\ShowPageTraceBehavior [ RunTime:0.000581s ]
INFO: [ app_end ] --END-- [ RunTime:0.000730s ]

[ 2015-08-18T09:26:38+08:00 ] 127.0.0.1 /index.php?m=Store&c=PlanTask&a=grabAiqiyiAccount
INFO: [ app_init ] --START--
INFO: Run Behavior\BuildLiteBehavior [ RunTime:0.000015s ]
INFO: [ app_init ] --END-- [ RunTime:0.000215s ]
INFO: [ app_begin ] --START--
INFO: Run Behavior\ReadHtmlCacheBehavior [ RunTime:0.000231s ]
INFO: [ app_begin ] --END-- [ RunTime:0.000290s ]
SQL: SHOW COLUMNS FROM `ball_aiqiyi_account` [ RunTime:0.0012s ]
SQL: SELECT `id` FROM `ball_aiqiyi_account` WHERE `url` = 'http://kaixin58.com/thread-758-1-1.html' LIMIT 1   [ RunTime:0.0002s ]
INFO: [ app_end ] --START--
INFO: Run Behavior\ShowPageTraceBehavior [ RunTime:0.000339s ]
INFO: [ app_end ] --END-- [ RunTime:0.000428s ]

[ 2015-08-18T09:29:08+08:00 ] 127.0.0.1 /index.php?m=Store&c=PlanTask&a=grabAiqiyiAccount
INFO: [ app_init ] --START--
INFO: Run Behavior\BuildLiteBehavior [ RunTime:0.000017s ]
INFO: [ app_init ] --END-- [ RunTime:0.000243s ]
INFO: [ app_begin ] --START--
INFO: Run Behavior\ReadHtmlCacheBehavior [ RunTime:0.000735s ]
INFO: [ app_begin ] --END-- [ RunTime:0.000874s ]
SQL: SHOW COLUMNS FROM `ball_aiqiyi_account` [ RunTime:0.0020s ]
SQL: SELECT `id` FROM `ball_aiqiyi_account` WHERE `url` = 'http://kaixin58.com/thread-758-1-1.html' LIMIT 1   [ RunTime:0.0002s ]
INFO: [ app_end ] --START--
INFO: Run Behavior\ShowPageTraceBehavior [ RunTime:0.000575s ]
INFO: [ app_end ] --END-- [ RunTime:0.000724s ]

[ 2015-08-18T09:29:14+08:00 ] 127.0.0.1 /index.php?m=Store&c=PlanTask&a=grabAiqiyiAccount
INFO: [ app_init ] --START--
INFO: Run Behavior\BuildLiteBehavior [ RunTime:0.000015s ]
INFO: [ app_init ] --END-- [ RunTime:0.000223s ]
INFO: [ app_begin ] --START--
INFO: Run Behavior\ReadHtmlCacheBehavior [ RunTime:0.000241s ]
INFO: [ app_begin ] --END-- [ RunTime:0.000303s ]
SQL: SHOW COLUMNS FROM `ball_aiqiyi_account` [ RunTime:0.0014s ]
SQL: SELECT `id` FROM `ball_aiqiyi_account` WHERE `url` = 'http://kaixin58.com/thread-758-1-1.html' LIMIT 1   [ RunTime:0.0002s ]
INFO: [ app_end ] --START--
INFO: Run Behavior\ShowPageTraceBehavior [ RunTime:0.000570s ]
INFO: [ app_end ] --END-- [ RunTime:0.000719s ]

[ 2015-08-18T11:28:33+08:00 ] 127.0.0.1 /index.php?m=Store&c=PlanTask&a=grabAiqiyiAccount&var=value
INFO: [ app_init ] --START--
INFO: Run Behavior\BuildLiteBehavior [ RunTime:0.000020s ]
INFO: [ app_init ] --END-- [ RunTime:0.000481s ]
INFO: [ app_begin ] --START--
INFO: Run Behavior\ReadHtmlCacheBehavior [ RunTime:0.000558s ]
INFO: [ app_begin ] --END-- [ RunTime:0.000622s ]
SQL: SHOW COLUMNS FROM `ball_aiqiyi_account` [ RunTime:0.0013s ]
SQL: SELECT `id` FROM `ball_aiqiyi_account` WHERE `url` = 'http://kaixin58.com/thread-761-1-1.html' LIMIT 1   [ RunTime:0.0002s ]
INFO: [ app_end ] --START--
INFO: Run Behavior\ShowPageTraceBehavior [ RunTime:0.001514s ]
INFO: [ app_end ] --END-- [ RunTime:0.001682s ]

[ 2015-08-18T13:11:40+08:00 ] 127.0.0.1 /index.php?m=Store&c=PlanTask&a=grabAiqiyiAccount&var=value
INFO: [ app_init ] --START--
INFO: Run Behavior\BuildLiteBehavior [ RunTime:0.000023s ]
INFO: [ app_init ] --END-- [ RunTime:0.000518s ]
INFO: [ app_begin ] --START--
INFO: Run Behavior\ReadHtmlCacheBehavior [ RunTime:0.000843s ]
INFO: [ app_begin ] --END-- [ RunTime:0.000945s ]
SQL: SHOW COLUMNS FROM `ball_aiqiyi_account` [ RunTime:0.0013s ]
SQL: SELECT `id` FROM `ball_aiqiyi_account` WHERE `url` = 'http://kaixin58.com/thread-763-1-1.html' LIMIT 1   [ RunTime:0.0002s ]
INFO: [ app_end ] --START--
INFO: Run Behavior\ShowPageTraceBehavior [ RunTime:0.001544s ]
INFO: [ app_end ] --END-- [ RunTime:0.001711s ]

[ 2015-08-18T13:11:42+08:00 ] 127.0.0.1 /index.php?m=Store&c=PlanTask&a=grabAiqiyiAccount&var=value
INFO: [ app_init ] --START--
INFO: Run Behavior\BuildLiteBehavior [ RunTime:0.000018s ]
INFO: [ app_init ] --END-- [ RunTime:0.000262s ]
INFO: [ app_begin ] --START--
INFO: Run Behavior\ReadHtmlCacheBehavior [ RunTime:0.000256s ]
INFO: [ app_begin ] --END-- [ RunTime:0.000321s ]
SQL: SHOW COLUMNS FROM `ball_aiqiyi_account` [ RunTime:0.0020s ]
SQL: SELECT `id` FROM `ball_aiqiyi_account` WHERE `url` = 'http://kaixin58.com/thread-763-1-1.html' LIMIT 1   [ RunTime:0.0002s ]
INFO: [ app_end ] --START--
INFO: Run Behavior\ShowPageTraceBehavior [ RunTime:0.000587s ]
INFO: [ app_end ] --END-- [ RunTime:0.000738s ]

[ 2015-08-18T13:14:11+08:00 ] 127.0.0.1 /index.php?m=Store&c=PlanTask&a=grabAiqiyiAccount&var=value
INFO: [ app_init ] --START--
INFO: Run Behavior\BuildLiteBehavior [ RunTime:0.000021s ]
INFO: [ app_init ] --END-- [ RunTime:0.000226s ]
INFO: [ app_begin ] --START--
INFO: Run Behavior\ReadHtmlCacheBehavior [ RunTime:0.000255s ]
INFO: [ app_begin ] --END-- [ RunTime:0.000326s ]
SQL: SHOW COLUMNS FROM `ball_aiqiyi_account` [ RunTime:0.0021s ]
SQL: SELECT `id` FROM `ball_aiqiyi_account` WHERE `url` = 'http://kaixin58.com/thread-763-1-1.html' LIMIT 1   [ RunTime:0.0002s ]
INFO: [ app_end ] --START--
INFO: Run Behavior\ShowPageTraceBehavior [ RunTime:0.000614s ]
INFO: [ app_end ] --END-- [ RunTime:0.000770s ]

[ 2015-08-18T13:14:33+08:00 ] 127.0.0.1 /index.php?m=Store&c=PlanTask&a=grabAiqiyiAccount&var=value
INFO: [ app_init ] --START--
INFO: Run Behavior\BuildLiteBehavior [ RunTime:0.000021s ]
INFO: [ app_init ] --END-- [ RunTime:0.000256s ]
INFO: [ app_begin ] --START--
INFO: Run Behavior\ReadHtmlCacheBehavior [ RunTime:0.000264s ]
INFO: [ app_begin ] --END-- [ RunTime:0.000329s ]
SQL: SHOW COLUMNS FROM `ball_aiqiyi_account` [ RunTime:0.0016s ]
SQL: SELECT `id` FROM `ball_aiqiyi_account` WHERE `url` = 'http://kaixin58.com/thread-763-1-1.html' LIMIT 1   [ RunTime:0.0002s ]
INFO: [ app_end ] --START--
INFO: Run Behavior\ShowPageTraceBehavior [ RunTime:0.000500s ]
INFO: [ app_end ] --END-- [ RunTime:0.000624s ]

[ 2015-08-18T13:15:27+08:00 ] 127.0.0.1 /index.php?m=Store&c=PlanTask&a=grabAiqiyiAccount&var=value
INFO: [ app_init ] --START--
INFO: Run Behavior\BuildLiteBehavior [ RunTime:0.000019s ]
INFO: [ app_init ] --END-- [ RunTime:0.000235s ]
INFO: [ app_begin ] --START--
INFO: Run Behavior\ReadHtmlCacheBehavior [ RunTime:0.000244s ]
INFO: [ app_begin ] --END-- [ RunTime:0.000305s ]
SQL: SHOW COLUMNS FROM `ball_aiqiyi_account` [ RunTime:0.0016s ]
SQL: SELECT `id` FROM `ball_aiqiyi_account` WHERE `url` = 'http://kaixin58.com/thread-763-1-1.html' LIMIT 1   [ RunTime:0.0002s ]
INFO: [ app_end ] --START--
INFO: Run Behavior\ShowPageTraceBehavior [ RunTime:0.000604s ]
INFO: [ app_end ] --END-- [ RunTime:0.000752s ]

[ 2015-08-18T13:20:43+08:00 ] 127.0.0.1 /index.php?m=Store&c=PlanTask&a=grabAiqiyiAccount&var=value
INFO: [ app_init ] --START--
INFO: Run Behavior\BuildLiteBehavior [ RunTime:0.000015s ]
INFO: [ app_init ] --END-- [ RunTime:0.000232s ]
INFO: [ app_begin ] --START--
INFO: Run Behavior\ReadHtmlCacheBehavior [ RunTime:0.000253s ]
INFO: [ app_begin ] --END-- [ RunTime:0.000316s ]
SQL: SHOW COLUMNS FROM `ball_aiqiyi_account` [ RunTime:0.0021s ]
SQL: SELECT `id` FROM `ball_aiqiyi_account` WHERE `url` = 'http://kaixin58.com/thread-763-1-1.html' LIMIT 1   [ RunTime:0.0002s ]
NOTIC: [2] preg_match_all(): Unknown modifier 'f' /Users/badasslittlepig/www/ball/doubleChromosphere/App/Store/Controller/PlanTaskController.class.php 第 53 行.
INFO: [ app_end ] --START--
INFO: Run Behavior\ShowPageTraceBehavior [ RunTime:0.000367s ]
INFO: [ app_end ] --END-- [ RunTime:0.000441s ]

[ 2015-08-18T13:20:49+08:00 ] 127.0.0.1 /index.php?m=Store&c=PlanTask&a=grabAiqiyiAccount&var=value
INFO: [ app_init ] --START--
INFO: Run Behavior\BuildLiteBehavior [ RunTime:0.000017s ]
INFO: [ app_init ] --END-- [ RunTime:0.000226s ]
INFO: [ app_begin ] --START--
INFO: Run Behavior\ReadHtmlCacheBehavior [ RunTime:0.000243s ]
INFO: [ app_begin ] --END-- [ RunTime:0.000303s ]
SQL: SHOW COLUMNS FROM `ball_aiqiyi_account` [ RunTime:0.0012s ]
SQL: SELECT `id` FROM `ball_aiqiyi_account` WHERE `url` = 'http://kaixin58.com/thread-763-1-1.html' LIMIT 1   [ RunTime:0.0002s ]
NOTIC: [2] preg_match_all(): Unknown modifier 'f' /Users/badasslittlepig/www/ball/doubleChromosphere/App/Store/Controller/PlanTaskController.class.php 第 53 行.
INFO: [ app_end ] --START--
INFO: Run Behavior\ShowPageTraceBehavior [ RunTime:0.000582s ]
INFO: [ app_end ] --END-- [ RunTime:0.000713s ]

[ 2015-08-18T13:20:53+08:00 ] 127.0.0.1 /index.php?m=Store&c=PlanTask&a=grabAiqiyiAccount&var=value
INFO: [ app_init ] --START--
INFO: Run Behavior\BuildLiteBehavior [ RunTime:0.000014s ]
INFO: [ app_init ] --END-- [ RunTime:0.000210s ]
INFO: [ app_begin ] --START--
INFO: Run Behavior\ReadHtmlCacheBehavior [ RunTime:0.000275s ]
INFO: [ app_begin ] --END-- [ RunTime:0.000333s ]
SQL: SHOW COLUMNS FROM `ball_aiqiyi_account` [ RunTime:0.0019s ]
SQL: SELECT `id` FROM `ball_aiqiyi_account` WHERE `url` = 'http://kaixin58.com/thread-763-1-1.html' LIMIT 1   [ RunTime:0.0002s ]
NOTIC: [2] preg_match_all(): Unknown modifier 'f' /Users/badasslittlepig/www/ball/doubleChromosphere/App/Store/Controller/PlanTaskController.class.php 第 53 行.
INFO: [ app_end ] --START--
INFO: Run Behavior\ShowPageTraceBehavior [ RunTime:0.000632s ]
INFO: [ app_end ] --END-- [ RunTime:0.000763s ]

[ 2015-08-18T13:21:12+08:00 ] 127.0.0.1 /index.php?m=Store&c=PlanTask&a=grabAiqiyiAccount&var=value
INFO: [ app_init ] --START--
INFO: Run Behavior\BuildLiteBehavior [ RunTime:0.000018s ]
INFO: [ app_init ] --END-- [ RunTime:0.000223s ]
INFO: [ app_begin ] --START--
INFO: Run Behavior\ReadHtmlCacheBehavior [ RunTime:0.000229s ]
INFO: [ app_begin ] --END-- [ RunTime:0.000287s ]
SQL: SHOW COLUMNS FROM `ball_aiqiyi_account` [ RunTime:0.0020s ]
SQL: SELECT `id` FROM `ball_aiqiyi_account` WHERE `url` = 'http://kaixin58.com/thread-763-1-1.html' LIMIT 1   [ RunTime:0.0002s ]
INFO: [ app_end ] --START--
INFO: Run Behavior\ShowPageTraceBehavior [ RunTime:0.000480s ]
INFO: [ app_end ] --END-- [ RunTime:0.000602s ]

[ 2015-08-18T13:21:23+08:00 ] 127.0.0.1 /index.php?m=Store&c=PlanTask&a=grabAiqiyiAccount&var=value
INFO: [ app_init ] --START--
INFO: Run Behavior\BuildLiteBehavior [ RunTime:0.000015s ]
INFO: [ app_init ] --END-- [ RunTime:0.000221s ]
INFO: [ app_begin ] --START--
INFO: Run Behavior\ReadHtmlCacheBehavior [ RunTime:0.000243s ]
INFO: [ app_begin ] --END-- [ RunTime:0.000303s ]
SQL: SHOW COLUMNS FROM `ball_aiqiyi_account` [ RunTime:0.0016s ]
SQL: SELECT `id` FROM `ball_aiqiyi_account` WHERE `url` = 'http://kaixin58.com/thread-763-1-1.html' LIMIT 1   [ RunTime:0.0002s ]
INFO: [ app_end ] --START--
INFO: Run Behavior\ShowPageTraceBehavior [ RunTime:0.000578s ]
INFO: [ app_end ] --END-- [ RunTime:0.000727s ]

[ 2015-08-18T13:23:26+08:00 ] 127.0.0.1 /index.php?m=Store&c=PlanTask&a=grabAiqiyiAccount&var=value
INFO: [ app_init ] --START--
INFO: Run Behavior\BuildLiteBehavior [ RunTime:0.000020s ]
INFO: [ app_init ] --END-- [ RunTime:0.000246s ]
INFO: [ app_begin ] --START--
INFO: Run Behavior\ReadHtmlCacheBehavior [ RunTime:0.000256s ]
INFO: [ app_begin ] --END-- [ RunTime:0.000323s ]
SQL: SHOW COLUMNS FROM `ball_aiqiyi_account` [ RunTime:0.0017s ]
SQL: SELECT `id` FROM `ball_aiqiyi_account` WHERE `url` = 'http://kaixin58.com/thread-763-1-1.html' LIMIT 1   [ RunTime:0.0002s ]
INFO: [ app_end ] --START--
INFO: Run Behavior\ShowPageTraceBehavior [ RunTime:0.000610s ]
INFO: [ app_end ] --END-- [ RunTime:0.000761s ]

[ 2015-08-18T13:24:32+08:00 ] 127.0.0.1 /index.php?m=Store&c=PlanTask&a=grabAiqiyiAccount&var=value
INFO: [ app_init ] --START--
INFO: Run Behavior\BuildLiteBehavior [ RunTime:0.000014s ]
INFO: [ app_init ] --END-- [ RunTime:0.000209s ]
INFO: [ app_begin ] --START--
INFO: Run Behavior\ReadHtmlCacheBehavior [ RunTime:0.000245s ]
INFO: [ app_begin ] --END-- [ RunTime:0.000303s ]
SQL: SHOW COLUMNS FROM `ball_aiqiyi_account` [ RunTime:0.0021s ]
SQL: SELECT `id` FROM `ball_aiqiyi_account` WHERE `url` = 'http://kaixin58.com/thread-763-1-1.html' LIMIT 1   [ RunTime:0.0002s ]
INFO: [ app_end ] --START--
INFO: Run Behavior\ShowPageTraceBehavior [ RunTime:0.000575s ]
INFO: [ app_end ] --END-- [ RunTime:0.000710s ]

[ 2015-08-18T13:24:37+08:00 ] 127.0.0.1 /index.php?m=Store&c=PlanTask&a=grabAiqiyiAccount&var=value
INFO: [ app_init ] --START--
INFO: Run Behavior\BuildLiteBehavior [ RunTime:0.000014s ]
INFO: [ app_init ] --END-- [ RunTime:0.000216s ]
INFO: [ app_begin ] --START--
INFO: Run Behavior\ReadHtmlCacheBehavior [ RunTime:0.000230s ]
INFO: [ app_begin ] --END-- [ RunTime:0.000294s ]
SQL: SHOW COLUMNS FROM `ball_aiqiyi_account` [ RunTime:0.0015s ]
SQL: SELECT `id` FROM `ball_aiqiyi_account` WHERE `url` = 'http://kaixin58.com/thread-763-1-1.html' LIMIT 1   [ RunTime:0.0002s ]
INFO: [ app_end ] --START--
INFO: Run Behavior\ShowPageTraceBehavior [ RunTime:0.000509s ]
INFO: [ app_end ] --END-- [ RunTime:0.000638s ]

[ 2015-08-18T13:24:42+08:00 ] 127.0.0.1 /index.php?m=Store&c=PlanTask&a=grabAiqiyiAccount&var=value
INFO: [ app_init ] --START--
INFO: Run Behavior\BuildLiteBehavior [ RunTime:0.000018s ]
INFO: [ app_init ] --END-- [ RunTime:0.000221s ]
INFO: [ app_begin ] --START--
INFO: Run Behavior\ReadHtmlCacheBehavior [ RunTime:0.000235s ]
INFO: [ app_begin ] --END-- [ RunTime:0.000293s ]
SQL: SHOW COLUMNS FROM `ball_aiqiyi_account` [ RunTime:0.0015s ]
SQL: SELECT `id` FROM `ball_aiqiyi_account` WHERE `url` = 'http://kaixin58.com/thread-763-1-1.html' LIMIT 1   [ RunTime:0.0002s ]
INFO: [ app_end ] --START--
INFO: Run Behavior\ShowPageTraceBehavior [ RunTime:0.000600s ]
INFO: [ app_end ] --END-- [ RunTime:0.000749s ]

[ 2015-08-18T13:25:25+08:00 ] 127.0.0.1 /index.php?m=Store&c=PlanTask&a=grabAiqiyiAccount&var=value
INFO: [ app_init ] --START--
INFO: Run Behavior\BuildLiteBehavior [ RunTime:0.000017s ]
INFO: [ app_init ] --END-- [ RunTime:0.000219s ]
INFO: [ app_begin ] --START--
INFO: Run Behavior\ReadHtmlCacheBehavior [ RunTime:0.000227s ]
INFO: [ app_begin ] --END-- [ RunTime:0.000285s ]
SQL: SHOW COLUMNS FROM `ball_aiqiyi_account` [ RunTime:0.0016s ]
SQL: SELECT `id` FROM `ball_aiqiyi_account` WHERE `url` = 'http://kaixin58.com/thread-761-1-1.html' LIMIT 1   [ RunTime:0.0002s ]
INFO: [ app_end ] --START--
INFO: Run Behavior\ShowPageTraceBehavior [ RunTime:0.000636s ]
INFO: [ app_end ] --END-- [ RunTime:0.000786s ]

[ 2015-08-18T13:25:37+08:00 ] 127.0.0.1 /index.php?m=Store&c=PlanTask&a=grabAiqiyiAccount&var=value
INFO: [ app_init ] --START--
INFO: Run Behavior\BuildLiteBehavior [ RunTime:0.000014s ]
INFO: [ app_init ] --END-- [ RunTime:0.000218s ]
INFO: [ app_begin ] --START--
INFO: Run Behavior\ReadHtmlCacheBehavior [ RunTime:0.000228s ]
INFO: [ app_begin ] --END-- [ RunTime:0.000287s ]
SQL: SHOW COLUMNS FROM `ball_aiqiyi_account` [ RunTime:0.0018s ]
SQL: SELECT `id` FROM `ball_aiqiyi_account` WHERE `url` = 'http://kaixin58.com/thread-761-1-1.html' LIMIT 1   [ RunTime:0.0002s ]
INFO: [ app_end ] --START--
INFO: Run Behavior\ShowPageTraceBehavior [ RunTime:0.000426s ]
INFO: [ app_end ] --END-- [ RunTime:0.000538s ]

[ 2015-08-18T13:25:52+08:00 ] 127.0.0.1 /index.php?m=Store&c=PlanTask&a=grabAiqiyiAccount&var=value
INFO: [ app_init ] --START--
INFO: Run Behavior\BuildLiteBehavior [ RunTime:0.000017s ]
INFO: [ app_init ] --END-- [ RunTime:0.000263s ]
INFO: [ app_begin ] --START--
INFO: Run Behavior\ReadHtmlCacheBehavior [ RunTime:0.000305s ]
INFO: [ app_begin ] --END-- [ RunTime:0.000401s ]
SQL: SHOW COLUMNS FROM `ball_aiqiyi_account` [ RunTime:0.0022s ]
SQL: SELECT `id` FROM `ball_aiqiyi_account` WHERE `url` = 'http://kaixin58.com/thread-761-1-1.html' LIMIT 1   [ RunTime:0.0002s ]
INFO: [ app_end ] --START--
INFO: Run Behavior\ShowPageTraceBehavior [ RunTime:0.000587s ]
INFO: [ app_end ] --END-- [ RunTime:0.000738s ]

[ 2015-08-18T13:25:56+08:00 ] 127.0.0.1 /index.php?m=Store&c=PlanTask&a=grabAiqiyiAccount&var=value
INFO: [ app_init ] --START--
INFO: Run Behavior\BuildLiteBehavior [ RunTime:0.000014s ]
INFO: [ app_init ] --END-- [ RunTime:0.000221s ]
INFO: [ app_begin ] --START--
INFO: Run Behavior\ReadHtmlCacheBehavior [ RunTime:0.000237s ]
INFO: [ app_begin ] --END-- [ RunTime:0.000298s ]
SQL: SHOW COLUMNS FROM `ball_aiqiyi_account` [ RunTime:0.0016s ]
SQL: SELECT `id` FROM `ball_aiqiyi_account` WHERE `url` = 'http://kaixin58.com/thread-761-1-1.html' LIMIT 1   [ RunTime:0.0002s ]
INFO: [ app_end ] --START--
INFO: Run Behavior\ShowPageTraceBehavior [ RunTime:0.000584s ]
INFO: [ app_end ] --END-- [ RunTime:0.000769s ]

[ 2015-08-18T13:27:25+08:00 ] 127.0.0.1 /index.php?m=Store&c=PlanTask&a=grabAiqiyiAccount&var=value
INFO: [ app_init ] --START--
INFO: Run Behavior\BuildLiteBehavior [ RunTime:0.000015s ]
INFO: [ app_init ] --END-- [ RunTime:0.000214s ]
INFO: [ app_begin ] --START--
INFO: Run Behavior\ReadHtmlCacheBehavior [ RunTime:0.000225s ]
INFO: [ app_begin ] --END-- [ RunTime:0.000285s ]
SQL: SHOW COLUMNS FROM `ball_aiqiyi_account` [ RunTime:0.0021s ]
SQL: SELECT `id` FROM `ball_aiqiyi_account` WHERE `url` = 'http://kaixin58.com/thread-761-1-1.html' LIMIT 1   [ RunTime:0.0002s ]
INFO: [ app_end ] --START--
INFO: Run Behavior\ShowPageTraceBehavior [ RunTime:0.000368s ]
INFO: [ app_end ] --END-- [ RunTime:0.000469s ]

[ 2015-08-18T13:28:03+08:00 ] 127.0.0.1 /index.php?m=Store&c=PlanTask&a=grabAiqiyiAccount&var=value
INFO: [ app_init ] --START--
INFO: Run Behavior\BuildLiteBehavior [ RunTime:0.000015s ]
INFO: [ app_init ] --END-- [ RunTime:0.000225s ]
INFO: [ app_begin ] --START--
INFO: Run Behavior\ReadHtmlCacheBehavior [ RunTime:0.000239s ]
INFO: [ app_begin ] --END-- [ RunTime:0.000302s ]
SQL: SHOW COLUMNS FROM `ball_aiqiyi_account` [ RunTime:0.0023s ]
SQL: SELECT `id` FROM `ball_aiqiyi_account` WHERE `url` = 'http://kaixin58.com/thread-761-1-1.html' LIMIT 1   [ RunTime:0.0002s ]
INFO: [ app_end ] --START--
INFO: Run Behavior\ShowPageTraceBehavior [ RunTime:0.000368s ]
INFO: [ app_end ] --END-- [ RunTime:0.000461s ]

[ 2015-08-18T13:31:07+08:00 ] 127.0.0.1 /index.php?m=Store&c=PlanTask&a=grabAiqiyiAccount&var=value
INFO: [ app_init ] --START--
INFO: Run Behavior\BuildLiteBehavior [ RunTime:0.000014s ]
INFO: [ app_init ] --END-- [ RunTime:0.000224s ]
INFO: [ app_begin ] --START--
INFO: Run Behavior\ReadHtmlCacheBehavior [ RunTime:0.000272s ]
INFO: [ app_begin ] --END-- [ RunTime:0.000337s ]
SQL: SHOW COLUMNS FROM `ball_aiqiyi_account` [ RunTime:0.0022s ]
SQL: SELECT `id` FROM `ball_aiqiyi_account` WHERE `url` = 'http://kaixin58.com/thread-761-1-1.html' LIMIT 1   [ RunTime:0.0002s ]
NOTIC: [2] preg_match_all(): Unknown modifier '/' /Users/badasslittlepig/www/ball/doubleChromosphere/App/Store/Controller/PlanTaskController.class.php 第 53 行.
INFO: [ app_end ] --START--
INFO: Run Behavior\ShowPageTraceBehavior [ RunTime:0.000587s ]
INFO: [ app_end ] --END-- [ RunTime:0.000712s ]

[ 2015-08-18T13:41:58+08:00 ] 127.0.0.1 /index.php?m=Store&c=PlanTask&a=grabAiqiyiAccount&var=value
INFO: [ app_init ] --START--
INFO: Run Behavior\BuildLiteBehavior [ RunTime:0.000020s ]
INFO: [ app_init ] --END-- [ RunTime:0.000305s ]
INFO: [ app_begin ] --START--
INFO: Run Behavior\ReadHtmlCacheBehavior [ RunTime:0.000423s ]
INFO: [ app_begin ] --END-- [ RunTime:0.000511s ]
SQL: SHOW COLUMNS FROM `ball_aiqiyi_account` [ RunTime:0.0011s ]
SQL: SELECT `id` FROM `ball_aiqiyi_account` WHERE `url` = 'http://kaixin58.com/thread-761-1-1.html' LIMIT 1   [ RunTime:0.0002s ]
INFO: [ app_end ] --START--
INFO: Run Behavior\ShowPageTraceBehavior [ RunTime:0.000583s ]
INFO: [ app_end ] --END-- [ RunTime:0.000732s ]

[ 2015-08-18T13:42:11+08:00 ] 127.0.0.1 /index.php?m=Store&c=PlanTask&a=grabAiqiyiAccount&var=value
INFO: [ app_init ] --START--
INFO: Run Behavior\BuildLiteBehavior [ RunTime:0.000031s ]
INFO: [ app_init ] --END-- [ RunTime:0.000291s ]
INFO: [ app_begin ] --START--
INFO: Run Behavior\ReadHtmlCacheBehavior [ RunTime:0.000542s ]
INFO: [ app_begin ] --END-- [ RunTime:0.000750s ]
SQL: SHOW COLUMNS FROM `ball_aiqiyi_account` [ RunTime:0.0021s ]
SQL: SELECT `id` FROM `ball_aiqiyi_account` WHERE `url` = 'http://kaixin58.com/thread-761-1-1.html' LIMIT 1   [ RunTime:0.0002s ]
INFO: [ app_end ] --START--
INFO: Run Behavior\ShowPageTraceBehavior [ RunTime:0.000468s ]
INFO: [ app_end ] --END-- [ RunTime:0.000590s ]

[ 2015-08-18T13:42:17+08:00 ] 127.0.0.1 /index.php?m=Store&c=PlanTask&a=grabAiqiyiAccount&var=value
INFO: [ app_init ] --START--
INFO: Run Behavior\BuildLiteBehavior [ RunTime:0.000020s ]
INFO: [ app_init ] --END-- [ RunTime:0.000266s ]
INFO: [ app_begin ] --START--
INFO: Run Behavior\ReadHtmlCacheBehavior [ RunTime:0.000262s ]
INFO: [ app_begin ] --END-- [ RunTime:0.000326s ]
SQL: SHOW COLUMNS FROM `ball_aiqiyi_account` [ RunTime:0.0016s ]
SQL: SELECT `id` FROM `ball_aiqiyi_account` WHERE `url` = 'http://kaixin58.com/thread-761-1-1.html' LIMIT 1   [ RunTime:0.0002s ]
INFO: [ app_end ] --START--
INFO: Run Behavior\ShowPageTraceBehavior [ RunTime:0.000577s ]
INFO: [ app_end ] --END-- [ RunTime:0.000730s ]

[ 2015-08-18T13:43:58+08:00 ] 127.0.0.1 /index.php?m=Store&c=PlanTask&a=grabAiqiyiAccount&var=value
INFO: [ app_init ] --START--
INFO: Run Behavior\BuildLiteBehavior [ RunTime:0.000014s ]
INFO: [ app_init ] --END-- [ RunTime:0.000219s ]
INFO: [ app_begin ] --START--
INFO: Run Behavior\ReadHtmlCacheBehavior [ RunTime:0.000235s ]
INFO: [ app_begin ] --END-- [ RunTime:0.000295s ]
SQL: SHOW COLUMNS FROM `ball_aiqiyi_account` [ RunTime:0.0020s ]
SQL: SELECT `id` FROM `ball_aiqiyi_account` WHERE `url` = 'http://kaixin58.com/thread-761-1-1.html' LIMIT 1   [ RunTime:0.0004s ]
SQL: INSERT INTO `ball_aiqiyi_account` (`name_pass`,`add_time`,`url`) VALUES ('


18606936083    amy000    
13810596216    baiyu123    




','20150818134358','http://kaixin58.com/thread-761-1-1.html') [ RunTime:0.0014s ]
INFO: [ app_end ] --START--
INFO: Run Behavior\ShowPageTraceBehavior [ RunTime:0.000485s ]
INFO: [ app_end ] --END-- [ RunTime:0.000575s ]

[ 2015-08-18T14:24:40+08:00 ] 127.0.0.1 /index.php?m=Store&c=PlanTask&a=grabAiqiyiAccount
INFO: [ app_init ] --START--
INFO: Run Behavior\BuildLiteBehavior [ RunTime:0.000019s ]
INFO: [ app_init ] --END-- [ RunTime:0.000283s ]
INFO: [ app_begin ] --START--
INFO: Run Behavior\ReadHtmlCacheBehavior [ RunTime:0.000494s ]
INFO: [ app_begin ] --END-- [ RunTime:0.000619s ]
SQL: SHOW COLUMNS FROM `ball_aiqiyi_account` [ RunTime:0.0022s ]
SQL: SELECT `id` FROM `ball_aiqiyi_account` WHERE `url` = 'http://kaixin58.com/thread-761-1-1.html' LIMIT 1   [ RunTime:0.0002s ]
INFO: [ app_end ] --START--
INFO: Run Behavior\ShowPageTraceBehavior [ RunTime:0.000467s ]
INFO: [ app_end ] --END-- [ RunTime:0.000559s ]

[ 2015-08-18T14:24:57+08:00 ] 127.0.0.1 /index.php?m=Store&c=PlanTask&a=grabAiqiyiAccount
INFO: [ app_init ] --START--
INFO: Run Behavior\BuildLiteBehavior [ RunTime:0.000014s ]
INFO: [ app_init ] --END-- [ RunTime:0.000210s ]
INFO: [ app_begin ] --START--
INFO: Run Behavior\ReadHtmlCacheBehavior [ RunTime:0.000227s ]
INFO: [ app_begin ] --END-- [ RunTime:0.000285s ]
SQL: SHOW COLUMNS FROM `ball_aiqiyi_account` [ RunTime:0.0018s ]
SQL: SELECT `id` FROM `ball_aiqiyi_account` WHERE `url` = 'http://kaixin58.com/thread-760-1-1.html' LIMIT 1   [ RunTime:0.0002s ]
INFO: [ app_end ] --START--
INFO: Run Behavior\ShowPageTraceBehavior [ RunTime:0.000585s ]
INFO: [ app_end ] --END-- [ RunTime:0.000745s ]

[ 2015-08-18T14:24:59+08:00 ] 127.0.0.1 /index.php?m=Store&c=PlanTask&a=grabAiqiyiAccount
INFO: [ app_init ] --START--
INFO: Run Behavior\BuildLiteBehavior [ RunTime:0.000015s ]
INFO: [ app_init ] --END-- [ RunTime:0.000225s ]
INFO: [ app_begin ] --START--
INFO: Run Behavior\ReadHtmlCacheBehavior [ RunTime:0.000232s ]
INFO: [ app_begin ] --END-- [ RunTime:0.000290s ]
SQL: SHOW COLUMNS FROM `ball_aiqiyi_account` [ RunTime:0.0023s ]
SQL: SELECT `id` FROM `ball_aiqiyi_account` WHERE `url` = 'http://kaixin58.com/thread-760-1-1.html' LIMIT 1   [ RunTime:0.0002s ]
INFO: [ app_end ] --START--
INFO: Run Behavior\ShowPageTraceBehavior [ RunTime:0.000462s ]
INFO: [ app_end ] --END-- [ RunTime:0.000580s ]

[ 2015-08-18T14:25:01+08:00 ] 127.0.0.1 /index.php?m=Store&c=PlanTask&a=grabAiqiyiAccount
INFO: [ app_init ] --START--
INFO: Run Behavior\BuildLiteBehavior [ RunTime:0.000014s ]
INFO: [ app_init ] --END-- [ RunTime:0.000214s ]
INFO: [ app_begin ] --START--
INFO: Run Behavior\ReadHtmlCacheBehavior [ RunTime:0.000226s ]
INFO: [ app_begin ] --END-- [ RunTime:0.000284s ]
SQL: SHOW COLUMNS FROM `ball_aiqiyi_account` [ RunTime:0.0022s ]
SQL: SELECT `id` FROM `ball_aiqiyi_account` WHERE `url` = 'http://kaixin58.com/thread-760-1-1.html' LIMIT 1   [ RunTime:0.0002s ]
INFO: [ app_end ] --START--
INFO: Run Behavior\ShowPageTraceBehavior [ RunTime:0.000582s ]
INFO: [ app_end ] --END-- [ RunTime:0.000733s ]

[ 2015-08-18T14:25:28+08:00 ] 127.0.0.1 /index.php?m=Store&c=PlanTask&a=grabAiqiyiAccount
INFO: [ app_init ] --START--
INFO: Run Behavior\BuildLiteBehavior [ RunTime:0.000015s ]
INFO: [ app_init ] --END-- [ RunTime:0.000218s ]
INFO: [ app_begin ] --START--
INFO: Run Behavior\ReadHtmlCacheBehavior [ RunTime:0.000234s ]
INFO: [ app_begin ] --END-- [ RunTime:0.000292s ]
SQL: SHOW COLUMNS FROM `ball_aiqiyi_account` [ RunTime:0.0021s ]
SQL: SELECT `id` FROM `ball_aiqiyi_account` WHERE `url` = 'http://kaixin58.com/thread-760-1-1.html' LIMIT 1   [ RunTime:0.0002s ]
INFO: [ app_end ] --START--
INFO: Run Behavior\ShowPageTraceBehavior [ RunTime:0.000580s ]
INFO: [ app_end ] --END-- [ RunTime:0.000729s ]

[ 2015-08-18T14:25:44+08:00 ] 127.0.0.1 /index.php?m=Store&c=PlanTask&a=grabAiqiyiAccount
INFO: [ app_init ] --START--
INFO: Run Behavior\BuildLiteBehavior [ RunTime:0.000015s ]
INFO: [ app_init ] --END-- [ RunTime:0.000230s ]
INFO: [ app_begin ] --START--
INFO: Run Behavior\ReadHtmlCacheBehavior [ RunTime:0.000246s ]
INFO: [ app_begin ] --END-- [ RunTime:0.000309s ]
SQL: SHOW COLUMNS FROM `ball_aiqiyi_account` [ RunTime:0.0021s ]
SQL: SELECT `id` FROM `ball_aiqiyi_account` WHERE `url` = 'http://kaixin58.com/thread-760-1-1.html' LIMIT 1   [ RunTime:0.0002s ]
INFO: [ app_end ] --START--
INFO: Run Behavior\ShowPageTraceBehavior [ RunTime:0.000578s ]
INFO: [ app_end ] --END-- [ RunTime:0.000730s ]

[ 2015-08-18T14:26:08+08:00 ] 127.0.0.1 /index.php?m=Store&c=PlanTask&a=grabAiqiyiAccount
INFO: [ app_init ] --START--
INFO: Run Behavior\BuildLiteBehavior [ RunTime:0.000015s ]
INFO: [ app_init ] --END-- [ RunTime:0.000292s ]
INFO: [ app_begin ] --START--
INFO: Run Behavior\ReadHtmlCacheBehavior [ RunTime:0.000249s ]
INFO: [ app_begin ] --END-- [ RunTime:0.000311s ]
SQL: SHOW COLUMNS FROM `ball_aiqiyi_account` [ RunTime:0.0021s ]
SQL: SELECT `id` FROM `ball_aiqiyi_account` WHERE `url` = 'http://kaixin58.com/thread-760-1-1.html' LIMIT 1   [ RunTime:0.0002s ]
INFO: [ app_end ] --START--
INFO: Run Behavior\ShowPageTraceBehavior [ RunTime:0.000569s ]
INFO: [ app_end ] --END-- [ RunTime:0.000719s ]

[ 2015-08-18T14:26:26+08:00 ] 127.0.0.1 /index.php?m=Store&c=PlanTask&a=grabAiqiyiAccount
INFO: [ app_init ] --START--
INFO: Run Behavior\BuildLiteBehavior [ RunTime:0.000016s ]
INFO: [ app_init ] --END-- [ RunTime:0.000259s ]
INFO: [ app_begin ] --START--
INFO: Run Behavior\ReadHtmlCacheBehavior [ RunTime:0.000266s ]
INFO: [ app_begin ] --END-- [ RunTime:0.000330s ]
SQL: SHOW COLUMNS FROM `ball_aiqiyi_account` [ RunTime:0.0021s ]
SQL: SELECT `id` FROM `ball_aiqiyi_account` WHERE `url` = 'http://kaixin58.com/thread-760-1-1.html' LIMIT 1   [ RunTime:0.0002s ]
INFO: [ app_end ] --START--
INFO: Run Behavior\ShowPageTraceBehavior [ RunTime:0.000503s ]
INFO: [ app_end ] --END-- [ RunTime:0.000643s ]

[ 2015-08-18T14:43:11+08:00 ] 127.0.0.1 /index.php?m=Store&c=WechatApi&a=subscribe&var=value
INFO: [ app_init ] --START--
INFO: Run Behavior\BuildLiteBehavior [ RunTime:0.000016s ]
INFO: [ app_init ] --END-- [ RunTime:0.000235s ]
INFO: [ app_begin ] --START--
INFO: Run Behavior\ReadHtmlCacheBehavior [ RunTime:0.000249s ]
INFO: [ app_begin ] --END-- [ RunTime:0.000312s ]
NOTIC: [8] Undefined index: HTTP_RAW_POST_DATA /Users/badasslittlepig/www/ball/doubleChromosphere/App/Store/Controller/WechatApiController.class.php 第 62 行.

[ 2015-08-18T14:43:15+08:00 ] 127.0.0.1 /index.php?m=Store&c=WechatApi&a=subscribe&var=value
INFO: [ app_init ] --START--
INFO: Run Behavior\BuildLiteBehavior [ RunTime:0.000022s ]
INFO: [ app_init ] --END-- [ RunTime:0.000344s ]
INFO: [ app_begin ] --START--
INFO: Run Behavior\ReadHtmlCacheBehavior [ RunTime:0.000374s ]
INFO: [ app_begin ] --END-- [ RunTime:0.000627s ]
NOTIC: [8] Undefined index: HTTP_RAW_POST_DATA /Users/badasslittlepig/www/ball/doubleChromosphere/App/Store/Controller/WechatApiController.class.php 第 62 行.

[ 2015-08-18T14:44:16+08:00 ] 127.0.0.1 /index.php?m=Store&c=WechatApi&a=subscribe&var=value
INFO: [ app_init ] --START--
INFO: Run Behavior\BuildLiteBehavior [ RunTime:0.000014s ]
INFO: [ app_init ] --END-- [ RunTime:0.000209s ]
INFO: [ app_begin ] --START--
INFO: Run Behavior\ReadHtmlCacheBehavior [ RunTime:0.000240s ]
INFO: [ app_begin ] --END-- [ RunTime:0.000297s ]
NOTIC: [8] Undefined index: HTTP_RAW_POST_DATA /Users/badasslittlepig/www/ball/doubleChromosphere/App/Store/Controller/WechatApiController.class.php 第 62 行.

[ 2015-08-18T14:44:22+08:00 ] 127.0.0.1 /index.php?m=Store&c=WechatApi&a=subscribe&var=value
INFO: [ app_init ] --START--
INFO: Run Behavior\BuildLiteBehavior [ RunTime:0.000022s ]
INFO: [ app_init ] --END-- [ RunTime:0.000318s ]
INFO: [ app_begin ] --START--
INFO: Run Behavior\ReadHtmlCacheBehavior [ RunTime:0.000317s ]
INFO: [ app_begin ] --END-- [ RunTime:0.000397s ]
NOTIC: [8] Undefined index: HTTP_RAW_POST_DATA /Users/badasslittlepig/www/ball/doubleChromosphere/App/Store/Controller/WechatApiController.class.php 第 62 行.

[ 2015-08-18T14:44:30+08:00 ] 127.0.0.1 /index.php?m=Store&c=WechatApi&a=subscribe&var=value
INFO: [ app_init ] --START--
INFO: Run Behavior\BuildLiteBehavior [ RunTime:0.000014s ]
INFO: [ app_init ] --END-- [ RunTime:0.000214s ]
INFO: [ app_begin ] --START--
INFO: Run Behavior\ReadHtmlCacheBehavior [ RunTime:0.000252s ]
INFO: [ app_begin ] --END-- [ RunTime:0.000314s ]
NOTIC: [8] Undefined index: HTTP_RAW_POST_DATA /Users/badasslittlepig/www/ball/doubleChromosphere/App/Store/Controller/WechatApiController.class.php 第 62 行.

[ 2015-08-18T14:44:32+08:00 ] 127.0.0.1 /index.php?m=Store&c=WechatApi&a=subscribe&var=value
INFO: [ app_init ] --START--
INFO: Run Behavior\BuildLiteBehavior [ RunTime:0.000017s ]
INFO: [ app_init ] --END-- [ RunTime:0.000245s ]
INFO: [ app_begin ] --START--
INFO: Run Behavior\ReadHtmlCacheBehavior [ RunTime:0.000271s ]
INFO: [ app_begin ] --END-- [ RunTime:0.000341s ]
NOTIC: [8] Undefined index: HTTP_RAW_POST_DATA /Users/badasslittlepig/www/ball/doubleChromosphere/App/Store/Controller/WechatApiController.class.php 第 62 行.

[ 2015-08-18T14:45:42+08:00 ] 127.0.0.1 /index.php?m=Store&c=WechatApi&a=subscribe&var=value
INFO: [ app_init ] --START--
INFO: Run Behavior\BuildLiteBehavior [ RunTime:0.000018s ]
INFO: [ app_init ] --END-- [ RunTime:0.000255s ]
INFO: [ app_begin ] --START--
INFO: Run Behavior\ReadHtmlCacheBehavior [ RunTime:0.000288s ]
INFO: [ app_begin ] --END-- [ RunTime:0.000370s ]
SQL: SHOW COLUMNS FROM `ball_wechat_config` [ RunTime:0.0012s ]
SQL: SELECT * FROM `ball_wechat_config` WHERE `identity_code` = '7bdaebbced1198f1a3eb4ef79f89f915' LIMIT 1   [ RunTime:0.0002s ]
NOTIC: [8] Undefined variable: rs /Users/badasslittlepig/www/ball/doubleChromosphere/App/Store/Controller/WechatApiController.class.php 第 554 行.
ERR: SQLSTATE[42S02]: Base table or view not found: 1146 Table 'wantwinball.ball_wechat_event' doesn't exist

[ 2015-08-18T15:08:42+08:00 ] 127.0.0.1 /index.php?m=Store&c=WechatApi&a=subscribe&var=value
INFO: [ app_init ] --START--
INFO: Run Behavior\BuildLiteBehavior [ RunTime:0.000015s ]
INFO: [ app_init ] --END-- [ RunTime:0.000219s ]
INFO: [ app_begin ] --START--
INFO: Run Behavior\ReadHtmlCacheBehavior [ RunTime:0.000237s ]
INFO: [ app_begin ] --END-- [ RunTime:0.000299s ]
SQL: SHOW COLUMNS FROM `ball_wechat_config` [ RunTime:0.0013s ]
SQL: SELECT * FROM `ball_wechat_config` WHERE `identity_code` = '7bdaebbced1198f1a3eb4ef79f89f915' LIMIT 1   [ RunTime:0.0002s ]
ERR: SQLSTATE[42S02]: Base table or view not found: 1146 Table 'wantwinball.ball_wechat_event' doesn't exist

[ 2015-08-18T16:13:31+08:00 ] 127.0.0.1 /index.php?m=Store&c=WechatApi&a=subscribe&var=value
INFO: [ app_init ] --START--
INFO: Run Behavior\BuildLiteBehavior [ RunTime:0.000018s ]
INFO: [ app_init ] --END-- [ RunTime:0.000260s ]
INFO: [ app_begin ] --START--
INFO: Run Behavior\ReadHtmlCacheBehavior [ RunTime:0.000276s ]
INFO: [ app_begin ] --END-- [ RunTime:0.000351s ]
SQL: SHOW COLUMNS FROM `ball_wechat_config` [ RunTime:0.0010s ]
SQL: SELECT * FROM `ball_wechat_config` WHERE `identity_code` = '7bdaebbced1198f1a3eb4ef79f89f915' LIMIT 1   [ RunTime:0.0002s ]
ERR: SQLSTATE[42S02]: Base table or view not found: 1146 Table 'wantwinball.ball_wechat_event' doesn't exist

[ 2015-08-18T16:19:07+08:00 ] 127.0.0.1 /index.php?m=Store&c=WechatApi&a=subscribe&var=value
INFO: [ app_init ] --START--
INFO: Run Behavior\BuildLiteBehavior [ RunTime:0.000015s ]
INFO: [ app_init ] --END-- [ RunTime:0.000217s ]
INFO: [ app_begin ] --START--
INFO: Run Behavior\ReadHtmlCacheBehavior [ RunTime:0.000231s ]
INFO: [ app_begin ] --END-- [ RunTime:0.000289s ]
SQL: SHOW COLUMNS FROM `ball_wechat_config` [ RunTime:0.0019s ]
SQL: SELECT * FROM `ball_wechat_config` WHERE `identity_code` = '7bdaebbced1198f1a3eb4ef79f89f915' LIMIT 1   [ RunTime:0.0002s ]
SQL: SHOW COLUMNS FROM `ball_wechat_event` [ RunTime:0.0009s ]
SQL: INSERT INTO `ball_wechat_event` (`create_time`,`flag`,`open_id`,`scene_id`,`package`) VALUES ('20150818161907','1','ok_Tas7S8rDGbcYce8u97I6g7HK8',NULL,NULL) [ RunTime:0.0003s ]
SQL: SHOW COLUMNS FROM `ball_wechat_user` [ RunTime:0.0010s ]
SQL: SELECT * FROM `ball_wechat_user` WHERE `open_id` = 'ok_Tas7S8rDGbcYce8u97I6g7HK8' LIMIT 1   [ RunTime:0.0002s ]
NOTIC: [2] array_key_exists() expects parameter 2 to be array, null given /Users/badasslittlepig/www/ball/doubleChromosphere/App/Store/Controller/WechatApiController.class.php 第 466 行.
INFO: [ app_end ] --START--
INFO: Run Behavior\ShowPageTraceBehavior [ RunTime:0.001202s ]
INFO: [ app_end ] --END-- [ RunTime:0.001335s ]

[ 2015-08-18T16:53:46+08:00 ] 127.0.0.1 /index.php?m=Store&c=WechatApi&a=index&var=value
INFO: [ app_init ] --START--
INFO: Run Behavior\BuildLiteBehavior [ RunTime:0.000021s ]
INFO: [ app_init ] --END-- [ RunTime:0.000578s ]
INFO: [ app_begin ] --START--
INFO: Run Behavior\ReadHtmlCacheBehavior [ RunTime:0.000583s ]
INFO: [ app_begin ] --END-- [ RunTime:0.000653s ]

[ 2015-08-18T16:53:54+08:00 ] 127.0.0.1 /index.php?m=Store&c=WechatApi&a=index&var=value
INFO: [ app_init ] --START--
INFO: Run Behavior\BuildLiteBehavior [ RunTime:0.000014s ]
INFO: [ app_init ] --END-- [ RunTime:0.000207s ]
INFO: [ app_begin ] --START--
INFO: Run Behavior\ReadHtmlCacheBehavior [ RunTime:0.000225s ]
INFO: [ app_begin ] --END-- [ RunTime:0.000282s ]

[ 2015-08-18T16:54:32+08:00 ] 127.0.0.1 /index.php?m=Store&c=WechatApi&a=index&var=value
INFO: [ app_init ] --START--
INFO: Run Behavior\BuildLiteBehavior [ RunTime:0.000018s ]
INFO: [ app_init ] --END-- [ RunTime:0.000237s ]
INFO: [ app_begin ] --START--
INFO: Run Behavior\ReadHtmlCacheBehavior [ RunTime:0.000270s ]
INFO: [ app_begin ] --END-- [ RunTime:0.000338s ]

[ 2015-08-18T16:54:38+08:00 ] 127.0.0.1 /index.php?m=Store&c=WechatApi&a=index&var=value
INFO: [ app_init ] --START--
INFO: Run Behavior\BuildLiteBehavior [ RunTime:0.000015s ]
INFO: [ app_init ] --END-- [ RunTime:0.000236s ]
INFO: [ app_begin ] --START--
INFO: Run Behavior\ReadHtmlCacheBehavior [ RunTime:0.000243s ]
INFO: [ app_begin ] --END-- [ RunTime:0.000307s ]

[ 2015-08-18T16:55:07+08:00 ] 127.0.0.1 /index.php?m=Store&c=WechatApi&a=index&var=value
INFO: [ app_init ] --START--
INFO: Run Behavior\BuildLiteBehavior [ RunTime:0.000015s ]
INFO: [ app_init ] --END-- [ RunTime:0.000222s ]
INFO: [ app_begin ] --START--
INFO: Run Behavior\ReadHtmlCacheBehavior [ RunTime:0.000232s ]
INFO: [ app_begin ] --END-- [ RunTime:0.000292s ]
SQL: SHOW COLUMNS FROM `ball_wechat_config` [ RunTime:0.0010s ]
SQL: SELECT * FROM `ball_wechat_config` WHERE `identity_code` = '7bdaebbced1198f1a3eb4ef79f89f915' LIMIT 1   [ RunTime:0.0002s ]
SQL: SHOW COLUMNS FROM `ball_wechat_event` [ RunTime:0.0008s ]
SQL: INSERT INTO `ball_wechat_event` (`create_time`,`flag`,`open_id`,`scene_id`,`package`) VALUES ('20150818165507','1','ok_Tas7S8rDGbcYce8u97I6g7HK8',NULL,'<xml><ToUserName><![CDATA[gh_1c5c24188085]]></ToUserName>
<FromUserName><![CDATA[ok_Tas7S8rDGbcYce8u97I6g7HK8]]></FromUserName>
<CreateTime>1439887264</CreateTime>
<MsgType><![CDATA[event]]></MsgType>
<Event><![CDATA[subscribe]]></Event>
<EventKey><![CDATA[]]></EventKey>
</xml>') [ RunTime:0.0007s ]
SQL: SHOW COLUMNS FROM `ball_wechat_user` [ RunTime:0.0018s ]
SQL: SELECT * FROM `ball_wechat_user` WHERE `open_id` = 'ok_Tas7S8rDGbcYce8u97I6g7HK8' LIMIT 1   [ RunTime:0.0003s ]
SQL: UPDATE `ball_wechat_user` SET `last_time`='20150818165507',`source`='0' WHERE `id`=1 [ RunTime:0.0003s ]
ERR: SQLSTATE[42S02]: Base table or view not found: 1146 Table 'wantwinball.ball_wechat_message' doesn't exist
NOTIC: [2] Cannot modify header information - headers already sent by (output started at /Users/badasslittlepig/www/ball/doubleChromosphere/App/Store/Controller/WechatApiController.class.php:52) /Users/badasslittlepig/www/ball/doubleChromosphere/ThinkPHP/Library/Think/Think.class.php 第 229 行.
NOTIC: [2] Cannot modify header information - headers already sent by (output started at /Users/badasslittlepig/www/ball/doubleChromosphere/App/Store/Controller/WechatApiController.class.php:52) /Users/badasslittlepig/www/ball/doubleChromosphere/ThinkPHP/Library/Think/Think.class.php 第 230 行.

[ 2015-08-18T16:55:42+08:00 ] 127.0.0.1 /index.php?m=Store&c=WechatApi&a=index&var=value
INFO: [ app_init ] --START--
INFO: Run Behavior\BuildLiteBehavior [ RunTime:0.000015s ]
INFO: [ app_init ] --END-- [ RunTime:0.000232s ]
INFO: [ app_begin ] --START--
INFO: Run Behavior\ReadHtmlCacheBehavior [ RunTime:0.000247s ]
INFO: [ app_begin ] --END-- [ RunTime:0.000307s ]

[ 2015-08-18T16:55:58+08:00 ] 127.0.0.1 /index.php?m=Store&c=WechatApi&a=index&var=value
INFO: [ app_init ] --START--
INFO: Run Behavior\BuildLiteBehavior [ RunTime:0.000015s ]
INFO: [ app_init ] --END-- [ RunTime:0.000212s ]
INFO: [ app_begin ] --START--
INFO: Run Behavior\ReadHtmlCacheBehavior [ RunTime:0.000227s ]
INFO: [ app_begin ] --END-- [ RunTime:0.000288s ]

[ 2015-08-18T16:56:06+08:00 ] 127.0.0.1 /index.php?m=Store&c=WechatApi&a=index&var=value
INFO: [ app_init ] --START--
INFO: Run Behavior\BuildLiteBehavior [ RunTime:0.000026s ]
INFO: [ app_init ] --END-- [ RunTime:0.000230s ]
INFO: [ app_begin ] --START--
INFO: Run Behavior\ReadHtmlCacheBehavior [ RunTime:0.000241s ]
INFO: [ app_begin ] --END-- [ RunTime:0.000302s ]

[ 2015-08-18T16:56:08+08:00 ] 127.0.0.1 /index.php?m=Store&c=WechatApi&a=index&var=value
INFO: [ app_init ] --START--
INFO: Run Behavior\BuildLiteBehavior [ RunTime:0.000019s ]
INFO: [ app_init ] --END-- [ RunTime:0.000281s ]
INFO: [ app_begin ] --START--
INFO: Run Behavior\ReadHtmlCacheBehavior [ RunTime:0.000303s ]
INFO: [ app_begin ] --END-- [ RunTime:0.000382s ]

[ 2015-08-18T16:56:14+08:00 ] 127.0.0.1 /index.php?m=Store&c=WechatApi&a=index&var=value
INFO: [ app_init ] --START--
INFO: Run Behavior\BuildLiteBehavior [ RunTime:0.000017s ]
INFO: [ app_init ] --END-- [ RunTime:0.000241s ]
INFO: [ app_begin ] --START--
INFO: Run Behavior\ReadHtmlCacheBehavior [ RunTime:0.000322s ]
INFO: [ app_begin ] --END-- [ RunTime:0.000408s ]

[ 2015-08-18T16:56:48+08:00 ] 127.0.0.1 /index.php?m=Store&c=WechatApi&a=index&var=value
INFO: [ app_init ] --START--
INFO: Run Behavior\BuildLiteBehavior [ RunTime:0.000015s ]
INFO: [ app_init ] --END-- [ RunTime:0.000219s ]
INFO: [ app_begin ] --START--
INFO: Run Behavior\ReadHtmlCacheBehavior [ RunTime:0.000249s ]
INFO: [ app_begin ] --END-- [ RunTime:0.000317s ]

[ 2015-08-18T16:56:51+08:00 ] 127.0.0.1 /index.php?m=Store&c=WechatApi&a=index&var=value
INFO: [ app_init ] --START--
INFO: Run Behavior\BuildLiteBehavior [ RunTime:0.000017s ]
INFO: [ app_init ] --END-- [ RunTime:0.000263s ]
INFO: [ app_begin ] --START--
INFO: Run Behavior\ReadHtmlCacheBehavior [ RunTime:0.000248s ]
INFO: [ app_begin ] --END-- [ RunTime:0.000313s ]

[ 2015-08-18T16:57:29+08:00 ] 127.0.0.1 /index.php?m=Store&c=WechatApi&a=index&var=value
INFO: [ app_init ] --START--
INFO: Run Behavior\BuildLiteBehavior [ RunTime:0.000015s ]
INFO: [ app_init ] --END-- [ RunTime:0.000232s ]
INFO: [ app_begin ] --START--
INFO: Run Behavior\ReadHtmlCacheBehavior [ RunTime:0.000247s ]
INFO: [ app_begin ] --END-- [ RunTime:0.000311s ]

[ 2015-08-18T16:59:05+08:00 ] 127.0.0.1 /index.php?m=Store&c=WechatApi&a=index&var=value
INFO: [ app_init ] --START--
INFO: Run Behavior\BuildLiteBehavior [ RunTime:0.000030s ]
INFO: [ app_init ] --END-- [ RunTime:0.000332s ]
INFO: [ app_begin ] --START--
INFO: Run Behavior\ReadHtmlCacheBehavior [ RunTime:0.000258s ]
INFO: [ app_begin ] --END-- [ RunTime:0.000323s ]

[ 2015-08-18T16:59:15+08:00 ] 127.0.0.1 /index.php?m=Store&c=WechatApi&a=index&var=value
INFO: [ app_init ] --START--
INFO: Run Behavior\BuildLiteBehavior [ RunTime:0.000015s ]
INFO: [ app_init ] --END-- [ RunTime:0.000231s ]
INFO: [ app_begin ] --START--
INFO: Run Behavior\ReadHtmlCacheBehavior [ RunTime:0.000252s ]
INFO: [ app_begin ] --END-- [ RunTime:0.000316s ]

[ 2015-08-18T17:01:26+08:00 ] 127.0.0.1 /index.php?m=Store&c=WechatApi&a=index&var=value
INFO: [ app_init ] --START--
INFO: Run Behavior\BuildLiteBehavior [ RunTime:0.000017s ]
INFO: [ app_init ] --END-- [ RunTime:0.000232s ]
INFO: [ app_begin ] --START--
INFO: Run Behavior\ReadHtmlCacheBehavior [ RunTime:0.000248s ]
INFO: [ app_begin ] --END-- [ RunTime:0.000311s ]

[ 2015-08-18T17:01:29+08:00 ] 127.0.0.1 /index.php?m=Store&c=WechatApi&a=index&var=value
INFO: [ app_init ] --START--
INFO: Run Behavior\BuildLiteBehavior [ RunTime:0.000017s ]
INFO: [ app_init ] --END-- [ RunTime:0.000252s ]
INFO: [ app_begin ] --START--
INFO: Run Behavior\ReadHtmlCacheBehavior [ RunTime:0.000248s ]
INFO: [ app_begin ] --END-- [ RunTime:0.000311s ]

[ 2015-08-18T17:01:33+08:00 ] 127.0.0.1 /index.php?m=Store&c=WechatApi&a=index&var=value
INFO: [ app_init ] --START--
INFO: Run Behavior\BuildLiteBehavior [ RunTime:0.000016s ]
INFO: [ app_init ] --END-- [ RunTime:0.000224s ]
INFO: [ app_begin ] --START--
INFO: Run Behavior\ReadHtmlCacheBehavior [ RunTime:0.000243s ]
INFO: [ app_begin ] --END-- [ RunTime:0.000307s ]

[ 2015-08-18T17:02:12+08:00 ] 127.0.0.1 /index.php?m=Store&c=WechatApi&a=index&var=value
INFO: [ app_init ] --START--
INFO: Run Behavior\BuildLiteBehavior [ RunTime:0.000016s ]
INFO: [ app_init ] --END-- [ RunTime:0.000225s ]
INFO: [ app_begin ] --START--
INFO: Run Behavior\ReadHtmlCacheBehavior [ RunTime:0.000272s ]
INFO: [ app_begin ] --END-- [ RunTime:0.000332s ]

[ 2015-08-18T17:02:16+08:00 ] 127.0.0.1 /index.php?m=Store&c=WechatApi&a=index&var=value
INFO: [ app_init ] --START--
INFO: Run Behavior\BuildLiteBehavior [ RunTime:0.000014s ]
INFO: [ app_init ] --END-- [ RunTime:0.000213s ]
INFO: [ app_begin ] --START--
INFO: Run Behavior\ReadHtmlCacheBehavior [ RunTime:0.000232s ]
INFO: [ app_begin ] --END-- [ RunTime:0.000291s ]

[ 2015-08-18T17:02:53+08:00 ] 127.0.0.1 /index.php?m=Store&c=WechatApi&a=index&var=value
INFO: [ app_init ] --START--
INFO: Run Behavior\BuildLiteBehavior [ RunTime:0.000016s ]
INFO: [ app_init ] --END-- [ RunTime:0.000223s ]
INFO: [ app_begin ] --START--
INFO: Run Behavior\ReadHtmlCacheBehavior [ RunTime:0.000236s ]
INFO: [ app_begin ] --END-- [ RunTime:0.000294s ]

[ 2015-08-18T17:03:11+08:00 ] 127.0.0.1 /index.php?m=Store&c=WechatApi&a=index&var=value
INFO: [ app_init ] --START--
INFO: Run Behavior\BuildLiteBehavior [ RunTime:0.000018s ]
INFO: [ app_init ] --END-- [ RunTime:0.000258s ]
INFO: [ app_begin ] --START--
INFO: Run Behavior\ReadHtmlCacheBehavior [ RunTime:0.000254s ]
INFO: [ app_begin ] --END-- [ RunTime:0.000319s ]

[ 2015-08-18T17:03:36+08:00 ] 127.0.0.1 /index.php?m=Store&c=WechatApi&a=index&var=value
INFO: [ app_init ] --START--
INFO: Run Behavior\BuildLiteBehavior [ RunTime:0.000014s ]
INFO: [ app_init ] --END-- [ RunTime:0.000217s ]
INFO: [ app_begin ] --START--
INFO: Run Behavior\ReadHtmlCacheBehavior [ RunTime:0.000239s ]
INFO: [ app_begin ] --END-- [ RunTime:0.000299s ]

[ 2015-08-18T17:04:18+08:00 ] 127.0.0.1 /index.php?m=Store&c=WechatApi&a=index&var=value
INFO: [ app_init ] --START--
INFO: Run Behavior\BuildLiteBehavior [ RunTime:0.000017s ]
INFO: [ app_init ] --END-- [ RunTime:0.000255s ]
INFO: [ app_begin ] --START--
INFO: Run Behavior\ReadHtmlCacheBehavior [ RunTime:0.000252s ]
INFO: [ app_begin ] --END-- [ RunTime:0.000315s ]
SQL: SHOW COLUMNS FROM `ball_wechat_config` [ RunTime:0.0018s ]
SQL: SELECT * FROM `ball_wechat_config` WHERE `identity_code` = '7bdaebbced1198f1a3eb4ef79f89f915' LIMIT 1   [ RunTime:0.0002s ]
SQL: SHOW COLUMNS FROM `ball_wechat_event` [ RunTime:0.0010s ]
SQL: INSERT INTO `ball_wechat_event` (`create_time`,`flag`,`open_id`,`scene_id`,`package`) VALUES ('20150818170418','1','ok_Tas7S8rDGbcYce8u97I6g7HK8',NULL,'<xml><ToUserName><![CDATA[gh_1c5c24188085]]></ToUserName>
<FromUserName><![CDATA[ok_Tas7S8rDGbcYce8u97I6g7HK8]]></FromUserName>
<CreateTime>1439887264</CreateTime>
<MsgType><![CDATA[event]]></MsgType>
<Event><![CDATA[subscribe]]></Event>
<EventKey><![CDATA[]]></EventKey>
</xml>') [ RunTime:0.0004s ]
SQL: SHOW COLUMNS FROM `ball_wechat_user` [ RunTime:0.0010s ]
SQL: SELECT * FROM `ball_wechat_user` WHERE `open_id` = 'ok_Tas7S8rDGbcYce8u97I6g7HK8' LIMIT 1   [ RunTime:0.0002s ]
SQL: UPDATE `ball_wechat_user` SET `last_time`='20150818170418',`source`='0' WHERE `id`=1 [ RunTime:0.0003s ]
ERR: SQLSTATE[42S02]: Base table or view not found: 1146 Table 'wantwinball.ball_wechat_message' doesn't exist

[ 2015-08-18T17:41:02+08:00 ] 127.0.0.1 /index.php?m=Store&c=WechatApi&a=index&var=value
INFO: [ app_init ] --START--
INFO: Run Behavior\BuildLiteBehavior [ RunTime:0.000028s ]
INFO: [ app_init ] --END-- [ RunTime:0.000874s ]
INFO: [ app_begin ] --START--
INFO: Run Behavior\ReadHtmlCacheBehavior [ RunTime:0.000868s ]
INFO: [ app_begin ] --END-- [ RunTime:0.000992s ]

