[ 2015-09-18T00:04:23+08:00 ] 127.0.0.1 /index.php?m=Store&c=GoodsBrand&a=goodsClassList
INFO: [ app_init ] --START--
INFO: Run Behavior\BuildLiteBehavior [ RunTime:0.000016s ]
INFO: [ app_init ] --END-- [ RunTime:0.000580s ]
INFO: [ app_begin ] --START--
INFO: Run Behavior\ReadHtmlCacheBehavior [ RunTime:0.000648s ]
INFO: [ app_begin ] --END-- [ RunTime:0.000719s ]
NOTIC: [2] include(Store\Service\GoodsService.class.php): failed to open stream: No such file or directory /Users/badasslittlepig/www/wechatTeam/ThinkPHP/Common/functions.php 第 587 行.
NOTIC: [2] include(): Failed opening 'Store\Service\GoodsService.class.php' for inclusion (include_path='.:/usr/local/php5/lib/php') /Users/badasslittlepig/www/wechatTeam/ThinkPHP/Common/functions.php 第 587 行.
NOTIC: [2] Missing argument 1 for Store\Service\GoodsService::getGoodsClass(), called in /Users/badasslittlepig/www/wechatTeam/App/Store/Controller/GoodsBrandController.class.php on line 16 and defined /Users/badasslittlepig/www/wechatTeam/App/Store/Service/GoodsService.class.php 第 12 行.
NOTIC: [8] Undefined variable: type /Users/badasslittlepig/www/wechatTeam/App/Store/Service/GoodsService.class.php 第 13 行.
SQL: SHOW COLUMNS FROM `shop_class` [ RunTime:0.0167s ]
SQL: SELECT * FROM `shop_class` WHERE `shop_code` = '2139b23d014f8f03990c4f132d82457c'  [ RunTime:0.0157s ]
INFO: [ view_parse ] --START--
INFO: [ template_filter ] --START--
INFO: Run Behavior\ContentReplaceBehavior [ RunTime:0.000053s ]
INFO: [ template_filter ] --END-- [ RunTime:0.000149s ]
INFO: Run Behavior\ParseTemplateBehavior [ RunTime:0.010884s ]
INFO: [ view_parse ] --END-- [ RunTime:0.010975s ]
INFO: [ view_filter ] --START--
INFO: Run Behavior\WriteHtmlCacheBehavior [ RunTime:0.000598s ]
INFO: [ view_filter ] --END-- [ RunTime:0.000682s ]
INFO: [ app_end ] --START--
INFO: Run Behavior\ShowPageTraceBehavior [ RunTime:0.000894s ]
INFO: [ app_end ] --END-- [ RunTime:0.000982s ]

[ 2015-09-18T00:09:49+08:00 ] 127.0.0.1 /index.php?m=Store&c=GoodsBrand&a=goodsClassList
INFO: [ app_init ] --START--
INFO: Run Behavior\BuildLiteBehavior [ RunTime:0.000020s ]
INFO: [ app_init ] --END-- [ RunTime:0.000686s ]
INFO: [ app_begin ] --START--
INFO: Run Behavior\ReadHtmlCacheBehavior [ RunTime:0.000661s ]
INFO: [ app_begin ] --END-- [ RunTime:0.000741s ]
NOTIC: [2] include(Store\Service\GoodsService.class.php): failed to open stream: No such file or directory /Users/badasslittlepig/www/wechatTeam/ThinkPHP/Common/functions.php 第 587 行.
NOTIC: [2] include(): Failed opening 'Store\Service\GoodsService.class.php' for inclusion (include_path='.:/usr/local/php5/lib/php') /Users/badasslittlepig/www/wechatTeam/ThinkPHP/Common/functions.php 第 587 行.
NOTIC: [2] Missing argument 1 for Store\Service\GoodsService::getGoodsClass(), called in /Users/badasslittlepig/www/wechatTeam/App/Store/Controller/GoodsBrandController.class.php on line 16 and defined /Users/badasslittlepig/www/wechatTeam/App/Store/Service/GoodsService.class.php 第 12 行.
NOTIC: [8] Undefined variable: type /Users/badasslittlepig/www/wechatTeam/App/Store/Service/GoodsService.class.php 第 14 行.
SQL: SHOW COLUMNS FROM `shop_class` [ RunTime:0.0168s ]
SQL: SELECT * FROM `shop_class` WHERE `shop_code` = '2139b23d014f8f03990c4f132d82457c'  [ RunTime:0.0175s ]
INFO: [ view_parse ] --START--
INFO: [ template_filter ] --START--
INFO: Run Behavior\ContentReplaceBehavior [ RunTime:0.000062s ]
INFO: [ template_filter ] --END-- [ RunTime:0.000163s ]
INFO: Run Behavior\ParseTemplateBehavior [ RunTime:0.009428s ]
INFO: [ view_parse ] --END-- [ RunTime:0.009526s ]
INFO: [ view_filter ] --START--
INFO: Run Behavior\WriteHtmlCacheBehavior [ RunTime:0.000554s ]
INFO: [ view_filter ] --END-- [ RunTime:0.000699s ]
INFO: [ app_end ] --START--
INFO: Run Behavior\ShowPageTraceBehavior [ RunTime:0.000873s ]
INFO: [ app_end ] --END-- [ RunTime:0.001022s ]

[ 2015-09-18T00:13:10+08:00 ] 127.0.0.1 /index.php?m=Store&c=GoodsBrand&a=goodsClassList
INFO: [ app_init ] --START--
INFO: Run Behavior\BuildLiteBehavior [ RunTime:0.000017s ]
INFO: [ app_init ] --END-- [ RunTime:0.000581s ]
INFO: [ app_begin ] --START--
INFO: Run Behavior\ReadHtmlCacheBehavior [ RunTime:0.000640s ]
INFO: [ app_begin ] --END-- [ RunTime:0.000732s ]
NOTIC: [2] include(Store\Service\GoodsService.class.php): failed to open stream: No such file or directory /Users/badasslittlepig/www/wechatTeam/ThinkPHP/Common/functions.php 第 587 行.
NOTIC: [2] include(): Failed opening 'Store\Service\GoodsService.class.php' for inclusion (include_path='.:/usr/local/php5/lib/php') /Users/badasslittlepig/www/wechatTeam/ThinkPHP/Common/functions.php 第 587 行.
NOTIC: [2] Missing argument 1 for Store\Service\GoodsService::getGoodsClass(), called in /Users/badasslittlepig/www/wechatTeam/App/Store/Controller/GoodsBrandController.class.php on line 16 and defined /Users/badasslittlepig/www/wechatTeam/App/Store/Service/GoodsService.class.php 第 12 行.
NOTIC: [8] Undefined variable: type /Users/badasslittlepig/www/wechatTeam/App/Store/Service/GoodsService.class.php 第 14 行.
SQL: SHOW COLUMNS FROM `shop_class` [ RunTime:0.0169s ]
SQL: SELECT * FROM `shop_class` WHERE `shop_code` = '2139b23d014f8f03990c4f132d82457c'  [ RunTime:0.0155s ]
SQL: SHOW COLUMNS FROM `shop_goods` [ RunTime:0.0164s ]
SQL: SELECT COUNT(*) AS tp_count FROM `shop_goods` WHERE `shop_code` = '2139b23d014f8f03990c4f132d82457c' AND `class_id` = 1 LIMIT 1   [ RunTime:0.0153s ]
SQL: SELECT COUNT(*) AS tp_count FROM `shop_goods` WHERE `shop_code` = '2139b23d014f8f03990c4f132d82457c' AND `class_id` = 22 LIMIT 1   [ RunTime:0.0156s ]
SQL: SELECT COUNT(*) AS tp_count FROM `shop_goods` WHERE `shop_code` = '2139b23d014f8f03990c4f132d82457c' AND `class_id` = 23 LIMIT 1   [ RunTime:0.0160s ]
INFO: [ view_parse ] --START--
INFO: [ template_filter ] --START--
INFO: Run Behavior\ContentReplaceBehavior [ RunTime:0.000085s ]
INFO: [ template_filter ] --END-- [ RunTime:0.000167s ]
INFO: Run Behavior\ParseTemplateBehavior [ RunTime:0.007797s ]
INFO: [ view_parse ] --END-- [ RunTime:0.007883s ]
INFO: [ view_filter ] --START--
INFO: Run Behavior\WriteHtmlCacheBehavior [ RunTime:0.000479s ]
INFO: [ view_filter ] --END-- [ RunTime:0.000554s ]
INFO: [ app_end ] --START--
INFO: Run Behavior\ShowPageTraceBehavior [ RunTime:0.000569s ]
INFO: [ app_end ] --END-- [ RunTime:0.000636s ]

[ 2015-09-18T00:15:29+08:00 ] 127.0.0.1 /index.php?m=Store&c=GoodsBrand&a=goodsClassList
INFO: [ app_init ] --START--
INFO: Run Behavior\BuildLiteBehavior [ RunTime:0.000015s ]
INFO: [ app_init ] --END-- [ RunTime:0.000229s ]
INFO: [ app_begin ] --START--
INFO: Run Behavior\ReadHtmlCacheBehavior [ RunTime:0.000242s ]
INFO: [ app_begin ] --END-- [ RunTime:0.000304s ]
NOTIC: [2] include(Store\Service\GoodsService.class.php): failed to open stream: No such file or directory /Users/badasslittlepig/www/wechatTeam/ThinkPHP/Common/functions.php 第 587 行.
NOTIC: [2] include(): Failed opening 'Store\Service\GoodsService.class.php' for inclusion (include_path='.:/usr/local/php5/lib/php') /Users/badasslittlepig/www/wechatTeam/ThinkPHP/Common/functions.php 第 587 行.
NOTIC: [2] Missing argument 1 for Store\Service\GoodsService::getGoodsClass(), called in /Users/badasslittlepig/www/wechatTeam/App/Store/Controller/GoodsBrandController.class.php on line 16 and defined /Users/badasslittlepig/www/wechatTeam/App/Store/Service/GoodsService.class.php 第 12 行.
NOTIC: [8] Undefined variable: type /Users/badasslittlepig/www/wechatTeam/App/Store/Service/GoodsService.class.php 第 14 行.
SQL: SHOW COLUMNS FROM `shop_class` [ RunTime:0.0170s ]
SQL: SELECT * FROM `shop_class` WHERE `shop_code` = '2139b23d014f8f03990c4f132d82457c'  [ RunTime:0.0170s ]
SQL: SHOW COLUMNS FROM `shop_goods` [ RunTime:0.0183s ]
SQL: SELECT COUNT(*) AS tp_count FROM `shop_goods` WHERE `shop_code` = '2139b23d014f8f03990c4f132d82457c' AND `class_id` = 1 LIMIT 1   [ RunTime:0.0163s ]
SQL: SELECT COUNT(*) AS tp_count FROM `shop_goods` WHERE `shop_code` = '2139b23d014f8f03990c4f132d82457c' AND `class_id` = 22 LIMIT 1   [ RunTime:0.0160s ]
SQL: SELECT COUNT(*) AS tp_count FROM `shop_goods` WHERE `shop_code` = '2139b23d014f8f03990c4f132d82457c' AND `class_id` = 23 LIMIT 1   [ RunTime:0.0179s ]
INFO: [ view_parse ] --START--
INFO: [ template_filter ] --START--
INFO: Run Behavior\ContentReplaceBehavior [ RunTime:0.000049s ]
INFO: [ template_filter ] --END-- [ RunTime:0.000136s ]
INFO: Run Behavior\ParseTemplateBehavior [ RunTime:0.008119s ]
INFO: [ view_parse ] --END-- [ RunTime:0.008226s ]
INFO: [ view_filter ] --START--
INFO: Run Behavior\WriteHtmlCacheBehavior [ RunTime:0.000148s ]
INFO: [ view_filter ] --END-- [ RunTime:0.000223s ]
INFO: [ app_end ] --START--
INFO: Run Behavior\ShowPageTraceBehavior [ RunTime:0.000343s ]
INFO: [ app_end ] --END-- [ RunTime:0.000419s ]

[ 2015-09-18T00:15:48+08:00 ] 127.0.0.1 /index.php?m=Store&c=GoodsBrand&a=goodsClassList
INFO: [ app_init ] --START--
INFO: Run Behavior\BuildLiteBehavior [ RunTime:0.000014s ]
INFO: [ app_init ] --END-- [ RunTime:0.000217s ]
INFO: [ app_begin ] --START--
INFO: Run Behavior\ReadHtmlCacheBehavior [ RunTime:0.000235s ]
INFO: [ app_begin ] --END-- [ RunTime:0.000298s ]
NOTIC: [2] include(Store\Service\GoodsService.class.php): failed to open stream: No such file or directory /Users/badasslittlepig/www/wechatTeam/ThinkPHP/Common/functions.php 第 587 行.
NOTIC: [2] include(): Failed opening 'Store\Service\GoodsService.class.php' for inclusion (include_path='.:/usr/local/php5/lib/php') /Users/badasslittlepig/www/wechatTeam/ThinkPHP/Common/functions.php 第 587 行.
NOTIC: [2] Missing argument 1 for Store\Service\GoodsService::getGoodsClass(), called in /Users/badasslittlepig/www/wechatTeam/App/Store/Controller/GoodsBrandController.class.php on line 16 and defined /Users/badasslittlepig/www/wechatTeam/App/Store/Service/GoodsService.class.php 第 12 行.
NOTIC: [8] Undefined variable: type /Users/badasslittlepig/www/wechatTeam/App/Store/Service/GoodsService.class.php 第 14 行.
SQL: SHOW COLUMNS FROM `shop_class` [ RunTime:0.0166s ]
SQL: SELECT * FROM `shop_class` WHERE `shop_code` = '2139b23d014f8f03990c4f132d82457c'  [ RunTime:0.0178s ]
SQL: SHOW COLUMNS FROM `shop_goods` [ RunTime:0.0162s ]
SQL: SELECT COUNT(*) AS tp_count FROM `shop_goods` WHERE `shop_code` = '2139b23d014f8f03990c4f132d82457c' AND `class_id` = 1 LIMIT 1   [ RunTime:0.0167s ]
SQL: SELECT COUNT(*) AS tp_count FROM `shop_goods` WHERE `shop_code` = '2139b23d014f8f03990c4f132d82457c' AND `class_id` = 22 LIMIT 1   [ RunTime:0.0156s ]
SQL: SELECT COUNT(*) AS tp_count FROM `shop_goods` WHERE `shop_code` = '2139b23d014f8f03990c4f132d82457c' AND `class_id` = 23 LIMIT 1   [ RunTime:0.0161s ]
INFO: [ view_parse ] --START--
INFO: [ template_filter ] --START--
INFO: Run Behavior\ContentReplaceBehavior [ RunTime:0.000053s ]
INFO: [ template_filter ] --END-- [ RunTime:0.000147s ]
INFO: Run Behavior\ParseTemplateBehavior [ RunTime:0.009072s ]
INFO: [ view_parse ] --END-- [ RunTime:0.009179s ]
INFO: [ view_filter ] --START--
INFO: Run Behavior\WriteHtmlCacheBehavior [ RunTime:0.000136s ]
INFO: [ view_filter ] --END-- [ RunTime:0.000201s ]
INFO: [ app_end ] --START--
INFO: Run Behavior\ShowPageTraceBehavior [ RunTime:0.000310s ]
INFO: [ app_end ] --END-- [ RunTime:0.000380s ]

[ 2015-09-18T00:18:56+08:00 ] 127.0.0.1 /index.php?m=Store&c=GoodsBrand&a=goodsClassList
INFO: [ app_init ] --START--
INFO: Run Behavior\BuildLiteBehavior [ RunTime:0.000017s ]
INFO: [ app_init ] --END-- [ RunTime:0.000767s ]
INFO: [ app_begin ] --START--
INFO: Run Behavior\ReadHtmlCacheBehavior [ RunTime:0.000658s ]
INFO: [ app_begin ] --END-- [ RunTime:0.000746s ]
NOTIC: [2] include(Store\Service\GoodsService.class.php): failed to open stream: No such file or directory /Users/badasslittlepig/www/wechatTeam/ThinkPHP/Common/functions.php 第 587 行.
NOTIC: [2] include(): Failed opening 'Store\Service\GoodsService.class.php' for inclusion (include_path='.:/usr/local/php5/lib/php') /Users/badasslittlepig/www/wechatTeam/ThinkPHP/Common/functions.php 第 587 行.
NOTIC: [2] Missing argument 1 for Store\Service\GoodsService::getGoodsClass(), called in /Users/badasslittlepig/www/wechatTeam/App/Store/Controller/GoodsBrandController.class.php on line 16 and defined /Users/badasslittlepig/www/wechatTeam/App/Store/Service/GoodsService.class.php 第 12 行.
NOTIC: [8] Undefined variable: type /Users/badasslittlepig/www/wechatTeam/App/Store/Service/GoodsService.class.php 第 14 行.
SQL: SHOW COLUMNS FROM `shop_class` [ RunTime:0.0166s ]
SQL: SELECT * FROM `shop_class` WHERE `shop_code` = '2139b23d014f8f03990c4f132d82457c'  [ RunTime:0.0172s ]
SQL: SHOW COLUMNS FROM `shop_goods` [ RunTime:0.0160s ]
SQL: SELECT COUNT(*) AS tp_count FROM `shop_goods` WHERE `shop_code` = '2139b23d014f8f03990c4f132d82457c' AND `class_id` = 1 LIMIT 1   [ RunTime:0.0172s ]
SQL: SELECT COUNT(*) AS tp_count FROM `shop_goods` WHERE `shop_code` = '2139b23d014f8f03990c4f132d82457c' AND `class_id` = 22 LIMIT 1   [ RunTime:0.0161s ]
SQL: SELECT COUNT(*) AS tp_count FROM `shop_goods` WHERE `shop_code` = '2139b23d014f8f03990c4f132d82457c' AND `class_id` = 23 LIMIT 1   [ RunTime:0.0158s ]
INFO: [ view_parse ] --START--
INFO: [ template_filter ] --START--
INFO: Run Behavior\ContentReplaceBehavior [ RunTime:0.000050s ]
INFO: [ template_filter ] --END-- [ RunTime:0.000137s ]
INFO: Run Behavior\ParseTemplateBehavior [ RunTime:0.010439s ]
INFO: [ view_parse ] --END-- [ RunTime:0.010529s ]
INFO: [ view_filter ] --START--
INFO: Run Behavior\WriteHtmlCacheBehavior [ RunTime:0.000547s ]
INFO: [ view_filter ] --END-- [ RunTime:0.000622s ]
INFO: [ app_end ] --START--
INFO: Run Behavior\ShowPageTraceBehavior [ RunTime:0.000697s ]
INFO: [ app_end ] --END-- [ RunTime:0.000770s ]

[ 2015-09-18T00:20:03+08:00 ] 127.0.0.1 /index.php?m=Store&c=GoodsBrand&a=goodsClassList
INFO: [ app_init ] --START--
INFO: Run Behavior\BuildLiteBehavior [ RunTime:0.000015s ]
INFO: [ app_init ] --END-- [ RunTime:0.000246s ]
INFO: [ app_begin ] --START--
INFO: Run Behavior\ReadHtmlCacheBehavior [ RunTime:0.000236s ]
INFO: [ app_begin ] --END-- [ RunTime:0.000297s ]
NOTIC: [2] include(Store\Service\GoodsService.class.php): failed to open stream: No such file or directory /Users/badasslittlepig/www/wechatTeam/ThinkPHP/Common/functions.php 第 587 行.
NOTIC: [2] include(): Failed opening 'Store\Service\GoodsService.class.php' for inclusion (include_path='.:/usr/local/php5/lib/php') /Users/badasslittlepig/www/wechatTeam/ThinkPHP/Common/functions.php 第 587 行.
NOTIC: [2] Missing argument 1 for Store\Service\GoodsService::getGoodsClass(), called in /Users/badasslittlepig/www/wechatTeam/App/Store/Controller/GoodsBrandController.class.php on line 16 and defined /Users/badasslittlepig/www/wechatTeam/App/Store/Service/GoodsService.class.php 第 12 行.
NOTIC: [8] Undefined variable: type /Users/badasslittlepig/www/wechatTeam/App/Store/Service/GoodsService.class.php 第 14 行.
SQL: SHOW COLUMNS FROM `shop_class` [ RunTime:0.0170s ]
SQL: SELECT * FROM `shop_class` WHERE `shop_code` = '2139b23d014f8f03990c4f132d82457c'  [ RunTime:0.0174s ]
SQL: SHOW COLUMNS FROM `shop_goods` [ RunTime:0.0160s ]
SQL: SELECT COUNT(*) AS tp_count FROM `shop_goods` WHERE `shop_code` = '2139b23d014f8f03990c4f132d82457c' AND `class_id` = 1 LIMIT 1   [ RunTime:0.0155s ]
SQL: SELECT COUNT(*) AS tp_count FROM `shop_goods` WHERE `shop_code` = '2139b23d014f8f03990c4f132d82457c' AND `class_id` = 22 LIMIT 1   [ RunTime:0.0158s ]
SQL: SELECT COUNT(*) AS tp_count FROM `shop_goods` WHERE `shop_code` = '2139b23d014f8f03990c4f132d82457c' AND `class_id` = 23 LIMIT 1   [ RunTime:0.0156s ]
INFO: [ view_parse ] --START--
INFO: [ template_filter ] --START--
INFO: Run Behavior\ContentReplaceBehavior [ RunTime:0.000047s ]
INFO: [ template_filter ] --END-- [ RunTime:0.000128s ]
INFO: Run Behavior\ParseTemplateBehavior [ RunTime:0.006880s ]
INFO: [ view_parse ] --END-- [ RunTime:0.006959s ]
INFO: [ view_filter ] --START--
INFO: Run Behavior\WriteHtmlCacheBehavior [ RunTime:0.000110s ]
INFO: [ view_filter ] --END-- [ RunTime:0.000168s ]
INFO: [ app_end ] --START--
INFO: Run Behavior\ShowPageTraceBehavior [ RunTime:0.000280s ]
INFO: [ app_end ] --END-- [ RunTime:0.000338s ]

[ 2015-09-18T00:22:16+08:00 ] 127.0.0.1 /index.php?m=Store&c=GoodsBrand&a=goodsClassList
INFO: [ app_init ] --START--
INFO: Run Behavior\BuildLiteBehavior [ RunTime:0.000020s ]
INFO: [ app_init ] --END-- [ RunTime:0.000712s ]
INFO: [ app_begin ] --START--
INFO: Run Behavior\ReadHtmlCacheBehavior [ RunTime:0.000605s ]
INFO: [ app_begin ] --END-- [ RunTime:0.000673s ]
NOTIC: [2] include(Store\Service\GoodsService.class.php): failed to open stream: No such file or directory /Users/badasslittlepig/www/wechatTeam/ThinkPHP/Common/functions.php 第 587 行.
NOTIC: [2] include(): Failed opening 'Store\Service\GoodsService.class.php' for inclusion (include_path='.:/usr/local/php5/lib/php') /Users/badasslittlepig/www/wechatTeam/ThinkPHP/Common/functions.php 第 587 行.
NOTIC: [2] Missing argument 1 for Store\Service\GoodsService::getGoodsClass(), called in /Users/badasslittlepig/www/wechatTeam/App/Store/Controller/GoodsBrandController.class.php on line 16 and defined /Users/badasslittlepig/www/wechatTeam/App/Store/Service/GoodsService.class.php 第 12 行.
NOTIC: [8] Undefined variable: type /Users/badasslittlepig/www/wechatTeam/App/Store/Service/GoodsService.class.php 第 14 行.
SQL: SHOW COLUMNS FROM `shop_class` [ RunTime:0.0169s ]
SQL: SELECT * FROM `shop_class` WHERE `shop_code` = '2139b23d014f8f03990c4f132d82457c'  [ RunTime:0.0155s ]
SQL: SHOW COLUMNS FROM `shop_goods` [ RunTime:0.0166s ]
SQL: SELECT COUNT(*) AS tp_count FROM `shop_goods` WHERE `shop_code` = '2139b23d014f8f03990c4f132d82457c' AND `class_id` = 1 LIMIT 1   [ RunTime:0.0174s ]
SQL: SELECT COUNT(*) AS tp_count FROM `shop_goods` WHERE `shop_code` = '2139b23d014f8f03990c4f132d82457c' AND `class_id` = 22 LIMIT 1   [ RunTime:0.0166s ]
SQL: SELECT COUNT(*) AS tp_count FROM `shop_goods` WHERE `shop_code` = '2139b23d014f8f03990c4f132d82457c' AND `class_id` = 23 LIMIT 1   [ RunTime:0.0166s ]
INFO: [ view_parse ] --START--
INFO: [ template_filter ] --START--
INFO: Run Behavior\ContentReplaceBehavior [ RunTime:0.000045s ]
INFO: [ template_filter ] --END-- [ RunTime:0.000112s ]
NOTIC: [8] Use of undefined constant item - assumed 'item' /Users/badasslittlepig/www/wechatTeam/App/Runtime/Cache/Store/84aeb807fccf5cbc774f239c23a4aa7e.php 第 44 行.
NOTIC: [8] Use of undefined constant next - assumed 'next' /Users/badasslittlepig/www/wechatTeam/App/Runtime/Cache/Store/84aeb807fccf5cbc774f239c23a4aa7e.php 第 44 行.
NOTIC: [8] Use of undefined constant item - assumed 'item' /Users/badasslittlepig/www/wechatTeam/App/Runtime/Cache/Store/84aeb807fccf5cbc774f239c23a4aa7e.php 第 44 行.
NOTIC: [8] Use of undefined constant next - assumed 'next' /Users/badasslittlepig/www/wechatTeam/App/Runtime/Cache/Store/84aeb807fccf5cbc774f239c23a4aa7e.php 第 44 行.
NOTIC: [8] Undefined index: next /Users/badasslittlepig/www/wechatTeam/App/Runtime/Cache/Store/84aeb807fccf5cbc774f239c23a4aa7e.php 第 44 行.
INFO: Run Behavior\ParseTemplateBehavior [ RunTime:0.010558s ]
INFO: [ view_parse ] --END-- [ RunTime:0.010624s ]
INFO: [ view_filter ] --START--
INFO: Run Behavior\WriteHtmlCacheBehavior [ RunTime:0.000563s ]
INFO: [ view_filter ] --END-- [ RunTime:0.000655s ]
INFO: [ app_end ] --START--
INFO: Run Behavior\ShowPageTraceBehavior [ RunTime:0.000681s ]
INFO: [ app_end ] --END-- [ RunTime:0.000754s ]

[ 2015-09-18T00:22:38+08:00 ] 127.0.0.1 /index.php?m=Store&c=GoodsBrand&a=goodsClassList
INFO: [ app_init ] --START--
INFO: Run Behavior\BuildLiteBehavior [ RunTime:0.000017s ]
INFO: [ app_init ] --END-- [ RunTime:0.000431s ]
INFO: [ app_begin ] --START--
INFO: Run Behavior\ReadHtmlCacheBehavior [ RunTime:0.000554s ]
INFO: [ app_begin ] --END-- [ RunTime:0.000669s ]
NOTIC: [2] include(Store\Service\GoodsService.class.php): failed to open stream: No such file or directory /Users/badasslittlepig/www/wechatTeam/ThinkPHP/Common/functions.php 第 587 行.
NOTIC: [2] include(): Failed opening 'Store\Service\GoodsService.class.php' for inclusion (include_path='.:/usr/local/php5/lib/php') /Users/badasslittlepig/www/wechatTeam/ThinkPHP/Common/functions.php 第 587 行.
NOTIC: [2] Missing argument 1 for Store\Service\GoodsService::getGoodsClass(), called in /Users/badasslittlepig/www/wechatTeam/App/Store/Controller/GoodsBrandController.class.php on line 16 and defined /Users/badasslittlepig/www/wechatTeam/App/Store/Service/GoodsService.class.php 第 12 行.
NOTIC: [8] Undefined variable: type /Users/badasslittlepig/www/wechatTeam/App/Store/Service/GoodsService.class.php 第 14 行.
SQL: SHOW COLUMNS FROM `shop_class` [ RunTime:0.0167s ]
SQL: SELECT * FROM `shop_class` WHERE `shop_code` = '2139b23d014f8f03990c4f132d82457c'  [ RunTime:0.0178s ]
SQL: SHOW COLUMNS FROM `shop_goods` [ RunTime:0.0169s ]
SQL: SELECT COUNT(*) AS tp_count FROM `shop_goods` WHERE `shop_code` = '2139b23d014f8f03990c4f132d82457c' AND `class_id` = 1 LIMIT 1   [ RunTime:0.0164s ]
SQL: SELECT COUNT(*) AS tp_count FROM `shop_goods` WHERE `shop_code` = '2139b23d014f8f03990c4f132d82457c' AND `class_id` = 22 LIMIT 1   [ RunTime:0.0160s ]
SQL: SELECT COUNT(*) AS tp_count FROM `shop_goods` WHERE `shop_code` = '2139b23d014f8f03990c4f132d82457c' AND `class_id` = 23 LIMIT 1   [ RunTime:0.0176s ]
INFO: [ view_parse ] --START--
INFO: [ template_filter ] --START--
INFO: Run Behavior\ContentReplaceBehavior [ RunTime:0.000063s ]
INFO: [ template_filter ] --END-- [ RunTime:0.000159s ]
NOTIC: [8] Use of undefined constant item - assumed 'item' /Users/badasslittlepig/www/wechatTeam/App/Runtime/Cache/Store/84aeb807fccf5cbc774f239c23a4aa7e.php 第 44 行.
NOTIC: [8] Use of undefined constant next - assumed 'next' /Users/badasslittlepig/www/wechatTeam/App/Runtime/Cache/Store/84aeb807fccf5cbc774f239c23a4aa7e.php 第 44 行.
NOTIC: [8] Use of undefined constant item - assumed 'item' /Users/badasslittlepig/www/wechatTeam/App/Runtime/Cache/Store/84aeb807fccf5cbc774f239c23a4aa7e.php 第 44 行.
NOTIC: [8] Use of undefined constant next - assumed 'next' /Users/badasslittlepig/www/wechatTeam/App/Runtime/Cache/Store/84aeb807fccf5cbc774f239c23a4aa7e.php 第 44 行.
NOTIC: [8] Undefined index: next /Users/badasslittlepig/www/wechatTeam/App/Runtime/Cache/Store/84aeb807fccf5cbc774f239c23a4aa7e.php 第 44 行.
INFO: Run Behavior\ParseTemplateBehavior [ RunTime:0.011106s ]
INFO: [ view_parse ] --END-- [ RunTime:0.011187s ]
INFO: [ view_filter ] --START--
INFO: Run Behavior\WriteHtmlCacheBehavior [ RunTime:0.000146s ]
INFO: [ view_filter ] --END-- [ RunTime:0.000218s ]
INFO: [ app_end ] --START--
INFO: Run Behavior\ShowPageTraceBehavior [ RunTime:0.000337s ]
INFO: [ app_end ] --END-- [ RunTime:0.000419s ]

[ 2015-09-18T00:22:48+08:00 ] 127.0.0.1 /index.php?m=Store&c=GoodsBrand&a=goodsClassList
INFO: [ app_init ] --START--
INFO: Run Behavior\BuildLiteBehavior [ RunTime:0.000015s ]
INFO: [ app_init ] --END-- [ RunTime:0.000222s ]
INFO: [ app_begin ] --START--
INFO: Run Behavior\ReadHtmlCacheBehavior [ RunTime:0.000239s ]
INFO: [ app_begin ] --END-- [ RunTime:0.000301s ]
NOTIC: [2] include(Store\Service\GoodsService.class.php): failed to open stream: No such file or directory /Users/badasslittlepig/www/wechatTeam/ThinkPHP/Common/functions.php 第 587 行.
NOTIC: [2] include(): Failed opening 'Store\Service\GoodsService.class.php' for inclusion (include_path='.:/usr/local/php5/lib/php') /Users/badasslittlepig/www/wechatTeam/ThinkPHP/Common/functions.php 第 587 行.
NOTIC: [2] Missing argument 1 for Store\Service\GoodsService::getGoodsClass(), called in /Users/badasslittlepig/www/wechatTeam/App/Store/Controller/GoodsBrandController.class.php on line 16 and defined /Users/badasslittlepig/www/wechatTeam/App/Store/Service/GoodsService.class.php 第 12 行.
NOTIC: [8] Undefined variable: type /Users/badasslittlepig/www/wechatTeam/App/Store/Service/GoodsService.class.php 第 14 行.
SQL: SHOW COLUMNS FROM `shop_class` [ RunTime:0.0169s ]
SQL: SELECT * FROM `shop_class` WHERE `shop_code` = '2139b23d014f8f03990c4f132d82457c'  [ RunTime:0.0155s ]
SQL: SHOW COLUMNS FROM `shop_goods` [ RunTime:0.0158s ]
SQL: SELECT COUNT(*) AS tp_count FROM `shop_goods` WHERE `shop_code` = '2139b23d014f8f03990c4f132d82457c' AND `class_id` = 1 LIMIT 1   [ RunTime:0.0153s ]
SQL: SELECT COUNT(*) AS tp_count FROM `shop_goods` WHERE `shop_code` = '2139b23d014f8f03990c4f132d82457c' AND `class_id` = 22 LIMIT 1   [ RunTime:0.0154s ]
SQL: SELECT COUNT(*) AS tp_count FROM `shop_goods` WHERE `shop_code` = '2139b23d014f8f03990c4f132d82457c' AND `class_id` = 23 LIMIT 1   [ RunTime:0.0158s ]
INFO: [ view_parse ] --START--
INFO: [ template_filter ] --START--
INFO: Run Behavior\ContentReplaceBehavior [ RunTime:0.000058s ]
INFO: [ template_filter ] --END-- [ RunTime:0.000167s ]
NOTIC: [8] Use of undefined constant item - assumed 'item' /Users/badasslittlepig/www/wechatTeam/App/Runtime/Cache/Store/84aeb807fccf5cbc774f239c23a4aa7e.php 第 44 行.
NOTIC: [8] Use of undefined constant next - assumed 'next' /Users/badasslittlepig/www/wechatTeam/App/Runtime/Cache/Store/84aeb807fccf5cbc774f239c23a4aa7e.php 第 44 行.
NOTIC: [8] Use of undefined constant item - assumed 'item' /Users/badasslittlepig/www/wechatTeam/App/Runtime/Cache/Store/84aeb807fccf5cbc774f239c23a4aa7e.php 第 44 行.
NOTIC: [8] Use of undefined constant next - assumed 'next' /Users/badasslittlepig/www/wechatTeam/App/Runtime/Cache/Store/84aeb807fccf5cbc774f239c23a4aa7e.php 第 44 行.
NOTIC: [8] Undefined index: next /Users/badasslittlepig/www/wechatTeam/App/Runtime/Cache/Store/84aeb807fccf5cbc774f239c23a4aa7e.php 第 44 行.
INFO: Run Behavior\ParseTemplateBehavior [ RunTime:0.009180s ]
INFO: [ view_parse ] --END-- [ RunTime:0.009254s ]
INFO: [ view_filter ] --START--
INFO: Run Behavior\WriteHtmlCacheBehavior [ RunTime:0.000127s ]
INFO: [ view_filter ] --END-- [ RunTime:0.000192s ]
INFO: [ app_end ] --START--
INFO: Run Behavior\ShowPageTraceBehavior [ RunTime:0.000310s ]
INFO: [ app_end ] --END-- [ RunTime:0.000381s ]

