[ 2015-09-24T12:45:25+08:00 ] 127.0.0.1 /index.php?m=Store&c=GoodsBrand&a=addGoodsClass
INFO: [ app_init ] --START--
INFO: Run Behavior\BuildLiteBehavior [ RunTime:0.000039s ]
INFO: [ app_init ] --END-- [ RunTime:0.000685s ]
INFO: [ app_begin ] --START--
INFO: Run Behavior\ReadHtmlCacheBehavior [ RunTime:0.000734s ]
INFO: [ app_begin ] --END-- [ RunTime:0.000829s ]
NOTIC: [8] Undefined index: user /Users/badasslittlepig/www/wechatTeam/App/Store/Controller/BaseController.class.php 第 9 行.

[ 2015-09-24T12:45:25+08:00 ] 127.0.0.1 /index.php?m=Store&c=Index&a=login
INFO: [ app_init ] --START--
INFO: Run Behavior\BuildLiteBehavior [ RunTime:0.000016s ]
INFO: [ app_init ] --END-- [ RunTime:0.000232s ]
INFO: [ app_begin ] --START--
INFO: Run Behavior\ReadHtmlCacheBehavior [ RunTime:0.000244s ]
INFO: [ app_begin ] --END-- [ RunTime:0.000318s ]
INFO: [ view_parse ] --START--
NOTIC: [2] file_get_contents(./App/Store/View/public/footer.html): failed to open stream: No such file or directory /Users/badasslittlepig/www/wechatTeam/ThinkPHP/Library/Think/Template.class.php 第 696 行.
INFO: [ template_filter ] --START--
INFO: Run Behavior\ContentReplaceBehavior [ RunTime:0.000060s ]
INFO: [ template_filter ] --END-- [ RunTime:0.000153s ]
INFO: Run Behavior\ParseTemplateBehavior [ RunTime:0.009304s ]
INFO: [ view_parse ] --END-- [ RunTime:0.009384s ]
INFO: [ view_filter ] --START--
INFO: Run Behavior\WriteHtmlCacheBehavior [ RunTime:0.000414s ]
INFO: [ view_filter ] --END-- [ RunTime:0.000476s ]
INFO: [ app_end ] --START--
INFO: Run Behavior\ShowPageTraceBehavior [ RunTime:0.000652s ]
INFO: [ app_end ] --END-- [ RunTime:0.000726s ]

[ 2015-09-24T12:45:25+08:00 ] 127.0.0.1 /index.php?m=Store&c=Index&a=createVerify
INFO: [ app_init ] --START--
INFO: Run Behavior\BuildLiteBehavior [ RunTime:0.000016s ]
INFO: [ app_init ] --END-- [ RunTime:0.000224s ]
INFO: [ app_begin ] --START--
INFO: Run Behavior\ReadHtmlCacheBehavior [ RunTime:0.000335s ]
INFO: [ app_begin ] --END-- [ RunTime:0.000433s ]
INFO: [ app_end ] --START--
INFO: Run Behavior\ShowPageTraceBehavior [ RunTime:0.000330s ]
INFO: [ app_end ] --END-- [ RunTime:0.000414s ]

[ 2015-09-24T12:45:47+08:00 ] 127.0.0.1 /index.php?m=Store&c=Index&a=userLogin
INFO: [ app_init ] --START--
INFO: Run Behavior\BuildLiteBehavior [ RunTime:0.000068s ]
INFO: [ app_init ] --END-- [ RunTime:0.000807s ]
INFO: [ app_begin ] --START--
INFO: Run Behavior\ReadHtmlCacheBehavior [ RunTime:0.000387s ]
INFO: [ app_begin ] --END-- [ RunTime:0.000472s ]
NOTIC: [2] include(Store\Model\UserModel.class.php): failed to open stream: No such file or directory /Users/badasslittlepig/www/wechatTeam/ThinkPHP/Common/functions.php 第 587 行.
NOTIC: [2] include(): Failed opening 'Store\Model\UserModel.class.php' for inclusion (include_path='.:/usr/local/php5/lib/php') /Users/badasslittlepig/www/wechatTeam/ThinkPHP/Common/functions.php 第 587 行.
SQL: SHOW COLUMNS FROM `shop_user` [ RunTime:0.0353s ]
SQL: SELECT * FROM `shop_user` WHERE `user` = 'admin' LIMIT 1   [ RunTime:0.0102s ]
NOTIC: [2] include(Store\Service\CheckService.class.php): failed to open stream: No such file or directory /Users/badasslittlepig/www/wechatTeam/ThinkPHP/Common/functions.php 第 587 行.
NOTIC: [2] include(): Failed opening 'Store\Service\CheckService.class.php' for inclusion (include_path='.:/usr/local/php5/lib/php') /Users/badasslittlepig/www/wechatTeam/ThinkPHP/Common/functions.php 第 587 行.

[ 2015-09-24T12:45:49+08:00 ] 127.0.0.1 /index.php?m=Store&c=Index&a=userLogin
INFO: [ app_init ] --START--
INFO: Run Behavior\BuildLiteBehavior [ RunTime:0.000016s ]
INFO: [ app_init ] --END-- [ RunTime:0.000251s ]
INFO: [ app_begin ] --START--
INFO: Run Behavior\ReadHtmlCacheBehavior [ RunTime:0.000362s ]
INFO: [ app_begin ] --END-- [ RunTime:0.000453s ]

[ 2015-09-24T12:46:11+08:00 ] 127.0.0.1 /index.php?m=Store&c=Index&a=userLogin
INFO: [ app_init ] --START--
INFO: Run Behavior\BuildLiteBehavior [ RunTime:0.000054s ]
INFO: [ app_init ] --END-- [ RunTime:0.000553s ]
INFO: [ app_begin ] --START--
INFO: Run Behavior\ReadHtmlCacheBehavior [ RunTime:0.000529s ]
INFO: [ app_begin ] --END-- [ RunTime:0.000640s ]

[ 2015-09-24T12:46:20+08:00 ] 127.0.0.1 /index.php?m=Store&c=Index&a=createVerify
INFO: [ app_init ] --START--
INFO: Run Behavior\BuildLiteBehavior [ RunTime:0.000021s ]
INFO: [ app_init ] --END-- [ RunTime:0.000273s ]
INFO: [ app_begin ] --START--
INFO: Run Behavior\ReadHtmlCacheBehavior [ RunTime:0.000258s ]
INFO: [ app_begin ] --END-- [ RunTime:0.000327s ]
INFO: [ app_end ] --START--
INFO: Run Behavior\ShowPageTraceBehavior [ RunTime:0.000282s ]
INFO: [ app_end ] --END-- [ RunTime:0.000343s ]

[ 2015-09-24T12:46:27+08:00 ] 127.0.0.1 /index.php?m=Store&c=Index&a=userLogin
INFO: [ app_init ] --START--
INFO: Run Behavior\BuildLiteBehavior [ RunTime:0.000050s ]
INFO: [ app_init ] --END-- [ RunTime:0.000637s ]
INFO: [ app_begin ] --START--
INFO: Run Behavior\ReadHtmlCacheBehavior [ RunTime:0.000519s ]
INFO: [ app_begin ] --END-- [ RunTime:0.000625s ]
NOTIC: [2] include(Store\Model\UserModel.class.php): failed to open stream: No such file or directory /Users/badasslittlepig/www/wechatTeam/ThinkPHP/Common/functions.php 第 587 行.
NOTIC: [2] include(): Failed opening 'Store\Model\UserModel.class.php' for inclusion (include_path='.:/usr/local/php5/lib/php') /Users/badasslittlepig/www/wechatTeam/ThinkPHP/Common/functions.php 第 587 行.
SQL: SHOW COLUMNS FROM `shop_user` [ RunTime:0.0047s ]
SQL: SELECT * FROM `shop_user` WHERE `user` = 'admin' LIMIT 1   [ RunTime:0.0004s ]
NOTIC: [2] include(Store\Service\CheckService.class.php): failed to open stream: No such file or directory /Users/badasslittlepig/www/wechatTeam/ThinkPHP/Common/functions.php 第 587 行.
NOTIC: [2] include(): Failed opening 'Store\Service\CheckService.class.php' for inclusion (include_path='.:/usr/local/php5/lib/php') /Users/badasslittlepig/www/wechatTeam/ThinkPHP/Common/functions.php 第 587 行.

[ 2015-09-24T12:46:27+08:00 ] 127.0.0.1 /index.php?m=Store&c=Shop&a=index
INFO: [ app_init ] --START--
INFO: Run Behavior\BuildLiteBehavior [ RunTime:0.000016s ]
INFO: [ app_init ] --END-- [ RunTime:0.000218s ]
INFO: [ app_begin ] --START--
INFO: Run Behavior\ReadHtmlCacheBehavior [ RunTime:0.000244s ]
INFO: [ app_begin ] --END-- [ RunTime:0.000320s ]
SQL: SHOW COLUMNS FROM `shop_catalog` [ RunTime:0.0014s ]
SQL: SELECT * FROM `shop_catalog` ORDER BY parent_id ASC , `index` ASC  [ RunTime:0.0022s ]
SQL: SHOW COLUMNS FROM `shop_goods` [ RunTime:0.0038s ]
SQL: SELECT COUNT(*) AS tp_count FROM `shop_goods` WHERE `shop_code` = '2139b23d014f8f03990c4f132d82457c' LIMIT 1   [ RunTime:0.0016s ]
SQL: SELECT COUNT(*) AS tp_count FROM `shop_goods` WHERE `shop_code` = '2139b23d014f8f03990c4f132d82457c' AND `is_recommend` = '1' LIMIT 1   [ RunTime:0.0015s ]
SQL: SELECT COUNT(*) AS tp_count FROM `shop_goods` WHERE `shop_code` = '2139b23d014f8f03990c4f132d82457c' AND `status` = '1' LIMIT 1   [ RunTime:0.0002s ]
SQL: SHOW COLUMNS FROM `shop_order` [ RunTime:0.0020s ]
SQL: SELECT COUNT(*) AS tp_count FROM `shop_order` WHERE `shop_code` = '2139b23d014f8f03990c4f132d82457c' LIMIT 1   [ RunTime:0.0002s ]
SQL: SELECT COUNT(*) AS tp_count FROM `shop_order` WHERE `shop_code` = '2139b23d014f8f03990c4f132d82457c' AND `status` = '3' LIMIT 1   [ RunTime:0.0002s ]
INFO: [ view_parse ] --START--
INFO: [ template_filter ] --START--
INFO: Run Behavior\ContentReplaceBehavior [ RunTime:0.000047s ]
INFO: [ template_filter ] --END-- [ RunTime:0.000124s ]
NOTIC: [8] Undefined index: next /Users/badasslittlepig/www/wechatTeam/App/Runtime/Cache/Store/e5d04ec68df65310e8af3860a11f286c.php 第 90 行.
INFO: Run Behavior\ParseTemplateBehavior [ RunTime:0.014722s ]
INFO: [ view_parse ] --END-- [ RunTime:0.014791s ]
INFO: [ view_filter ] --START--
INFO: Run Behavior\WriteHtmlCacheBehavior [ RunTime:0.000110s ]
INFO: [ view_filter ] --END-- [ RunTime:0.000162s ]
INFO: [ app_end ] --START--
INFO: Run Behavior\ShowPageTraceBehavior [ RunTime:0.000369s ]
INFO: [ app_end ] --END-- [ RunTime:0.000460s ]

[ 2015-09-24T12:46:32+08:00 ] 127.0.0.1 /index.php?m=Store&c=Shop&a=index
INFO: [ app_init ] --START--
INFO: Run Behavior\BuildLiteBehavior [ RunTime:0.000032s ]
INFO: [ app_init ] --END-- [ RunTime:0.000351s ]
INFO: [ app_begin ] --START--
INFO: Run Behavior\ReadHtmlCacheBehavior [ RunTime:0.000342s ]
INFO: [ app_begin ] --END-- [ RunTime:0.000419s ]
SQL: SHOW COLUMNS FROM `shop_catalog` [ RunTime:0.0013s ]
SQL: SELECT * FROM `shop_catalog` ORDER BY parent_id ASC , `index` ASC  [ RunTime:0.0003s ]
SQL: SHOW COLUMNS FROM `shop_goods` [ RunTime:0.0012s ]
SQL: SELECT COUNT(*) AS tp_count FROM `shop_goods` WHERE `shop_code` = '2139b23d014f8f03990c4f132d82457c' LIMIT 1   [ RunTime:0.0003s ]
SQL: SELECT COUNT(*) AS tp_count FROM `shop_goods` WHERE `shop_code` = '2139b23d014f8f03990c4f132d82457c' AND `is_recommend` = '1' LIMIT 1   [ RunTime:0.0002s ]
SQL: SELECT COUNT(*) AS tp_count FROM `shop_goods` WHERE `shop_code` = '2139b23d014f8f03990c4f132d82457c' AND `status` = '1' LIMIT 1   [ RunTime:0.0002s ]
SQL: SHOW COLUMNS FROM `shop_order` [ RunTime:0.0012s ]
SQL: SELECT COUNT(*) AS tp_count FROM `shop_order` WHERE `shop_code` = '2139b23d014f8f03990c4f132d82457c' LIMIT 1   [ RunTime:0.0002s ]
SQL: SELECT COUNT(*) AS tp_count FROM `shop_order` WHERE `shop_code` = '2139b23d014f8f03990c4f132d82457c' AND `status` = '3' LIMIT 1   [ RunTime:0.0002s ]
INFO: [ view_parse ] --START--
INFO: [ template_filter ] --START--
INFO: Run Behavior\ContentReplaceBehavior [ RunTime:0.000053s ]
INFO: [ template_filter ] --END-- [ RunTime:0.000136s ]
NOTIC: [8] Undefined index: next /Users/badasslittlepig/www/wechatTeam/App/Runtime/Cache/Store/e5d04ec68df65310e8af3860a11f286c.php 第 90 行.
INFO: Run Behavior\ParseTemplateBehavior [ RunTime:0.012381s ]
INFO: [ view_parse ] --END-- [ RunTime:0.012490s ]
INFO: [ view_filter ] --START--
INFO: Run Behavior\WriteHtmlCacheBehavior [ RunTime:0.000219s ]
INFO: [ view_filter ] --END-- [ RunTime:0.000326s ]
INFO: [ app_end ] --START--
INFO: Run Behavior\ShowPageTraceBehavior [ RunTime:0.000372s ]
INFO: [ app_end ] --END-- [ RunTime:0.000460s ]

[ 2015-09-24T12:46:35+08:00 ] 127.0.0.1 /index.php?m=Store&c=Shop&a=viewCompanyConf
INFO: [ app_init ] --START--
INFO: Run Behavior\BuildLiteBehavior [ RunTime:0.000015s ]
INFO: [ app_init ] --END-- [ RunTime:0.000221s ]
INFO: [ app_begin ] --START--
INFO: Run Behavior\ReadHtmlCacheBehavior [ RunTime:0.000327s ]
INFO: [ app_begin ] --END-- [ RunTime:0.000401s ]
SQL: SHOW COLUMNS FROM `shop_catalog` [ RunTime:0.0017s ]
SQL: SELECT * FROM `shop_catalog` ORDER BY parent_id ASC , `index` ASC  [ RunTime:0.0003s ]
SQL: SHOW COLUMNS FROM `shop_company` [ RunTime:0.0018s ]
SQL: SELECT * FROM `shop_company` WHERE `user_id` = 1 LIMIT 1   [ RunTime:0.0015s ]
INFO: [ view_parse ] --START--
INFO: [ template_filter ] --START--
INFO: Run Behavior\ContentReplaceBehavior [ RunTime:0.000059s ]
INFO: [ template_filter ] --END-- [ RunTime:0.000132s ]
NOTIC: [8] Undefined index: next /Users/badasslittlepig/www/wechatTeam/App/Runtime/Cache/Store/4f214098fae60d350199227b147aef19.php 第 94 行.
INFO: Run Behavior\ParseTemplateBehavior [ RunTime:0.012711s ]
INFO: [ view_parse ] --END-- [ RunTime:0.012784s ]
INFO: [ view_filter ] --START--
INFO: Run Behavior\WriteHtmlCacheBehavior [ RunTime:0.000117s ]
INFO: [ view_filter ] --END-- [ RunTime:0.000176s ]
INFO: [ app_end ] --START--
INFO: Run Behavior\ShowPageTraceBehavior [ RunTime:0.000379s ]
INFO: [ app_end ] --END-- [ RunTime:0.000487s ]

[ 2015-09-24T12:46:54+08:00 ] 127.0.0.1 /index.php?m=Store&c=Shop&a=setCompanyConf
INFO: [ app_init ] --START--
INFO: Run Behavior\BuildLiteBehavior [ RunTime:0.000014s ]
INFO: [ app_init ] --END-- [ RunTime:0.000211s ]
INFO: [ app_begin ] --START--
INFO: Run Behavior\ReadHtmlCacheBehavior [ RunTime:0.000223s ]
INFO: [ app_begin ] --END-- [ RunTime:0.000283s ]
SQL: SHOW COLUMNS FROM `shop_catalog` [ RunTime:0.0012s ]
SQL: SELECT * FROM `shop_catalog` ORDER BY parent_id ASC , `index` ASC  [ RunTime:0.0003s ]
SQL: SHOW COLUMNS FROM `shop_company` [ RunTime:0.0010s ]
SQL: UPDATE `shop_company` SET `name`='玺润财商俱乐部学员系统',`address`='郑州金水区农业路中州大道苏荷中心2726',`service_phone`='18037172882',`service_qq`='18037172882',`kuaishang_service`='asahksha',`title`='asaahjshakhsha',`is_set_send_email`='2',`logo`='20150924/1443070014.jpeg' WHERE `id` = 1 AND `user_id` = 1 [ RunTime:0.0096s ]
INFO: [ view_parse ] --START--
INFO: [ template_filter ] --START--
INFO: Run Behavior\ContentReplaceBehavior [ RunTime:0.000050s ]
INFO: [ template_filter ] --END-- [ RunTime:0.000146s ]
INFO: Run Behavior\ParseTemplateBehavior [ RunTime:0.005647s ]
INFO: [ view_parse ] --END-- [ RunTime:0.005812s ]
INFO: [ view_filter ] --START--
INFO: Run Behavior\WriteHtmlCacheBehavior [ RunTime:0.000193s ]
INFO: [ view_filter ] --END-- [ RunTime:0.000279s ]
INFO: [ app_end ] --START--
INFO: Run Behavior\ShowPageTraceBehavior [ RunTime:0.000370s ]
INFO: [ app_end ] --END-- [ RunTime:0.000455s ]

[ 2015-09-24T12:46:55+08:00 ] 127.0.0.1 /index.php?m=Store&c=Shop&a=viewCompanyConf
INFO: [ app_init ] --START--
INFO: Run Behavior\BuildLiteBehavior [ RunTime:0.000018s ]
INFO: [ app_init ] --END-- [ RunTime:0.000253s ]
INFO: [ app_begin ] --START--
INFO: Run Behavior\ReadHtmlCacheBehavior [ RunTime:0.000282s ]
INFO: [ app_begin ] --END-- [ RunTime:0.000352s ]
SQL: SHOW COLUMNS FROM `shop_catalog` [ RunTime:0.0017s ]
SQL: SELECT * FROM `shop_catalog` ORDER BY parent_id ASC , `index` ASC  [ RunTime:0.0003s ]
SQL: SHOW COLUMNS FROM `shop_company` [ RunTime:0.0010s ]
SQL: SELECT * FROM `shop_company` WHERE `user_id` = 1 LIMIT 1   [ RunTime:0.0003s ]
INFO: [ view_parse ] --START--
INFO: [ template_filter ] --START--
INFO: Run Behavior\ContentReplaceBehavior [ RunTime:0.000058s ]
INFO: [ template_filter ] --END-- [ RunTime:0.000120s ]
NOTIC: [8] Undefined index: next /Users/badasslittlepig/www/wechatTeam/App/Runtime/Cache/Store/4f214098fae60d350199227b147aef19.php 第 94 行.
INFO: Run Behavior\ParseTemplateBehavior [ RunTime:0.011070s ]
INFO: [ view_parse ] --END-- [ RunTime:0.011128s ]
INFO: [ view_filter ] --START--
INFO: Run Behavior\WriteHtmlCacheBehavior [ RunTime:0.000106s ]
INFO: [ view_filter ] --END-- [ RunTime:0.000158s ]
INFO: [ app_end ] --START--
INFO: Run Behavior\ShowPageTraceBehavior [ RunTime:0.000388s ]
INFO: [ app_end ] --END-- [ RunTime:0.000468s ]

[ 2015-09-24T12:47:43+08:00 ] 127.0.0.1 /index.php?m=Store&c=GoodsBrand&a=goodsClassList
INFO: [ app_init ] --START--
INFO: Run Behavior\BuildLiteBehavior [ RunTime:0.000028s ]
INFO: [ app_init ] --END-- [ RunTime:0.000290s ]
INFO: [ app_begin ] --START--
INFO: Run Behavior\ReadHtmlCacheBehavior [ RunTime:0.000298s ]
INFO: [ app_begin ] --END-- [ RunTime:0.000361s ]
SQL: SHOW COLUMNS FROM `shop_catalog` [ RunTime:0.0015s ]
SQL: SELECT * FROM `shop_catalog` ORDER BY parent_id ASC , `index` ASC  [ RunTime:0.0003s ]
NOTIC: [2] include(Store\Service\GoodsService.class.php): failed to open stream: No such file or directory /Users/badasslittlepig/www/wechatTeam/ThinkPHP/Common/functions.php 第 587 行.
NOTIC: [2] include(): Failed opening 'Store\Service\GoodsService.class.php' for inclusion (include_path='.:/usr/local/php5/lib/php') /Users/badasslittlepig/www/wechatTeam/ThinkPHP/Common/functions.php 第 587 行.
NOTIC: [2] Missing argument 1 for Store\Service\GoodsService::getGoodsClass(), called in /Users/badasslittlepig/www/wechatTeam/App/Store/Controller/GoodsBrandController.class.php on line 16 and defined /Users/badasslittlepig/www/wechatTeam/App/Store/Service/GoodsService.class.php 第 12 行.
NOTIC: [8] Undefined variable: type /Users/badasslittlepig/www/wechatTeam/App/Store/Service/GoodsService.class.php 第 14 行.
SQL: SHOW COLUMNS FROM `shop_class` [ RunTime:0.0014s ]
SQL: SELECT * FROM `shop_class` WHERE `shop_code` = '2139b23d014f8f03990c4f132d82457c'  [ RunTime:0.0003s ]
SQL: SHOW COLUMNS FROM `shop_goods` [ RunTime:0.0011s ]
SQL: SELECT COUNT(*) AS tp_count FROM `shop_goods` WHERE `shop_code` = '2139b23d014f8f03990c4f132d82457c' AND `class_id` = 1 LIMIT 1   [ RunTime:0.0002s ]
SQL: SELECT COUNT(*) AS tp_count FROM `shop_goods` WHERE `shop_code` = '2139b23d014f8f03990c4f132d82457c' AND `class_id` = 22 LIMIT 1   [ RunTime:0.0002s ]
SQL: SELECT COUNT(*) AS tp_count FROM `shop_goods` WHERE `shop_code` = '2139b23d014f8f03990c4f132d82457c' AND `class_id` = 23 LIMIT 1   [ RunTime:0.0002s ]
INFO: [ view_parse ] --START--
INFO: [ template_filter ] --START--
INFO: Run Behavior\ContentReplaceBehavior [ RunTime:0.000084s ]
INFO: [ template_filter ] --END-- [ RunTime:0.000177s ]
NOTIC: [8] Undefined index: next /Users/badasslittlepig/www/wechatTeam/App/Runtime/Cache/Store/84aeb807fccf5cbc774f239c23a4aa7e.php 第 94 行.
NOTIC: [8] Undefined variable: title /Users/badasslittlepig/www/wechatTeam/App/Runtime/Cache/Store/84aeb807fccf5cbc774f239c23a4aa7e.php 第 129 行.
NOTIC: [8] Use of undefined constant item - assumed 'item' /Users/badasslittlepig/www/wechatTeam/App/Runtime/Cache/Store/84aeb807fccf5cbc774f239c23a4aa7e.php 第 172 行.
NOTIC: [8] Use of undefined constant next - assumed 'next' /Users/badasslittlepig/www/wechatTeam/App/Runtime/Cache/Store/84aeb807fccf5cbc774f239c23a4aa7e.php 第 172 行.
NOTIC: [8] Use of undefined constant item - assumed 'item' /Users/badasslittlepig/www/wechatTeam/App/Runtime/Cache/Store/84aeb807fccf5cbc774f239c23a4aa7e.php 第 172 行.
NOTIC: [8] Use of undefined constant next - assumed 'next' /Users/badasslittlepig/www/wechatTeam/App/Runtime/Cache/Store/84aeb807fccf5cbc774f239c23a4aa7e.php 第 172 行.
NOTIC: [8] Undefined index: next /Users/badasslittlepig/www/wechatTeam/App/Runtime/Cache/Store/84aeb807fccf5cbc774f239c23a4aa7e.php 第 172 行.
INFO: Run Behavior\ParseTemplateBehavior [ RunTime:0.015393s ]
INFO: [ view_parse ] --END-- [ RunTime:0.015465s ]
INFO: [ view_filter ] --START--
INFO: Run Behavior\WriteHtmlCacheBehavior [ RunTime:0.000110s ]
INFO: [ view_filter ] --END-- [ RunTime:0.000164s ]
INFO: [ app_end ] --START--
INFO: Run Behavior\ShowPageTraceBehavior [ RunTime:0.000361s ]
INFO: [ app_end ] --END-- [ RunTime:0.000432s ]

