[ 2015-09-30T10:34:05+08:00 ] 127.0.0.1 /index.php?m=Store&c=Banner&a=bannerViewAdd&id=2
INFO: [ app_init ] --START--
INFO: Run Behavior\BuildLiteBehavior [ RunTime:0.000055s ]
INFO: [ app_init ] --END-- [ RunTime:0.001942s ]
INFO: [ app_begin ] --START--
INFO: Run Behavior\ReadHtmlCacheBehavior [ RunTime:0.000916s ]
INFO: [ app_begin ] --END-- [ RunTime:0.001041s ]
SQL: SHOW COLUMNS FROM `shop_catalog` [ RunTime:0.0024s ]
SQL: SELECT * FROM `shop_catalog` ORDER BY parent_id ASC , `index` ASC  [ RunTime:0.0005s ]
INFO: [ view_parse ] --START--
INFO: [ template_filter ] --START--
INFO: Run Behavior\ContentReplaceBehavior [ RunTime:0.000073s ]
INFO: [ template_filter ] --END-- [ RunTime:0.000153s ]
NOTIC: [8] Undefined index: next /Users/badasslittlepig/www/wechatTeam/App/Runtime/Cache/Store/a9af5b3b45a40e4f7c283d204803ddf2.php 第 92 行.
NOTIC: [8] Undefined variable: title /Users/badasslittlepig/www/wechatTeam/App/Runtime/Cache/Store/a9af5b3b45a40e4f7c283d204803ddf2.php 第 127 行.
INFO: Run Behavior\ParseTemplateBehavior [ RunTime:0.033317s ]
INFO: [ view_parse ] --END-- [ RunTime:0.033481s ]
INFO: [ view_filter ] --START--
INFO: Run Behavior\WriteHtmlCacheBehavior [ RunTime:0.000423s ]
INFO: [ view_filter ] --END-- [ RunTime:0.000497s ]
INFO: [ app_end ] --START--
INFO: Run Behavior\ShowPageTraceBehavior [ RunTime:0.000643s ]
INFO: [ app_end ] --END-- [ RunTime:0.000725s ]

[ 2015-09-30T10:35:31+08:00 ] 127.0.0.1 /index.php?m=Store&c=Banner&a=bannerViewAdd&id=2
INFO: [ app_init ] --START--
INFO: Run Behavior\BuildLiteBehavior [ RunTime:0.000039s ]
INFO: [ app_init ] --END-- [ RunTime:0.000483s ]
INFO: [ app_begin ] --START--
INFO: Run Behavior\ReadHtmlCacheBehavior [ RunTime:0.000791s ]
INFO: [ app_begin ] --END-- [ RunTime:0.000934s ]
SQL: SHOW COLUMNS FROM `shop_catalog` [ RunTime:0.0017s ]
SQL: SELECT * FROM `shop_catalog` ORDER BY parent_id ASC , `index` ASC  [ RunTime:0.0003s ]
INFO: [ view_parse ] --START--
INFO: [ template_filter ] --START--
INFO: Run Behavior\ContentReplaceBehavior [ RunTime:0.000081s ]
INFO: [ template_filter ] --END-- [ RunTime:0.000188s ]
NOTIC: [8] Undefined index: next /Users/badasslittlepig/www/wechatTeam/App/Runtime/Cache/Store/a9af5b3b45a40e4f7c283d204803ddf2.php 第 92 行.
NOTIC: [8] Undefined variable: title /Users/badasslittlepig/www/wechatTeam/App/Runtime/Cache/Store/a9af5b3b45a40e4f7c283d204803ddf2.php 第 127 行.
INFO: Run Behavior\ParseTemplateBehavior [ RunTime:0.025740s ]
INFO: [ view_parse ] --END-- [ RunTime:0.025941s ]
INFO: [ view_filter ] --START--
INFO: Run Behavior\WriteHtmlCacheBehavior [ RunTime:0.000263s ]
INFO: [ view_filter ] --END-- [ RunTime:0.000379s ]
INFO: [ app_end ] --START--
INFO: Run Behavior\ShowPageTraceBehavior [ RunTime:0.000741s ]
INFO: [ app_end ] --END-- [ RunTime:0.000868s ]

[ 2015-09-30T10:36:18+08:00 ] 127.0.0.1 /index.php?m=Store&c=Banner&a=bannerViewAdd&id=2
INFO: [ app_init ] --START--
INFO: Run Behavior\BuildLiteBehavior [ RunTime:0.000029s ]
INFO: [ app_init ] --END-- [ RunTime:0.000413s ]
INFO: [ app_begin ] --START--
INFO: Run Behavior\ReadHtmlCacheBehavior [ RunTime:0.000365s ]
INFO: [ app_begin ] --END-- [ RunTime:0.000448s ]
SQL: SHOW COLUMNS FROM `shop_catalog` [ RunTime:0.0018s ]
SQL: SELECT * FROM `shop_catalog` ORDER BY parent_id ASC , `index` ASC  [ RunTime:0.0003s ]
INFO: [ view_parse ] --START--
INFO: [ template_filter ] --START--
INFO: Run Behavior\ContentReplaceBehavior [ RunTime:0.000067s ]
INFO: [ template_filter ] --END-- [ RunTime:0.000152s ]
NOTIC: [8] Undefined index: next /Users/badasslittlepig/www/wechatTeam/App/Runtime/Cache/Store/a9af5b3b45a40e4f7c283d204803ddf2.php 第 92 行.
NOTIC: [8] Undefined variable: title /Users/badasslittlepig/www/wechatTeam/App/Runtime/Cache/Store/a9af5b3b45a40e4f7c283d204803ddf2.php 第 127 行.
INFO: Run Behavior\ParseTemplateBehavior [ RunTime:0.017467s ]
INFO: [ view_parse ] --END-- [ RunTime:0.017624s ]
INFO: [ view_filter ] --START--
INFO: Run Behavior\WriteHtmlCacheBehavior [ RunTime:0.000260s ]
INFO: [ view_filter ] --END-- [ RunTime:0.000373s ]
INFO: [ app_end ] --START--
INFO: Run Behavior\ShowPageTraceBehavior [ RunTime:0.000675s ]
INFO: [ app_end ] --END-- [ RunTime:0.000796s ]

[ 2015-09-30T10:36:52+08:00 ] 127.0.0.1 /index.php?m=Store&c=Banner&a=bannerViewAdd&id=2
INFO: [ app_init ] --START--
INFO: Run Behavior\BuildLiteBehavior [ RunTime:0.000055s ]
INFO: [ app_init ] --END-- [ RunTime:0.000783s ]
INFO: [ app_begin ] --START--
INFO: Run Behavior\ReadHtmlCacheBehavior [ RunTime:0.000585s ]
INFO: [ app_begin ] --END-- [ RunTime:0.000739s ]
SQL: SHOW COLUMNS FROM `shop_catalog` [ RunTime:0.0015s ]
SQL: SELECT * FROM `shop_catalog` ORDER BY parent_id ASC , `index` ASC  [ RunTime:0.0003s ]
INFO: [ view_parse ] --START--
INFO: [ template_filter ] --START--
INFO: Run Behavior\ContentReplaceBehavior [ RunTime:0.000100s ]
INFO: [ template_filter ] --END-- [ RunTime:0.000174s ]
NOTIC: [8] Undefined index: next /Users/badasslittlepig/www/wechatTeam/App/Runtime/Cache/Store/a9af5b3b45a40e4f7c283d204803ddf2.php 第 92 行.
NOTIC: [8] Undefined variable: title /Users/badasslittlepig/www/wechatTeam/App/Runtime/Cache/Store/a9af5b3b45a40e4f7c283d204803ddf2.php 第 127 行.
INFO: Run Behavior\ParseTemplateBehavior [ RunTime:0.016807s ]
INFO: [ view_parse ] --END-- [ RunTime:0.016927s ]
INFO: [ view_filter ] --START--
INFO: Run Behavior\WriteHtmlCacheBehavior [ RunTime:0.000246s ]
INFO: [ view_filter ] --END-- [ RunTime:0.000358s ]
INFO: [ app_end ] --START--
INFO: Run Behavior\ShowPageTraceBehavior [ RunTime:0.000572s ]
INFO: [ app_end ] --END-- [ RunTime:0.000706s ]

[ 2015-09-30T10:37:02+08:00 ] 127.0.0.1 /index.php?m=Store&c=Banner&a=addBanner
INFO: [ app_init ] --START--
INFO: Run Behavior\BuildLiteBehavior [ RunTime:0.000030s ]
INFO: [ app_init ] --END-- [ RunTime:0.000377s ]
INFO: [ app_begin ] --START--
INFO: Run Behavior\ReadHtmlCacheBehavior [ RunTime:0.000363s ]
INFO: [ app_begin ] --END-- [ RunTime:0.000452s ]
SQL: SHOW COLUMNS FROM `shop_catalog` [ RunTime:0.0012s ]
SQL: SELECT * FROM `shop_catalog` ORDER BY parent_id ASC , `index` ASC  [ RunTime:0.0003s ]
NOTIC: [2] include(Store\Service\UpimgService.class.php): failed to open stream: No such file or directory /Users/badasslittlepig/www/wechatTeam/ThinkPHP/Common/functions.php 第 587 行.
NOTIC: [2] include(): Failed opening 'Store\Service\UpimgService.class.php' for inclusion (include_path='.:/usr/local/php5/lib/php') /Users/badasslittlepig/www/wechatTeam/ThinkPHP/Common/functions.php 第 587 行.
NOTIC: [8] Undefined index: banner /Users/badasslittlepig/www/wechatTeam/App/Store/Controller/BannerController.class.php 第 35 行.
INFO: [ view_parse ] --START--
INFO: [ template_filter ] --START--
INFO: Run Behavior\ContentReplaceBehavior [ RunTime:0.000064s ]
INFO: [ template_filter ] --END-- [ RunTime:0.000182s ]
INFO: Run Behavior\ParseTemplateBehavior [ RunTime:0.013188s ]
INFO: [ view_parse ] --END-- [ RunTime:0.013335s ]
INFO: [ view_filter ] --START--
INFO: Run Behavior\WriteHtmlCacheBehavior [ RunTime:0.000166s ]
INFO: [ view_filter ] --END-- [ RunTime:0.000252s ]

[ 2015-09-30T10:55:13+08:00 ] 127.0.0.1 /index.php?m=Store&c=Banner&a=addBanner
INFO: [ app_init ] --START--
INFO: Run Behavior\BuildLiteBehavior [ RunTime:0.000026s ]
INFO: [ app_init ] --END-- [ RunTime:0.000812s ]
INFO: [ app_begin ] --START--
INFO: Run Behavior\ReadHtmlCacheBehavior [ RunTime:0.000786s ]
INFO: [ app_begin ] --END-- [ RunTime:0.000884s ]
SQL: SHOW COLUMNS FROM `shop_catalog` [ RunTime:0.0011s ]
SQL: SELECT * FROM `shop_catalog` ORDER BY parent_id ASC , `index` ASC  [ RunTime:0.0003s ]
NOTIC: [2] include(Store\Service\UpimgService.class.php): failed to open stream: No such file or directory /Users/badasslittlepig/www/wechatTeam/ThinkPHP/Common/functions.php 第 587 行.
NOTIC: [2] include(): Failed opening 'Store\Service\UpimgService.class.php' for inclusion (include_path='.:/usr/local/php5/lib/php') /Users/badasslittlepig/www/wechatTeam/ThinkPHP/Common/functions.php 第 587 行.
NOTIC: [8] Undefined index: banner /Users/badasslittlepig/www/wechatTeam/App/Store/Controller/BannerController.class.php 第 35 行.

[ 2015-09-30T10:55:21+08:00 ] 127.0.0.1 /index.php?m=Store&c=Banner&a=addBanner
INFO: [ app_init ] --START--
INFO: Run Behavior\BuildLiteBehavior [ RunTime:0.000029s ]
INFO: [ app_init ] --END-- [ RunTime:0.000365s ]
INFO: [ app_begin ] --START--
INFO: Run Behavior\ReadHtmlCacheBehavior [ RunTime:0.000332s ]
INFO: [ app_begin ] --END-- [ RunTime:0.000415s ]
SQL: SHOW COLUMNS FROM `shop_catalog` [ RunTime:0.0013s ]
SQL: SELECT * FROM `shop_catalog` ORDER BY parent_id ASC , `index` ASC  [ RunTime:0.0004s ]
NOTIC: [2] include(Store\Service\UpimgService.class.php): failed to open stream: No such file or directory /Users/badasslittlepig/www/wechatTeam/ThinkPHP/Common/functions.php 第 587 行.
NOTIC: [2] include(): Failed opening 'Store\Service\UpimgService.class.php' for inclusion (include_path='.:/usr/local/php5/lib/php') /Users/badasslittlepig/www/wechatTeam/ThinkPHP/Common/functions.php 第 587 行.
NOTIC: [8] Undefined index: banner /Users/badasslittlepig/www/wechatTeam/App/Store/Controller/BannerController.class.php 第 35 行.

[ 2015-09-30T10:55:42+08:00 ] 127.0.0.1 /index.php?m=Store&c=Banner&a=addBanner
INFO: [ app_init ] --START--
INFO: Run Behavior\BuildLiteBehavior [ RunTime:0.000029s ]
INFO: [ app_init ] --END-- [ RunTime:0.000380s ]
INFO: [ app_begin ] --START--
INFO: Run Behavior\ReadHtmlCacheBehavior [ RunTime:0.000517s ]
INFO: [ app_begin ] --END-- [ RunTime:0.000652s ]
SQL: SHOW COLUMNS FROM `shop_catalog` [ RunTime:0.0016s ]
SQL: SELECT * FROM `shop_catalog` ORDER BY parent_id ASC , `index` ASC  [ RunTime:0.0003s ]
NOTIC: [2] include(Store\Service\UpimgService.class.php): failed to open stream: No such file or directory /Users/badasslittlepig/www/wechatTeam/ThinkPHP/Common/functions.php 第 587 行.
NOTIC: [2] include(): Failed opening 'Store\Service\UpimgService.class.php' for inclusion (include_path='.:/usr/local/php5/lib/php') /Users/badasslittlepig/www/wechatTeam/ThinkPHP/Common/functions.php 第 587 行.
NOTIC: [8] Undefined index: banner /Users/badasslittlepig/www/wechatTeam/App/Store/Controller/BannerController.class.php 第 36 行.

[ 2015-09-30T10:56:09+08:00 ] 127.0.0.1 /index.php?m=Store&c=Banner&a=addBanner
INFO: [ app_init ] --START--
INFO: Run Behavior\BuildLiteBehavior [ RunTime:0.000015s ]
INFO: [ app_init ] --END-- [ RunTime:0.000219s ]
INFO: [ app_begin ] --START--
INFO: Run Behavior\ReadHtmlCacheBehavior [ RunTime:0.000323s ]
INFO: [ app_begin ] --END-- [ RunTime:0.000412s ]
SQL: SHOW COLUMNS FROM `shop_catalog` [ RunTime:0.0011s ]
SQL: SELECT * FROM `shop_catalog` ORDER BY parent_id ASC , `index` ASC  [ RunTime:0.0003s ]
NOTIC: [2] include(Store\Service\UpimgService.class.php): failed to open stream: No such file or directory /Users/badasslittlepig/www/wechatTeam/ThinkPHP/Common/functions.php 第 587 行.
NOTIC: [2] include(): Failed opening 'Store\Service\UpimgService.class.php' for inclusion (include_path='.:/usr/local/php5/lib/php') /Users/badasslittlepig/www/wechatTeam/ThinkPHP/Common/functions.php 第 587 行.
SQL: SHOW COLUMNS FROM `shop_banner` [ RunTime:0.0013s ]
ERR: SQLSTATE[HY000]: General error: 1364 Field 'id' doesn't have a default value

[ 2015-09-30T10:56:28+08:00 ] 127.0.0.1 /index.php?m=Store&c=Banner&a=addBanner
INFO: [ app_init ] --START--
INFO: Run Behavior\BuildLiteBehavior [ RunTime:0.000017s ]
INFO: [ app_init ] --END-- [ RunTime:0.000251s ]
INFO: [ app_begin ] --START--
INFO: Run Behavior\ReadHtmlCacheBehavior [ RunTime:0.000261s ]
INFO: [ app_begin ] --END-- [ RunTime:0.000331s ]
SQL: SHOW COLUMNS FROM `shop_catalog` [ RunTime:0.0016s ]
SQL: SELECT * FROM `shop_catalog` ORDER BY parent_id ASC , `index` ASC  [ RunTime:0.0004s ]
NOTIC: [2] include(Store\Service\UpimgService.class.php): failed to open stream: No such file or directory /Users/badasslittlepig/www/wechatTeam/ThinkPHP/Common/functions.php 第 587 行.
NOTIC: [2] include(): Failed opening 'Store\Service\UpimgService.class.php' for inclusion (include_path='.:/usr/local/php5/lib/php') /Users/badasslittlepig/www/wechatTeam/ThinkPHP/Common/functions.php 第 587 行.
SQL: SHOW COLUMNS FROM `shop_banner` [ RunTime:0.0012s ]
SQL: INSERT INTO `shop_banner` (`banner_img`,`title`,`index`,`shop_code`,`status`,`add_time`) VALUES ('20150930/1443581788.jpeg','撒撒','121','2139b23d014f8f03990c4f132d82457c','1','20150930105628') [ RunTime:0.0017s ]
INFO: [ view_parse ] --START--
INFO: [ template_filter ] --START--
INFO: Run Behavior\ContentReplaceBehavior [ RunTime:0.000053s ]
INFO: [ template_filter ] --END-- [ RunTime:0.000160s ]
INFO: Run Behavior\ParseTemplateBehavior [ RunTime:0.033290s ]
INFO: [ view_parse ] --END-- [ RunTime:0.033390s ]
INFO: [ view_filter ] --START--
INFO: Run Behavior\WriteHtmlCacheBehavior [ RunTime:0.000584s ]
INFO: [ view_filter ] --END-- [ RunTime:0.000685s ]
INFO: [ app_end ] --START--
INFO: Run Behavior\ShowPageTraceBehavior [ RunTime:0.000882s ]
INFO: [ app_end ] --END-- [ RunTime:0.000981s ]

[ 2015-09-30T10:56:29+08:00 ] 127.0.0.1 /index.php?m=Store&c=Banner&a=bannerViewAdd&id=2
INFO: [ app_init ] --START--
INFO: Run Behavior\BuildLiteBehavior [ RunTime:0.000018s ]
INFO: [ app_init ] --END-- [ RunTime:0.000276s ]
INFO: [ app_begin ] --START--
INFO: Run Behavior\ReadHtmlCacheBehavior [ RunTime:0.000248s ]
INFO: [ app_begin ] --END-- [ RunTime:0.000313s ]
SQL: SHOW COLUMNS FROM `shop_catalog` [ RunTime:0.0021s ]
SQL: SELECT * FROM `shop_catalog` ORDER BY parent_id ASC , `index` ASC  [ RunTime:0.0003s ]
INFO: [ view_parse ] --START--
INFO: [ template_filter ] --START--
INFO: Run Behavior\ContentReplaceBehavior [ RunTime:0.000067s ]
INFO: [ template_filter ] --END-- [ RunTime:0.000163s ]
NOTIC: [8] Undefined index: next /Users/badasslittlepig/www/wechatTeam/App/Runtime/Cache/Store/a9af5b3b45a40e4f7c283d204803ddf2.php 第 92 行.
NOTIC: [8] Undefined variable: title /Users/badasslittlepig/www/wechatTeam/App/Runtime/Cache/Store/a9af5b3b45a40e4f7c283d204803ddf2.php 第 127 行.
INFO: Run Behavior\ParseTemplateBehavior [ RunTime:0.035673s ]
INFO: [ view_parse ] --END-- [ RunTime:0.035742s ]
INFO: [ view_filter ] --START--
INFO: Run Behavior\WriteHtmlCacheBehavior [ RunTime:0.000128s ]
INFO: [ view_filter ] --END-- [ RunTime:0.000196s ]
INFO: [ app_end ] --START--
INFO: Run Behavior\ShowPageTraceBehavior [ RunTime:0.000309s ]
INFO: [ app_end ] --END-- [ RunTime:0.000381s ]

[ 2015-09-30T11:17:59+08:00 ] 127.0.0.1 /index.php?m=Store&c=Banner&a=bannerList&id=2
INFO: [ app_init ] --START--
INFO: Run Behavior\BuildLiteBehavior [ RunTime:0.000023s ]
INFO: [ app_init ] --END-- [ RunTime:0.000660s ]
INFO: [ app_begin ] --START--
INFO: Run Behavior\ReadHtmlCacheBehavior [ RunTime:0.000322s ]
INFO: [ app_begin ] --END-- [ RunTime:0.000406s ]
SQL: SHOW COLUMNS FROM `shop_catalog` [ RunTime:0.0013s ]
SQL: SELECT * FROM `shop_catalog` ORDER BY parent_id ASC , `index` ASC  [ RunTime:0.0002s ]
SQL: SHOW COLUMNS FROM `shop_banner` [ RunTime:0.0010s ]
SQL: SELECT * FROM `shop_banner` WHERE `shop_code` = '2139b23d014f8f03990c4f132d82457c' ORDER BY `index` desc  [ RunTime:0.0002s ]
INFO: [ app_end ] --START--
INFO: Run Behavior\ShowPageTraceBehavior [ RunTime:0.000307s ]
INFO: [ app_end ] --END-- [ RunTime:0.000375s ]

[ 2015-09-30T11:18:01+08:00 ] 127.0.0.1 /index.php?m=Store&c=Banner&a=bannerList&id=2
INFO: [ app_init ] --START--
INFO: Run Behavior\BuildLiteBehavior [ RunTime:0.000015s ]
INFO: [ app_init ] --END-- [ RunTime:0.000213s ]
INFO: [ app_begin ] --START--
INFO: Run Behavior\ReadHtmlCacheBehavior [ RunTime:0.000228s ]
INFO: [ app_begin ] --END-- [ RunTime:0.000286s ]
SQL: SHOW COLUMNS FROM `shop_catalog` [ RunTime:0.0021s ]
SQL: SELECT * FROM `shop_catalog` ORDER BY parent_id ASC , `index` ASC  [ RunTime:0.0003s ]
SQL: SHOW COLUMNS FROM `shop_banner` [ RunTime:0.0010s ]
SQL: SELECT * FROM `shop_banner` WHERE `shop_code` = '2139b23d014f8f03990c4f132d82457c' ORDER BY `index` desc  [ RunTime:0.0003s ]
INFO: [ app_end ] --START--
INFO: Run Behavior\ShowPageTraceBehavior [ RunTime:0.000373s ]
INFO: [ app_end ] --END-- [ RunTime:0.000452s ]

[ 2015-09-30T11:18:16+08:00 ] 127.0.0.1 /index.php?m=Store&c=Banner&a=bannerList&id=2
INFO: [ app_init ] --START--
INFO: Run Behavior\BuildLiteBehavior [ RunTime:0.000025s ]
INFO: [ app_init ] --END-- [ RunTime:0.000265s ]
INFO: [ app_begin ] --START--
INFO: Run Behavior\ReadHtmlCacheBehavior [ RunTime:0.000299s ]
INFO: [ app_begin ] --END-- [ RunTime:0.000368s ]
SQL: SHOW COLUMNS FROM `shop_catalog` [ RunTime:0.0020s ]
SQL: SELECT * FROM `shop_catalog` ORDER BY parent_id ASC , `index` ASC  [ RunTime:0.0003s ]
SQL: SHOW COLUMNS FROM `shop_banner` [ RunTime:0.0012s ]
SQL: SELECT * FROM `shop_banner` WHERE `shop_code` = '2139b23d014f8f03990c4f132d82457c' ORDER BY `index` desc  [ RunTime:0.0003s ]
INFO: [ view_parse ] --START--
INFO: [ template_filter ] --START--
INFO: Run Behavior\ContentReplaceBehavior [ RunTime:0.000062s ]
INFO: [ template_filter ] --END-- [ RunTime:0.000147s ]
NOTIC: [8] Undefined index: next /Users/badasslittlepig/www/wechatTeam/App/Runtime/Cache/Store/2aa551ab54a55023646c57d711ef3e2d.php 第 93 行.
NOTIC: [8] Undefined variable: title /Users/badasslittlepig/www/wechatTeam/App/Runtime/Cache/Store/2aa551ab54a55023646c57d711ef3e2d.php 第 128 行.
INFO: Run Behavior\ParseTemplateBehavior [ RunTime:0.037994s ]
INFO: [ view_parse ] --END-- [ RunTime:0.038070s ]
INFO: [ view_filter ] --START--
INFO: Run Behavior\WriteHtmlCacheBehavior [ RunTime:0.000120s ]
INFO: [ view_filter ] --END-- [ RunTime:0.000180s ]
INFO: [ app_end ] --START--
INFO: Run Behavior\ShowPageTraceBehavior [ RunTime:0.000303s ]
INFO: [ app_end ] --END-- [ RunTime:0.000385s ]

