[ 2015-09-17T19:28:29+08:00 ] 127.0.0.1 /index.php?m=Store&c=GoodsBrand&a=addGoodsClass
INFO: [ app_init ] --START--
INFO: Run Behavior\BuildLiteBehavior [ RunTime:0.000015s ]
INFO: [ app_init ] --END-- [ RunTime:0.000247s ]
INFO: [ app_begin ] --START--
INFO: Run Behavior\ReadHtmlCacheBehavior [ RunTime:0.000366s ]
INFO: [ app_begin ] --END-- [ RunTime:0.000436s ]
SQL: SHOW COLUMNS FROM `shop_class` [ RunTime:0.0186s ]
SQL: INSERT INTO `shop_class` (`name`,`title`,`parent_id`,`index`,`is_delete`,`keywords`,`desc`,`shop_code`,`add_time`) VALUES ('','','0','0','','','','2139b23d014f8f03990c4f132d82457c','20150917192829') [ RunTime:0.0229s ]
NOTIC: [8] Undefined index: HTTP_REFERER /Users/badasslittlepig/www/wechatTeam/ThinkPHP/Library/Think/Controller.class.php 第 283 行.
INFO: [ view_parse ] --START--
INFO: [ template_filter ] --START--
INFO: Run Behavior\ContentReplaceBehavior [ RunTime:0.000064s ]
INFO: [ template_filter ] --END-- [ RunTime:0.000166s ]
INFO: Run Behavior\ParseTemplateBehavior [ RunTime:0.006953s ]
INFO: [ view_parse ] --END-- [ RunTime:0.007075s ]
INFO: [ view_filter ] --START--
INFO: Run Behavior\WriteHtmlCacheBehavior [ RunTime:0.000176s ]
INFO: [ view_filter ] --END-- [ RunTime:0.000267s ]
INFO: [ app_end ] --START--
INFO: Run Behavior\ShowPageTraceBehavior [ RunTime:0.000817s ]
INFO: [ app_end ] --END-- [ RunTime:0.000908s ]

[ 2015-09-17T19:28:30+08:00 ] 127.0.0.1 /index.php?m=Store&c=GoodsBrand&a=addGoodsClass
INFO: [ app_init ] --START--
INFO: Run Behavior\BuildLiteBehavior [ RunTime:0.000016s ]
INFO: [ app_init ] --END-- [ RunTime:0.000240s ]
INFO: [ app_begin ] --START--
INFO: Run Behavior\ReadHtmlCacheBehavior [ RunTime:0.000256s ]
INFO: [ app_begin ] --END-- [ RunTime:0.000324s ]
SQL: SHOW COLUMNS FROM `shop_class` [ RunTime:0.0166s ]
SQL: INSERT INTO `shop_class` (`name`,`title`,`parent_id`,`index`,`is_delete`,`keywords`,`desc`,`shop_code`,`add_time`) VALUES ('','','0','0','','','','2139b23d014f8f03990c4f132d82457c','20150917192830') [ RunTime:0.0406s ]
INFO: [ view_parse ] --START--
INFO: [ template_filter ] --START--
INFO: Run Behavior\ContentReplaceBehavior [ RunTime:0.000042s ]
INFO: [ template_filter ] --END-- [ RunTime:0.000119s ]
INFO: Run Behavior\ParseTemplateBehavior [ RunTime:0.004406s ]
INFO: [ view_parse ] --END-- [ RunTime:0.004490s ]
INFO: [ view_filter ] --START--
INFO: Run Behavior\WriteHtmlCacheBehavior [ RunTime:0.000116s ]
INFO: [ view_filter ] --END-- [ RunTime:0.000187s ]
INFO: [ app_end ] --START--
INFO: Run Behavior\ShowPageTraceBehavior [ RunTime:0.000271s ]
INFO: [ app_end ] --END-- [ RunTime:0.000335s ]

[ 2015-09-17T19:28:31+08:00 ] 127.0.0.1 /index.php?m=Store&c=GoodsBrand&a=addGoodsClass
INFO: [ app_init ] --START--
INFO: Run Behavior\BuildLiteBehavior [ RunTime:0.000037s ]
INFO: [ app_init ] --END-- [ RunTime:0.000484s ]
INFO: [ app_begin ] --START--
INFO: Run Behavior\ReadHtmlCacheBehavior [ RunTime:0.000495s ]
INFO: [ app_begin ] --END-- [ RunTime:0.000622s ]
SQL: SHOW COLUMNS FROM `shop_class` [ RunTime:0.0169s ]
SQL: INSERT INTO `shop_class` (`name`,`title`,`parent_id`,`index`,`is_delete`,`keywords`,`desc`,`shop_code`,`add_time`) VALUES ('','','0','0','','','','2139b23d014f8f03990c4f132d82457c','20150917192831') [ RunTime:0.0225s ]
INFO: [ view_parse ] --START--
INFO: [ template_filter ] --START--
INFO: Run Behavior\ContentReplaceBehavior [ RunTime:0.000044s ]
INFO: [ template_filter ] --END-- [ RunTime:0.000129s ]
INFO: Run Behavior\ParseTemplateBehavior [ RunTime:0.004700s ]
INFO: [ view_parse ] --END-- [ RunTime:0.004786s ]
INFO: [ view_filter ] --START--
INFO: Run Behavior\WriteHtmlCacheBehavior [ RunTime:0.000111s ]
INFO: [ view_filter ] --END-- [ RunTime:0.000175s ]
INFO: [ app_end ] --START--
INFO: Run Behavior\ShowPageTraceBehavior [ RunTime:0.000458s ]
INFO: [ app_end ] --END-- [ RunTime:0.000529s ]

[ 2015-09-17T19:28:32+08:00 ] 127.0.0.1 /index.php?m=Store&c=GoodsBrand&a=addGoodsClass
INFO: [ app_init ] --START--
INFO: Run Behavior\BuildLiteBehavior [ RunTime:0.000018s ]
INFO: [ app_init ] --END-- [ RunTime:0.000252s ]
INFO: [ app_begin ] --START--
INFO: Run Behavior\ReadHtmlCacheBehavior [ RunTime:0.000269s ]
INFO: [ app_begin ] --END-- [ RunTime:0.000340s ]
SQL: SHOW COLUMNS FROM `shop_class` [ RunTime:0.0172s ]
SQL: INSERT INTO `shop_class` (`name`,`title`,`parent_id`,`index`,`is_delete`,`keywords`,`desc`,`shop_code`,`add_time`) VALUES ('','','0','0','','','','2139b23d014f8f03990c4f132d82457c','20150917192832') [ RunTime:0.0238s ]
INFO: [ view_parse ] --START--
INFO: [ template_filter ] --START--
INFO: Run Behavior\ContentReplaceBehavior [ RunTime:0.000049s ]
INFO: [ template_filter ] --END-- [ RunTime:0.000143s ]
INFO: Run Behavior\ParseTemplateBehavior [ RunTime:0.005671s ]
INFO: [ view_parse ] --END-- [ RunTime:0.005779s ]
INFO: [ view_filter ] --START--
INFO: Run Behavior\WriteHtmlCacheBehavior [ RunTime:0.000144s ]
INFO: [ view_filter ] --END-- [ RunTime:0.000232s ]
INFO: [ app_end ] --START--
INFO: Run Behavior\ShowPageTraceBehavior [ RunTime:0.000360s ]
INFO: [ app_end ] --END-- [ RunTime:0.000447s ]

[ 2015-09-17T19:28:34+08:00 ] 127.0.0.1 /index.php?m=Store&c=GoodsBrand&a=addGoodsClass
INFO: [ app_init ] --START--
INFO: Run Behavior\BuildLiteBehavior [ RunTime:0.000018s ]
INFO: [ app_init ] --END-- [ RunTime:0.000278s ]
INFO: [ app_begin ] --START--
INFO: Run Behavior\ReadHtmlCacheBehavior [ RunTime:0.000357s ]
INFO: [ app_begin ] --END-- [ RunTime:0.000430s ]
SQL: SHOW COLUMNS FROM `shop_class` [ RunTime:0.0169s ]
SQL: INSERT INTO `shop_class` (`name`,`title`,`parent_id`,`index`,`is_delete`,`keywords`,`desc`,`shop_code`,`add_time`) VALUES ('','','0','0','','','','2139b23d014f8f03990c4f132d82457c','20150917192833') [ RunTime:0.0229s ]
INFO: [ view_parse ] --START--
INFO: [ template_filter ] --START--
INFO: Run Behavior\ContentReplaceBehavior [ RunTime:0.000041s ]
INFO: [ template_filter ] --END-- [ RunTime:0.000112s ]
INFO: Run Behavior\ParseTemplateBehavior [ RunTime:0.004240s ]
INFO: [ view_parse ] --END-- [ RunTime:0.004317s ]
INFO: [ view_filter ] --START--
INFO: Run Behavior\WriteHtmlCacheBehavior [ RunTime:0.000102s ]
INFO: [ view_filter ] --END-- [ RunTime:0.000162s ]
INFO: [ app_end ] --START--
INFO: Run Behavior\ShowPageTraceBehavior [ RunTime:0.000262s ]
INFO: [ app_end ] --END-- [ RunTime:0.000358s ]

[ 2015-09-17T19:28:35+08:00 ] 127.0.0.1 /index.php?m=Store&c=GoodsBrand&a=addGoodsClass
INFO: [ app_init ] --START--
INFO: Run Behavior\BuildLiteBehavior [ RunTime:0.000026s ]
INFO: [ app_init ] --END-- [ RunTime:0.000259s ]
INFO: [ app_begin ] --START--
INFO: Run Behavior\ReadHtmlCacheBehavior [ RunTime:0.000230s ]
INFO: [ app_begin ] --END-- [ RunTime:0.000291s ]
SQL: SHOW COLUMNS FROM `shop_class` [ RunTime:0.0167s ]
SQL: INSERT INTO `shop_class` (`name`,`title`,`parent_id`,`index`,`is_delete`,`keywords`,`desc`,`shop_code`,`add_time`) VALUES ('','','0','0','','','','2139b23d014f8f03990c4f132d82457c','20150917192835') [ RunTime:0.0229s ]
INFO: [ view_parse ] --START--
INFO: [ template_filter ] --START--
INFO: Run Behavior\ContentReplaceBehavior [ RunTime:0.000044s ]
INFO: [ template_filter ] --END-- [ RunTime:0.000157s ]
INFO: Run Behavior\ParseTemplateBehavior [ RunTime:0.004489s ]
INFO: [ view_parse ] --END-- [ RunTime:0.004592s ]
INFO: [ view_filter ] --START--
INFO: Run Behavior\WriteHtmlCacheBehavior [ RunTime:0.000110s ]
INFO: [ view_filter ] --END-- [ RunTime:0.000170s ]
INFO: [ app_end ] --START--
INFO: Run Behavior\ShowPageTraceBehavior [ RunTime:0.000275s ]
INFO: [ app_end ] --END-- [ RunTime:0.000338s ]

[ 2015-09-17T19:28:36+08:00 ] 127.0.0.1 /index.php?m=Store&c=GoodsBrand&a=addGoodsClass
INFO: [ app_init ] --START--
INFO: Run Behavior\BuildLiteBehavior [ RunTime:0.000017s ]
INFO: [ app_init ] --END-- [ RunTime:0.000251s ]
INFO: [ app_begin ] --START--
INFO: Run Behavior\ReadHtmlCacheBehavior [ RunTime:0.000408s ]
INFO: [ app_begin ] --END-- [ RunTime:0.000500s ]
SQL: SHOW COLUMNS FROM `shop_class` [ RunTime:0.0167s ]
SQL: INSERT INTO `shop_class` (`name`,`title`,`parent_id`,`index`,`is_delete`,`keywords`,`desc`,`shop_code`,`add_time`) VALUES ('','','0','0','','','','2139b23d014f8f03990c4f132d82457c','20150917192836') [ RunTime:0.0229s ]
INFO: [ view_parse ] --START--
INFO: [ template_filter ] --START--
INFO: Run Behavior\ContentReplaceBehavior [ RunTime:0.000037s ]
INFO: [ template_filter ] --END-- [ RunTime:0.000106s ]
INFO: Run Behavior\ParseTemplateBehavior [ RunTime:0.003959s ]
INFO: [ view_parse ] --END-- [ RunTime:0.004028s ]
INFO: [ view_filter ] --START--
INFO: Run Behavior\WriteHtmlCacheBehavior [ RunTime:0.000117s ]
INFO: [ view_filter ] --END-- [ RunTime:0.000183s ]
INFO: [ app_end ] --START--
INFO: Run Behavior\ShowPageTraceBehavior [ RunTime:0.000363s ]
INFO: [ app_end ] --END-- [ RunTime:0.000449s ]

[ 2015-09-17T19:28:37+08:00 ] 127.0.0.1 /index.php?m=Store&c=GoodsBrand&a=addGoodsClass
INFO: [ app_init ] --START--
INFO: Run Behavior\BuildLiteBehavior [ RunTime:0.000016s ]
INFO: [ app_init ] --END-- [ RunTime:0.000220s ]
INFO: [ app_begin ] --START--
INFO: Run Behavior\ReadHtmlCacheBehavior [ RunTime:0.000238s ]
INFO: [ app_begin ] --END-- [ RunTime:0.000300s ]
SQL: SHOW COLUMNS FROM `shop_class` [ RunTime:0.0168s ]
SQL: INSERT INTO `shop_class` (`name`,`title`,`parent_id`,`index`,`is_delete`,`keywords`,`desc`,`shop_code`,`add_time`) VALUES ('','','0','0','','','','2139b23d014f8f03990c4f132d82457c','20150917192837') [ RunTime:0.0231s ]
INFO: [ view_parse ] --START--
INFO: [ template_filter ] --START--
INFO: Run Behavior\ContentReplaceBehavior [ RunTime:0.000082s ]
INFO: [ template_filter ] --END-- [ RunTime:0.000207s ]
INFO: Run Behavior\ParseTemplateBehavior [ RunTime:0.006620s ]
INFO: [ view_parse ] --END-- [ RunTime:0.006714s ]
INFO: [ view_filter ] --START--
INFO: Run Behavior\WriteHtmlCacheBehavior [ RunTime:0.000134s ]
INFO: [ view_filter ] --END-- [ RunTime:0.000217s ]
INFO: [ app_end ] --START--
INFO: Run Behavior\ShowPageTraceBehavior [ RunTime:0.000317s ]
INFO: [ app_end ] --END-- [ RunTime:0.000384s ]

[ 2015-09-17T19:28:38+08:00 ] 127.0.0.1 /index.php?m=Store&c=GoodsBrand&a=addGoodsClass
INFO: [ app_init ] --START--
INFO: Run Behavior\BuildLiteBehavior [ RunTime:0.000016s ]
INFO: [ app_init ] --END-- [ RunTime:0.000223s ]
INFO: [ app_begin ] --START--
INFO: Run Behavior\ReadHtmlCacheBehavior [ RunTime:0.000242s ]
INFO: [ app_begin ] --END-- [ RunTime:0.000306s ]
SQL: SHOW COLUMNS FROM `shop_class` [ RunTime:0.0171s ]
SQL: INSERT INTO `shop_class` (`name`,`title`,`parent_id`,`index`,`is_delete`,`keywords`,`desc`,`shop_code`,`add_time`) VALUES ('','','0','0','','','','2139b23d014f8f03990c4f132d82457c','20150917192838') [ RunTime:0.0230s ]
INFO: [ view_parse ] --START--
INFO: [ template_filter ] --START--
INFO: Run Behavior\ContentReplaceBehavior [ RunTime:0.000035s ]
INFO: [ template_filter ] --END-- [ RunTime:0.000111s ]
INFO: Run Behavior\ParseTemplateBehavior [ RunTime:0.003855s ]
INFO: [ view_parse ] --END-- [ RunTime:0.003944s ]
INFO: [ view_filter ] --START--
INFO: Run Behavior\WriteHtmlCacheBehavior [ RunTime:0.000152s ]
INFO: [ view_filter ] --END-- [ RunTime:0.000224s ]
INFO: [ app_end ] --START--
INFO: Run Behavior\ShowPageTraceBehavior [ RunTime:0.000317s ]
INFO: [ app_end ] --END-- [ RunTime:0.000387s ]

[ 2015-09-17T19:28:39+08:00 ] 127.0.0.1 /index.php?m=Store&c=GoodsBrand&a=addGoodsClass
INFO: [ app_init ] --START--
INFO: Run Behavior\BuildLiteBehavior [ RunTime:0.000022s ]
INFO: [ app_init ] --END-- [ RunTime:0.000335s ]
INFO: [ app_begin ] --START--
INFO: Run Behavior\ReadHtmlCacheBehavior [ RunTime:0.000268s ]
INFO: [ app_begin ] --END-- [ RunTime:0.000338s ]
SQL: SHOW COLUMNS FROM `shop_class` [ RunTime:0.0168s ]
SQL: INSERT INTO `shop_class` (`name`,`title`,`parent_id`,`index`,`is_delete`,`keywords`,`desc`,`shop_code`,`add_time`) VALUES ('','','0','0','','','','2139b23d014f8f03990c4f132d82457c','20150917192839') [ RunTime:0.0231s ]
INFO: [ view_parse ] --START--
INFO: [ template_filter ] --START--
INFO: Run Behavior\ContentReplaceBehavior [ RunTime:0.000042s ]
INFO: [ template_filter ] --END-- [ RunTime:0.000124s ]
INFO: Run Behavior\ParseTemplateBehavior [ RunTime:0.004868s ]
INFO: [ view_parse ] --END-- [ RunTime:0.004984s ]
INFO: [ view_filter ] --START--
INFO: Run Behavior\WriteHtmlCacheBehavior [ RunTime:0.000193s ]
INFO: [ view_filter ] --END-- [ RunTime:0.000299s ]
INFO: [ app_end ] --START--
INFO: Run Behavior\ShowPageTraceBehavior [ RunTime:0.000297s ]
INFO: [ app_end ] --END-- [ RunTime:0.000360s ]

[ 2015-09-17T19:28:40+08:00 ] 127.0.0.1 /index.php?m=Store&c=GoodsBrand&a=addGoodsClass
INFO: [ app_init ] --START--
INFO: Run Behavior\BuildLiteBehavior [ RunTime:0.000016s ]
INFO: [ app_init ] --END-- [ RunTime:0.000229s ]
INFO: [ app_begin ] --START--
INFO: Run Behavior\ReadHtmlCacheBehavior [ RunTime:0.000244s ]
INFO: [ app_begin ] --END-- [ RunTime:0.000312s ]
SQL: SHOW COLUMNS FROM `shop_class` [ RunTime:0.0176s ]
SQL: INSERT INTO `shop_class` (`name`,`title`,`parent_id`,`index`,`is_delete`,`keywords`,`desc`,`shop_code`,`add_time`) VALUES ('','','0','0','','','','2139b23d014f8f03990c4f132d82457c','20150917192840') [ RunTime:0.0199s ]
INFO: [ view_parse ] --START--
INFO: [ template_filter ] --START--
INFO: Run Behavior\ContentReplaceBehavior [ RunTime:0.000056s ]
INFO: [ template_filter ] --END-- [ RunTime:0.000207s ]
INFO: Run Behavior\ParseTemplateBehavior [ RunTime:0.010216s ]
INFO: [ view_parse ] --END-- [ RunTime:0.010299s ]
INFO: [ view_filter ] --START--
INFO: Run Behavior\WriteHtmlCacheBehavior [ RunTime:0.000124s ]
INFO: [ view_filter ] --END-- [ RunTime:0.000186s ]
INFO: [ app_end ] --START--
INFO: Run Behavior\ShowPageTraceBehavior [ RunTime:0.000387s ]
INFO: [ app_end ] --END-- [ RunTime:0.000456s ]

[ 2015-09-17T19:28:41+08:00 ] 127.0.0.1 /index.php?m=Store&c=GoodsBrand&a=addGoodsClass
INFO: [ app_init ] --START--
INFO: Run Behavior\BuildLiteBehavior [ RunTime:0.000016s ]
INFO: [ app_init ] --END-- [ RunTime:0.000225s ]
INFO: [ app_begin ] --START--
INFO: Run Behavior\ReadHtmlCacheBehavior [ RunTime:0.000242s ]
INFO: [ app_begin ] --END-- [ RunTime:0.000305s ]
SQL: SHOW COLUMNS FROM `shop_class` [ RunTime:0.0168s ]
SQL: INSERT INTO `shop_class` (`name`,`title`,`parent_id`,`index`,`is_delete`,`keywords`,`desc`,`shop_code`,`add_time`) VALUES ('','','0','0','','','','2139b23d014f8f03990c4f132d82457c','20150917192841') [ RunTime:0.0203s ]
INFO: [ view_parse ] --START--
INFO: [ template_filter ] --START--
INFO: Run Behavior\ContentReplaceBehavior [ RunTime:0.000040s ]
INFO: [ template_filter ] --END-- [ RunTime:0.000119s ]
INFO: Run Behavior\ParseTemplateBehavior [ RunTime:0.004486s ]
INFO: [ view_parse ] --END-- [ RunTime:0.004572s ]
INFO: [ view_filter ] --START--
INFO: Run Behavior\WriteHtmlCacheBehavior [ RunTime:0.000156s ]
INFO: [ view_filter ] --END-- [ RunTime:0.000254s ]
INFO: [ app_end ] --START--
INFO: Run Behavior\ShowPageTraceBehavior [ RunTime:0.000379s ]
INFO: [ app_end ] --END-- [ RunTime:0.000454s ]

[ 2015-09-17T19:28:43+08:00 ] 127.0.0.1 /index.php?m=Store&c=GoodsBrand&a=addGoodsClass
INFO: [ app_init ] --START--
INFO: Run Behavior\BuildLiteBehavior [ RunTime:0.000016s ]
INFO: [ app_init ] --END-- [ RunTime:0.000224s ]
INFO: [ app_begin ] --START--
INFO: Run Behavior\ReadHtmlCacheBehavior [ RunTime:0.000241s ]
INFO: [ app_begin ] --END-- [ RunTime:0.000306s ]
SQL: SHOW COLUMNS FROM `shop_class` [ RunTime:0.0167s ]
SQL: INSERT INTO `shop_class` (`name`,`title`,`parent_id`,`index`,`is_delete`,`keywords`,`desc`,`shop_code`,`add_time`) VALUES ('','','0','0','','','','2139b23d014f8f03990c4f132d82457c','20150917192843') [ RunTime:0.0227s ]
INFO: [ view_parse ] --START--
INFO: [ template_filter ] --START--
INFO: Run Behavior\ContentReplaceBehavior [ RunTime:0.000052s ]
INFO: [ template_filter ] --END-- [ RunTime:0.000156s ]
INFO: Run Behavior\ParseTemplateBehavior [ RunTime:0.005955s ]
INFO: [ view_parse ] --END-- [ RunTime:0.006068s ]
INFO: [ view_filter ] --START--
INFO: Run Behavior\WriteHtmlCacheBehavior [ RunTime:0.000145s ]
INFO: [ view_filter ] --END-- [ RunTime:0.000227s ]
INFO: [ app_end ] --START--
INFO: Run Behavior\ShowPageTraceBehavior [ RunTime:0.000367s ]
INFO: [ app_end ] --END-- [ RunTime:0.000457s ]

[ 2015-09-17T19:28:43+08:00 ] 127.0.0.1 /index.php?m=Store&c=GoodsBrand&a=viewGoodsClass
INFO: [ app_init ] --START--
INFO: Run Behavior\BuildLiteBehavior [ RunTime:0.000039s ]
INFO: [ app_init ] --END-- [ RunTime:0.000268s ]
INFO: [ app_begin ] --START--
INFO: Run Behavior\ReadHtmlCacheBehavior [ RunTime:0.000233s ]
INFO: [ app_begin ] --END-- [ RunTime:0.000296s ]
ERR: SQLSTATE[42S02]: Base table or view not found: 1146 Table 'shop.shop_' doesn't exist

[ 2015-09-17T19:29:00+08:00 ] 127.0.0.1 /index.php?m=Store&c=Index&a=login
INFO: [ app_init ] --START--
INFO: Run Behavior\BuildLiteBehavior [ RunTime:0.000018s ]
INFO: [ app_init ] --END-- [ RunTime:0.000316s ]
INFO: [ app_begin ] --START--
INFO: Run Behavior\ReadHtmlCacheBehavior [ RunTime:0.000261s ]
INFO: [ app_begin ] --END-- [ RunTime:0.000324s ]
INFO: [ view_parse ] --START--
NOTIC: [2] file_get_contents(./App/Store/View/public/footer.html): failed to open stream: No such file or directory /Users/badasslittlepig/www/wechatTeam/ThinkPHP/Library/Think/Template.class.php 第 696 行.
INFO: [ template_filter ] --START--
INFO: Run Behavior\ContentReplaceBehavior [ RunTime:0.000055s ]
INFO: [ template_filter ] --END-- [ RunTime:0.000130s ]
INFO: Run Behavior\ParseTemplateBehavior [ RunTime:0.011472s ]
INFO: [ view_parse ] --END-- [ RunTime:0.011574s ]
INFO: [ view_filter ] --START--
INFO: Run Behavior\WriteHtmlCacheBehavior [ RunTime:0.000104s ]
INFO: [ view_filter ] --END-- [ RunTime:0.000160s ]
INFO: [ app_end ] --START--
INFO: Run Behavior\ShowPageTraceBehavior [ RunTime:0.000270s ]
INFO: [ app_end ] --END-- [ RunTime:0.000332s ]

[ 2015-09-17T19:29:00+08:00 ] 127.0.0.1 /index.php?m=Store&c=Index&a=createVerify
INFO: [ app_init ] --START--
INFO: Run Behavior\BuildLiteBehavior [ RunTime:0.000016s ]
INFO: [ app_init ] --END-- [ RunTime:0.000251s ]
INFO: [ app_begin ] --START--
INFO: Run Behavior\ReadHtmlCacheBehavior [ RunTime:0.000291s ]
INFO: [ app_begin ] --END-- [ RunTime:0.000358s ]
INFO: [ app_end ] --START--
INFO: Run Behavior\ShowPageTraceBehavior [ RunTime:0.000347s ]
INFO: [ app_end ] --END-- [ RunTime:0.000432s ]

[ 2015-09-17T19:29:11+08:00 ] 127.0.0.1 /index.php?m=Store&c=Index&a=createVerify
INFO: [ app_init ] --START--
INFO: Run Behavior\BuildLiteBehavior [ RunTime:0.000030s ]
INFO: [ app_init ] --END-- [ RunTime:0.000496s ]
INFO: [ app_begin ] --START--
INFO: Run Behavior\ReadHtmlCacheBehavior [ RunTime:0.000506s ]
INFO: [ app_begin ] --END-- [ RunTime:0.000604s ]
INFO: [ app_end ] --START--
INFO: Run Behavior\ShowPageTraceBehavior [ RunTime:0.000371s ]
INFO: [ app_end ] --END-- [ RunTime:0.000475s ]

[ 2015-09-17T19:29:20+08:00 ] 127.0.0.1 /index.php?m=Store&c=Index&a=userLogin
INFO: [ app_init ] --START--
INFO: Run Behavior\BuildLiteBehavior [ RunTime:0.000027s ]
INFO: [ app_init ] --END-- [ RunTime:0.000469s ]
INFO: [ app_begin ] --START--
INFO: Run Behavior\ReadHtmlCacheBehavior [ RunTime:0.000458s ]
INFO: [ app_begin ] --END-- [ RunTime:0.000564s ]
NOTIC: [2] include(Store\Model\UserModel.class.php): failed to open stream: No such file or directory /Users/badasslittlepig/www/wechatTeam/ThinkPHP/Common/functions.php 第 587 行.
NOTIC: [2] include(): Failed opening 'Store\Model\UserModel.class.php' for inclusion (include_path='.:/usr/local/php5/lib/php') /Users/badasslittlepig/www/wechatTeam/ThinkPHP/Common/functions.php 第 587 行.
SQL: SHOW COLUMNS FROM `shop_user` [ RunTime:0.0169s ]
SQL: SELECT * FROM `shop_user` WHERE `user` = 'admin' LIMIT 1   [ RunTime:0.0163s ]
NOTIC: [2] include(Store\Service\CheckService.class.php): failed to open stream: No such file or directory /Users/badasslittlepig/www/wechatTeam/ThinkPHP/Common/functions.php 第 587 行.
NOTIC: [2] include(): Failed opening 'Store\Service\CheckService.class.php' for inclusion (include_path='.:/usr/local/php5/lib/php') /Users/badasslittlepig/www/wechatTeam/ThinkPHP/Common/functions.php 第 587 行.

[ 2015-09-17T19:29:20+08:00 ] 127.0.0.1 /index.php?m=Store&c=Shop&a=index
INFO: [ app_init ] --START--
INFO: Run Behavior\BuildLiteBehavior [ RunTime:0.000033s ]
INFO: [ app_init ] --END-- [ RunTime:0.000382s ]
INFO: [ app_begin ] --START--
INFO: Run Behavior\ReadHtmlCacheBehavior [ RunTime:0.001010s ]
INFO: [ app_begin ] --END-- [ RunTime:0.001172s ]
SQL: SHOW COLUMNS FROM `shop_goods` [ RunTime:0.0194s ]
SQL: SELECT COUNT(*) AS tp_count FROM `shop_goods` WHERE `shop_code` = '2139b23d014f8f03990c4f132d82457c' LIMIT 1   [ RunTime:0.0184s ]
SQL: SELECT COUNT(*) AS tp_count FROM `shop_goods` WHERE `shop_code` = '2139b23d014f8f03990c4f132d82457c' AND `is_recommend` = '1' LIMIT 1   [ RunTime:0.0178s ]
SQL: SELECT COUNT(*) AS tp_count FROM `shop_goods` WHERE `shop_code` = '2139b23d014f8f03990c4f132d82457c' AND `status` = '1' LIMIT 1   [ RunTime:0.0173s ]
SQL: SHOW COLUMNS FROM `shop_order` [ RunTime:0.0181s ]
SQL: SELECT COUNT(*) AS tp_count FROM `shop_order` WHERE `shop_code` = '2139b23d014f8f03990c4f132d82457c' LIMIT 1   [ RunTime:0.0173s ]
SQL: SELECT COUNT(*) AS tp_count FROM `shop_order` WHERE `shop_code` = '2139b23d014f8f03990c4f132d82457c' AND `status` = '3' LIMIT 1   [ RunTime:0.0176s ]
INFO: [ view_parse ] --START--
INFO: [ template_filter ] --START--
INFO: Run Behavior\ContentReplaceBehavior [ RunTime:0.000054s ]
INFO: [ template_filter ] --END-- [ RunTime:0.000127s ]
INFO: Run Behavior\ParseTemplateBehavior [ RunTime:0.005459s ]
INFO: [ view_parse ] --END-- [ RunTime:0.005529s ]
INFO: [ view_filter ] --START--
INFO: Run Behavior\WriteHtmlCacheBehavior [ RunTime:0.000110s ]
INFO: [ view_filter ] --END-- [ RunTime:0.000170s ]
INFO: [ app_end ] --START--
INFO: Run Behavior\ShowPageTraceBehavior [ RunTime:0.000295s ]
INFO: [ app_end ] --END-- [ RunTime:0.000356s ]

[ 2015-09-17T19:43:53+08:00 ] 127.0.0.1 /index.php?m=Store&c=GoodsBrand&a=addGoodsClass
INFO: [ app_init ] --START--
INFO: Run Behavior\BuildLiteBehavior [ RunTime:0.000022s ]
INFO: [ app_init ] --END-- [ RunTime:0.000689s ]
INFO: [ app_begin ] --START--
INFO: Run Behavior\ReadHtmlCacheBehavior [ RunTime:0.000831s ]
INFO: [ app_begin ] --END-- [ RunTime:0.000931s ]
SQL: SHOW COLUMNS FROM `shop_class` [ RunTime:0.0167s ]
SQL: INSERT INTO `shop_class` (`name`,`title`,`parent_id`,`index`,`is_delete`,`keywords`,`desc`,`shop_code`,`add_time`) VALUES ('','','0','0','','','','2139b23d014f8f03990c4f132d82457c','20150917194353') [ RunTime:0.0206s ]
NOTIC: [8] Undefined index: HTTP_REFERER /Users/badasslittlepig/www/wechatTeam/ThinkPHP/Library/Think/Controller.class.php 第 283 行.
INFO: [ view_parse ] --START--
INFO: [ template_filter ] --START--
INFO: Run Behavior\ContentReplaceBehavior [ RunTime:0.000068s ]
INFO: [ template_filter ] --END-- [ RunTime:0.000183s ]
INFO: Run Behavior\ParseTemplateBehavior [ RunTime:0.008841s ]
INFO: [ view_parse ] --END-- [ RunTime:0.008938s ]
INFO: [ view_filter ] --START--
INFO: Run Behavior\WriteHtmlCacheBehavior [ RunTime:0.000548s ]
INFO: [ view_filter ] --END-- [ RunTime:0.000627s ]
INFO: [ app_end ] --START--
INFO: Run Behavior\ShowPageTraceBehavior [ RunTime:0.000745s ]
INFO: [ app_end ] --END-- [ RunTime:0.000814s ]

[ 2015-09-17T19:43:54+08:00 ] 127.0.0.1 /index.php?m=Store&c=GoodsBrand&a=addGoodsClass
INFO: [ app_init ] --START--
INFO: Run Behavior\BuildLiteBehavior [ RunTime:0.000016s ]
INFO: [ app_init ] --END-- [ RunTime:0.000229s ]
INFO: [ app_begin ] --START--
INFO: Run Behavior\ReadHtmlCacheBehavior [ RunTime:0.000240s ]
INFO: [ app_begin ] --END-- [ RunTime:0.000303s ]
SQL: SHOW COLUMNS FROM `shop_class` [ RunTime:0.0170s ]
SQL: INSERT INTO `shop_class` (`name`,`title`,`parent_id`,`index`,`is_delete`,`keywords`,`desc`,`shop_code`,`add_time`) VALUES ('','','0','0','','','','2139b23d014f8f03990c4f132d82457c','20150917194354') [ RunTime:0.0363s ]
INFO: [ view_parse ] --START--
INFO: [ template_filter ] --START--
INFO: Run Behavior\ContentReplaceBehavior [ RunTime:0.000042s ]
INFO: [ template_filter ] --END-- [ RunTime:0.000130s ]
INFO: Run Behavior\ParseTemplateBehavior [ RunTime:0.005650s ]
INFO: [ view_parse ] --END-- [ RunTime:0.005739s ]
INFO: [ view_filter ] --START--
INFO: Run Behavior\WriteHtmlCacheBehavior [ RunTime:0.000118s ]
INFO: [ view_filter ] --END-- [ RunTime:0.000187s ]
INFO: [ app_end ] --START--
INFO: Run Behavior\ShowPageTraceBehavior [ RunTime:0.000297s ]
INFO: [ app_end ] --END-- [ RunTime:0.000365s ]

[ 2015-09-17T19:43:55+08:00 ] 127.0.0.1 /index.php?m=Store&c=GoodsBrand&a=addGoodsClass
INFO: [ app_init ] --START--
INFO: Run Behavior\BuildLiteBehavior [ RunTime:0.000014s ]
INFO: [ app_init ] --END-- [ RunTime:0.000215s ]
INFO: [ app_begin ] --START--
INFO: Run Behavior\ReadHtmlCacheBehavior [ RunTime:0.000232s ]
INFO: [ app_begin ] --END-- [ RunTime:0.000292s ]
SQL: SHOW COLUMNS FROM `shop_class` [ RunTime:0.0166s ]
SQL: INSERT INTO `shop_class` (`name`,`title`,`parent_id`,`index`,`is_delete`,`keywords`,`desc`,`shop_code`,`add_time`) VALUES ('','','0','0','','','','2139b23d014f8f03990c4f132d82457c','20150917194355') [ RunTime:0.0266s ]
INFO: [ view_parse ] --START--
INFO: [ template_filter ] --START--
INFO: Run Behavior\ContentReplaceBehavior [ RunTime:0.000064s ]
INFO: [ template_filter ] --END-- [ RunTime:0.000205s ]
INFO: Run Behavior\ParseTemplateBehavior [ RunTime:0.005668s ]
INFO: [ view_parse ] --END-- [ RunTime:0.005770s ]
INFO: [ view_filter ] --START--
INFO: Run Behavior\WriteHtmlCacheBehavior [ RunTime:0.000105s ]
INFO: [ view_filter ] --END-- [ RunTime:0.000158s ]
INFO: [ app_end ] --START--
INFO: Run Behavior\ShowPageTraceBehavior [ RunTime:0.000264s ]
INFO: [ app_end ] --END-- [ RunTime:0.000323s ]

[ 2015-09-17T19:43:57+08:00 ] 127.0.0.1 /index.php?m=Store&c=GoodsBrand&a=addGoodsClass
INFO: [ app_init ] --START--
INFO: Run Behavior\BuildLiteBehavior [ RunTime:0.000036s ]
INFO: [ app_init ] --END-- [ RunTime:0.000300s ]
INFO: [ app_begin ] --START--
INFO: Run Behavior\ReadHtmlCacheBehavior [ RunTime:0.000246s ]
INFO: [ app_begin ] --END-- [ RunTime:0.000312s ]
SQL: SHOW COLUMNS FROM `shop_class` [ RunTime:0.0171s ]
SQL: INSERT INTO `shop_class` (`name`,`title`,`parent_id`,`index`,`is_delete`,`keywords`,`desc`,`shop_code`,`add_time`) VALUES ('','','0','0','','','','2139b23d014f8f03990c4f132d82457c','20150917194356') [ RunTime:0.0226s ]
INFO: [ view_parse ] --START--
INFO: [ template_filter ] --START--
INFO: Run Behavior\ContentReplaceBehavior [ RunTime:0.000036s ]
INFO: [ template_filter ] --END-- [ RunTime:0.000104s ]
INFO: Run Behavior\ParseTemplateBehavior [ RunTime:0.004333s ]
INFO: [ view_parse ] --END-- [ RunTime:0.004412s ]
INFO: [ view_filter ] --START--
INFO: Run Behavior\WriteHtmlCacheBehavior [ RunTime:0.000112s ]
INFO: [ view_filter ] --END-- [ RunTime:0.000169s ]
INFO: [ app_end ] --START--
INFO: Run Behavior\ShowPageTraceBehavior [ RunTime:0.000313s ]
INFO: [ app_end ] --END-- [ RunTime:0.000376s ]

[ 2015-09-17T19:43:58+08:00 ] 127.0.0.1 /index.php?m=Store&c=GoodsBrand&a=addGoodsClass
INFO: [ app_init ] --START--
INFO: Run Behavior\BuildLiteBehavior [ RunTime:0.000015s ]
INFO: [ app_init ] --END-- [ RunTime:0.000236s ]
INFO: [ app_begin ] --START--
INFO: Run Behavior\ReadHtmlCacheBehavior [ RunTime:0.000238s ]
INFO: [ app_begin ] --END-- [ RunTime:0.000300s ]
SQL: SHOW COLUMNS FROM `shop_class` [ RunTime:0.0170s ]
SQL: INSERT INTO `shop_class` (`name`,`title`,`parent_id`,`index`,`is_delete`,`keywords`,`desc`,`shop_code`,`add_time`) VALUES ('','','0','0','','','','2139b23d014f8f03990c4f132d82457c','20150917194358') [ RunTime:0.0228s ]
INFO: [ view_parse ] --START--
INFO: [ template_filter ] --START--
INFO: Run Behavior\ContentReplaceBehavior [ RunTime:0.000063s ]
INFO: [ template_filter ] --END-- [ RunTime:0.000139s ]
INFO: Run Behavior\ParseTemplateBehavior [ RunTime:0.003692s ]
INFO: [ view_parse ] --END-- [ RunTime:0.003766s ]
INFO: [ view_filter ] --START--
INFO: Run Behavior\WriteHtmlCacheBehavior [ RunTime:0.000110s ]
INFO: [ view_filter ] --END-- [ RunTime:0.000170s ]
INFO: [ app_end ] --START--
INFO: Run Behavior\ShowPageTraceBehavior [ RunTime:0.000447s ]
INFO: [ app_end ] --END-- [ RunTime:0.000575s ]

[ 2015-09-17T19:43:59+08:00 ] 127.0.0.1 /index.php?m=Store&c=GoodsBrand&a=addGoodsClass
INFO: [ app_init ] --START--
INFO: Run Behavior\BuildLiteBehavior [ RunTime:0.000016s ]
INFO: [ app_init ] --END-- [ RunTime:0.000239s ]
INFO: [ app_begin ] --START--
INFO: Run Behavior\ReadHtmlCacheBehavior [ RunTime:0.000283s ]
INFO: [ app_begin ] --END-- [ RunTime:0.000358s ]
SQL: SHOW COLUMNS FROM `shop_class` [ RunTime:0.0175s ]
SQL: INSERT INTO `shop_class` (`name`,`title`,`parent_id`,`index`,`is_delete`,`keywords`,`desc`,`shop_code`,`add_time`) VALUES ('','','0','0','','','','2139b23d014f8f03990c4f132d82457c','20150917194359') [ RunTime:0.0234s ]
INFO: [ view_parse ] --START--
INFO: [ template_filter ] --START--
INFO: Run Behavior\ContentReplaceBehavior [ RunTime:0.000054s ]
INFO: [ template_filter ] --END-- [ RunTime:0.000140s ]
INFO: Run Behavior\ParseTemplateBehavior [ RunTime:0.004965s ]
INFO: [ view_parse ] --END-- [ RunTime:0.005059s ]
INFO: [ view_filter ] --START--
INFO: Run Behavior\WriteHtmlCacheBehavior [ RunTime:0.000286s ]
INFO: [ view_filter ] --END-- [ RunTime:0.000374s ]
INFO: [ app_end ] --START--
INFO: Run Behavior\ShowPageTraceBehavior [ RunTime:0.000425s ]
INFO: [ app_end ] --END-- [ RunTime:0.000503s ]

[ 2015-09-17T19:44:00+08:00 ] 127.0.0.1 /index.php?m=Store&c=GoodsBrand&a=addGoodsClass
INFO: [ app_init ] --START--
INFO: Run Behavior\BuildLiteBehavior [ RunTime:0.000017s ]
INFO: [ app_init ] --END-- [ RunTime:0.000234s ]
INFO: [ app_begin ] --START--
INFO: Run Behavior\ReadHtmlCacheBehavior [ RunTime:0.000246s ]
INFO: [ app_begin ] --END-- [ RunTime:0.000308s ]
SQL: SHOW COLUMNS FROM `shop_class` [ RunTime:0.0168s ]
SQL: INSERT INTO `shop_class` (`name`,`title`,`parent_id`,`index`,`is_delete`,`keywords`,`desc`,`shop_code`,`add_time`) VALUES ('','','0','0','','','','2139b23d014f8f03990c4f132d82457c','20150917194400') [ RunTime:0.0231s ]
INFO: [ view_parse ] --START--
INFO: [ template_filter ] --START--
INFO: Run Behavior\ContentReplaceBehavior [ RunTime:0.000045s ]
INFO: [ template_filter ] --END-- [ RunTime:0.000131s ]
INFO: Run Behavior\ParseTemplateBehavior [ RunTime:0.004883s ]
INFO: [ view_parse ] --END-- [ RunTime:0.004986s ]
INFO: [ view_filter ] --START--
INFO: Run Behavior\WriteHtmlCacheBehavior [ RunTime:0.000122s ]
INFO: [ view_filter ] --END-- [ RunTime:0.000192s ]
INFO: [ app_end ] --START--
INFO: Run Behavior\ShowPageTraceBehavior [ RunTime:0.000292s ]
INFO: [ app_end ] --END-- [ RunTime:0.000362s ]

[ 2015-09-17T19:44:00+08:00 ] 127.0.0.1 /index.php?m=Store&c=GoodsBrand&a=viewGoodsClass
INFO: [ app_init ] --START--
INFO: Run Behavior\BuildLiteBehavior [ RunTime:0.000016s ]
INFO: [ app_init ] --END-- [ RunTime:0.000237s ]
INFO: [ app_begin ] --START--
INFO: Run Behavior\ReadHtmlCacheBehavior [ RunTime:0.000241s ]
INFO: [ app_begin ] --END-- [ RunTime:0.000303s ]
ERR: SQLSTATE[42S02]: Base table or view not found: 1146 Table 'shop.shop_' doesn't exist

[ 2015-09-17T19:44:56+08:00 ] 127.0.0.1 /index.php?m=Store&c=Shop&a=setCompanyConf
INFO: [ app_init ] --START--
INFO: Run Behavior\BuildLiteBehavior [ RunTime:0.000100s ]
INFO: [ app_init ] --END-- [ RunTime:0.000484s ]
INFO: [ app_begin ] --START--
INFO: Run Behavior\ReadHtmlCacheBehavior [ RunTime:0.000302s ]
INFO: [ app_begin ] --END-- [ RunTime:0.000375s ]
NOTIC: [8] Undefined index: site_logo /Users/badasslittlepig/www/wechatTeam/App/Store/Controller/ShopController.class.php 第 85 行.
SQL: SHOW COLUMNS FROM `shop_company` [ RunTime:0.0178s ]
ERR: SQLSTATE[HY000]: General error: 1364 Field 'logo' doesn't have a default value

[ 2015-09-17T19:45:03+08:00 ] 127.0.0.1 /index.php?m=Store&c=Shop&a=viewCompanyConf
INFO: [ app_init ] --START--
INFO: Run Behavior\BuildLiteBehavior [ RunTime:0.000015s ]
INFO: [ app_init ] --END-- [ RunTime:0.000255s ]
INFO: [ app_begin ] --START--
INFO: Run Behavior\ReadHtmlCacheBehavior [ RunTime:0.000386s ]
INFO: [ app_begin ] --END-- [ RunTime:0.000483s ]
SQL: SHOW COLUMNS FROM `shop_company` [ RunTime:0.0174s ]
SQL: SELECT * FROM `shop_company` WHERE `user_id` = 1 LIMIT 1   [ RunTime:0.0165s ]
INFO: [ view_parse ] --START--
INFO: [ template_filter ] --START--
INFO: Run Behavior\ContentReplaceBehavior [ RunTime:0.000070s ]
INFO: [ template_filter ] --END-- [ RunTime:0.000166s ]
INFO: Run Behavior\ParseTemplateBehavior [ RunTime:0.008569s ]
INFO: [ view_parse ] --END-- [ RunTime:0.008650s ]
INFO: [ view_filter ] --START--
INFO: Run Behavior\WriteHtmlCacheBehavior [ RunTime:0.000133s ]
INFO: [ view_filter ] --END-- [ RunTime:0.000207s ]
INFO: [ app_end ] --START--
INFO: Run Behavior\ShowPageTraceBehavior [ RunTime:0.000368s ]
INFO: [ app_end ] --END-- [ RunTime:0.000445s ]

[ 2015-09-17T22:21:35+08:00 ] 127.0.0.1 /index.php?m=Store&c=GoodsBrand&a=viewGoodsClass
INFO: [ app_init ] --START--
INFO: Run Behavior\BuildLiteBehavior [ RunTime:0.000019s ]
INFO: [ app_init ] --END-- [ RunTime:0.000835s ]
INFO: [ app_begin ] --START--
INFO: Run Behavior\ReadHtmlCacheBehavior [ RunTime:0.000701s ]
INFO: [ app_begin ] --END-- [ RunTime:0.000783s ]
SQL: SHOW COLUMNS FROM `shop_class` [ RunTime:0.0169s ]
SQL: SELECT * FROM `shop_class` LIMIT 1   [ RunTime:0.0176s ]
INFO: [ view_parse ] --START--
INFO: [ template_filter ] --START--
INFO: Run Behavior\ContentReplaceBehavior [ RunTime:0.000070s ]
INFO: [ template_filter ] --END-- [ RunTime:0.000171s ]
INFO: Run Behavior\ParseTemplateBehavior [ RunTime:0.009726s ]
INFO: [ view_parse ] --END-- [ RunTime:0.009835s ]
INFO: [ view_filter ] --START--
INFO: Run Behavior\WriteHtmlCacheBehavior [ RunTime:0.000557s ]
INFO: [ view_filter ] --END-- [ RunTime:0.000647s ]
INFO: [ app_end ] --START--
INFO: Run Behavior\ShowPageTraceBehavior [ RunTime:0.000788s ]
INFO: [ app_end ] --END-- [ RunTime:0.000873s ]

[ 2015-09-17T22:22:21+08:00 ] 127.0.0.1 /index.php?m=Store&c=GoodsBrand&a=viewGoodsClass
INFO: [ app_init ] --START--
INFO: Run Behavior\BuildLiteBehavior [ RunTime:0.000014s ]
INFO: [ app_init ] --END-- [ RunTime:0.000218s ]
INFO: [ app_begin ] --START--
INFO: Run Behavior\ReadHtmlCacheBehavior [ RunTime:0.000238s ]
INFO: [ app_begin ] --END-- [ RunTime:0.000300s ]
SQL: SHOW COLUMNS FROM `shop_class` [ RunTime:0.0171s ]
SQL: SELECT * FROM `shop_class` WHERE `shop_code` = '2139b23d014f8f03990c4f132d82457c' LIMIT 1   [ RunTime:0.0164s ]
INFO: [ view_parse ] --START--
INFO: [ template_filter ] --START--
INFO: Run Behavior\ContentReplaceBehavior [ RunTime:0.000057s ]
INFO: [ template_filter ] --END-- [ RunTime:0.000157s ]
INFO: Run Behavior\ParseTemplateBehavior [ RunTime:0.007818s ]
INFO: [ view_parse ] --END-- [ RunTime:0.007923s ]
INFO: [ view_filter ] --START--
INFO: Run Behavior\WriteHtmlCacheBehavior [ RunTime:0.000158s ]
INFO: [ view_filter ] --END-- [ RunTime:0.000231s ]
INFO: [ app_end ] --START--
INFO: Run Behavior\ShowPageTraceBehavior [ RunTime:0.000356s ]
INFO: [ app_end ] --END-- [ RunTime:0.000434s ]

[ 2015-09-17T22:22:43+08:00 ] 127.0.0.1 /index.php?m=Store&c=GoodsBrand&a=viewGoodsClass
INFO: [ app_init ] --START--
INFO: Run Behavior\BuildLiteBehavior [ RunTime:0.000014s ]
INFO: [ app_init ] --END-- [ RunTime:0.000232s ]
INFO: [ app_begin ] --START--
INFO: Run Behavior\ReadHtmlCacheBehavior [ RunTime:0.000235s ]
INFO: [ app_begin ] --END-- [ RunTime:0.000295s ]
SQL: SHOW COLUMNS FROM `shop_class` [ RunTime:0.0171s ]
SQL: SELECT * FROM `shop_class` WHERE `shop_code` = '2139b23d014f8f03990c4f132d82457c' LIMIT 1   [ RunTime:0.0178s ]
INFO: [ view_parse ] --START--
INFO: [ template_filter ] --START--
INFO: Run Behavior\ContentReplaceBehavior [ RunTime:0.000059s ]
INFO: [ template_filter ] --END-- [ RunTime:0.000156s ]
INFO: Run Behavior\ParseTemplateBehavior [ RunTime:0.007749s ]
INFO: [ view_parse ] --END-- [ RunTime:0.007857s ]
INFO: [ view_filter ] --START--
INFO: Run Behavior\WriteHtmlCacheBehavior [ RunTime:0.000166s ]
INFO: [ view_filter ] --END-- [ RunTime:0.000249s ]
INFO: [ app_end ] --START--
INFO: Run Behavior\ShowPageTraceBehavior [ RunTime:0.000402s ]
INFO: [ app_end ] --END-- [ RunTime:0.000490s ]

[ 2015-09-17T22:23:03+08:00 ] 127.0.0.1 /index.php?m=Store&c=GoodsBrand&a=viewGoodsClass
INFO: [ app_init ] --START--
INFO: Run Behavior\BuildLiteBehavior [ RunTime:0.000017s ]
INFO: [ app_init ] --END-- [ RunTime:0.000232s ]
INFO: [ app_begin ] --START--
INFO: Run Behavior\ReadHtmlCacheBehavior [ RunTime:0.000312s ]
INFO: [ app_begin ] --END-- [ RunTime:0.000384s ]
SQL: SHOW COLUMNS FROM `shop_class` [ RunTime:0.0170s ]
SQL: SELECT * FROM `shop_class` WHERE `shop_code` = '2139b23d014f8f03990c4f132d82457c'  [ RunTime:0.0171s ]
INFO: [ view_parse ] --START--
INFO: [ template_filter ] --START--
INFO: Run Behavior\ContentReplaceBehavior [ RunTime:0.000058s ]
INFO: [ template_filter ] --END-- [ RunTime:0.000167s ]
INFO: Run Behavior\ParseTemplateBehavior [ RunTime:0.007515s ]
INFO: [ view_parse ] --END-- [ RunTime:0.007621s ]
INFO: [ view_filter ] --START--
INFO: Run Behavior\WriteHtmlCacheBehavior [ RunTime:0.000267s ]
INFO: [ view_filter ] --END-- [ RunTime:0.000402s ]
NOTIC: [2] Cannot modify header information - headers already sent by (output started at /Users/badasslittlepig/www/wechatTeam/App/Store/Controller/GoodsBrandController.class.php:23) /Users/badasslittlepig/www/wechatTeam/ThinkPHP/Library/Think/View.class.php 第 91 行.
NOTIC: [2] Cannot modify header information - headers already sent by (output started at /Users/badasslittlepig/www/wechatTeam/App/Store/Controller/GoodsBrandController.class.php:23) /Users/badasslittlepig/www/wechatTeam/ThinkPHP/Library/Think/View.class.php 第 92 行.
NOTIC: [2] Cannot modify header information - headers already sent by (output started at /Users/badasslittlepig/www/wechatTeam/App/Store/Controller/GoodsBrandController.class.php:23) /Users/badasslittlepig/www/wechatTeam/ThinkPHP/Library/Think/View.class.php 第 93 行.
INFO: [ app_end ] --START--
INFO: Run Behavior\ShowPageTraceBehavior [ RunTime:0.000461s ]
INFO: [ app_end ] --END-- [ RunTime:0.000591s ]

[ 2015-09-17T22:23:13+08:00 ] 127.0.0.1 /index.php?m=Store&c=GoodsBrand&a=viewGoodsClass
INFO: [ app_init ] --START--
INFO: Run Behavior\BuildLiteBehavior [ RunTime:0.000016s ]
INFO: [ app_init ] --END-- [ RunTime:0.000230s ]
INFO: [ app_begin ] --START--
INFO: Run Behavior\ReadHtmlCacheBehavior [ RunTime:0.000246s ]
INFO: [ app_begin ] --END-- [ RunTime:0.000309s ]
SQL: SHOW COLUMNS FROM `shop_class` [ RunTime:0.0171s ]
SQL: SELECT * FROM `shop_class` WHERE `shop_code` = '2139b23d014f8f03990c4f132d82457c'  [ RunTime:0.0174s ]
INFO: [ view_parse ] --START--
INFO: [ template_filter ] --START--
INFO: Run Behavior\ContentReplaceBehavior [ RunTime:0.000062s ]
INFO: [ template_filter ] --END-- [ RunTime:0.000155s ]
INFO: Run Behavior\ParseTemplateBehavior [ RunTime:0.008875s ]
INFO: [ view_parse ] --END-- [ RunTime:0.008976s ]
INFO: [ view_filter ] --START--
INFO: Run Behavior\WriteHtmlCacheBehavior [ RunTime:0.000127s ]
INFO: [ view_filter ] --END-- [ RunTime:0.000191s ]
NOTIC: [2] Cannot modify header information - headers already sent by (output started at /Users/badasslittlepig/www/wechatTeam/App/Store/Controller/GoodsBrandController.class.php:23) /Users/badasslittlepig/www/wechatTeam/ThinkPHP/Library/Think/View.class.php 第 91 行.
NOTIC: [2] Cannot modify header information - headers already sent by (output started at /Users/badasslittlepig/www/wechatTeam/App/Store/Controller/GoodsBrandController.class.php:23) /Users/badasslittlepig/www/wechatTeam/ThinkPHP/Library/Think/View.class.php 第 92 行.
NOTIC: [2] Cannot modify header information - headers already sent by (output started at /Users/badasslittlepig/www/wechatTeam/App/Store/Controller/GoodsBrandController.class.php:23) /Users/badasslittlepig/www/wechatTeam/ThinkPHP/Library/Think/View.class.php 第 93 行.
INFO: [ app_end ] --START--
INFO: Run Behavior\ShowPageTraceBehavior [ RunTime:0.000302s ]
INFO: [ app_end ] --END-- [ RunTime:0.000368s ]

[ 2015-09-17T22:36:21+08:00 ] 127.0.0.1 /index.php?m=Store&c=GoodsBrand&a=viewGoodsClass
INFO: [ app_init ] --START--
INFO: Run Behavior\BuildLiteBehavior [ RunTime:0.000016s ]
INFO: [ app_init ] --END-- [ RunTime:0.000536s ]
INFO: [ app_begin ] --START--
INFO: Run Behavior\ReadHtmlCacheBehavior [ RunTime:0.000633s ]
INFO: [ app_begin ] --END-- [ RunTime:0.000710s ]
SQL: SHOW COLUMNS FROM `shop_class` [ RunTime:0.0169s ]
SQL: SELECT * FROM `shop_class` WHERE `shop_code` = '2139b23d014f8f03990c4f132d82457c'  [ RunTime:0.0172s ]
INFO: [ view_parse ] --START--
INFO: [ template_filter ] --START--
INFO: Run Behavior\ContentReplaceBehavior [ RunTime:0.000044s ]
INFO: [ template_filter ] --END-- [ RunTime:0.000119s ]
INFO: Run Behavior\ParseTemplateBehavior [ RunTime:0.007599s ]
INFO: [ view_parse ] --END-- [ RunTime:0.007673s ]
INFO: [ view_filter ] --START--
INFO: Run Behavior\WriteHtmlCacheBehavior [ RunTime:0.000397s ]
INFO: [ view_filter ] --END-- [ RunTime:0.000459s ]
INFO: [ app_end ] --START--
INFO: Run Behavior\ShowPageTraceBehavior [ RunTime:0.000565s ]
INFO: [ app_end ] --END-- [ RunTime:0.000628s ]

[ 2015-09-17T22:36:31+08:00 ] 127.0.0.1 /index.php?m=Store&c=GoodsBrand&a=viewGoodsClass
INFO: [ app_init ] --START--
INFO: Run Behavior\BuildLiteBehavior [ RunTime:0.000015s ]
INFO: [ app_init ] --END-- [ RunTime:0.000247s ]
INFO: [ app_begin ] --START--
INFO: Run Behavior\ReadHtmlCacheBehavior [ RunTime:0.000259s ]
INFO: [ app_begin ] --END-- [ RunTime:0.000324s ]
SQL: SHOW COLUMNS FROM `shop_class` [ RunTime:0.0172s ]
SQL: SELECT * FROM `shop_class` WHERE `shop_code` = '2139b23d014f8f03990c4f132d82457c'  [ RunTime:0.0188s ]
INFO: [ view_parse ] --START--
INFO: [ template_filter ] --START--
INFO: Run Behavior\ContentReplaceBehavior [ RunTime:0.000060s ]
INFO: [ template_filter ] --END-- [ RunTime:0.000144s ]
INFO: Run Behavior\ParseTemplateBehavior [ RunTime:0.006882s ]
INFO: [ view_parse ] --END-- [ RunTime:0.007037s ]
INFO: [ view_filter ] --START--
INFO: Run Behavior\WriteHtmlCacheBehavior [ RunTime:0.000212s ]
INFO: [ view_filter ] --END-- [ RunTime:0.000323s ]
INFO: [ app_end ] --START--
INFO: Run Behavior\ShowPageTraceBehavior [ RunTime:0.000500s ]
INFO: [ app_end ] --END-- [ RunTime:0.000617s ]

[ 2015-09-17T23:26:00+08:00 ] 127.0.0.1 /index.php?m=Store&c=GoodsBrand&a=viewGoodsClass
INFO: [ app_init ] --START--
INFO: Run Behavior\BuildLiteBehavior [ RunTime:0.000020s ]
INFO: [ app_init ] --END-- [ RunTime:0.000592s ]
INFO: [ app_begin ] --START--
INFO: Run Behavior\ReadHtmlCacheBehavior [ RunTime:0.000647s ]
INFO: [ app_begin ] --END-- [ RunTime:0.000738s ]
NOTIC: [2] include(Store\Service\GoodsService.class.php): failed to open stream: No such file or directory /Users/badasslittlepig/www/wechatTeam/ThinkPHP/Common/functions.php 第 587 行.
NOTIC: [2] include(): Failed opening 'Store\Service\GoodsService.class.php' for inclusion (include_path='.:/usr/local/php5/lib/php') /Users/badasslittlepig/www/wechatTeam/ThinkPHP/Common/functions.php 第 587 行.
SQL: SHOW COLUMNS FROM `shop_class` [ RunTime:0.0171s ]
SQL: SELECT * FROM `shop_class` WHERE `shop_code` = '2139b23d014f8f03990c4f132d82457c'  [ RunTime:0.0173s ]
INFO: [ view_parse ] --START--
INFO: [ template_filter ] --START--
INFO: Run Behavior\ContentReplaceBehavior [ RunTime:0.000044s ]
INFO: [ template_filter ] --END-- [ RunTime:0.000116s ]
INFO: Run Behavior\ParseTemplateBehavior [ RunTime:0.007816s ]
INFO: [ view_parse ] --END-- [ RunTime:0.007900s ]
INFO: [ view_filter ] --START--
INFO: Run Behavior\WriteHtmlCacheBehavior [ RunTime:0.000485s ]
INFO: [ view_filter ] --END-- [ RunTime:0.000570s ]
INFO: [ app_end ] --START--
INFO: Run Behavior\ShowPageTraceBehavior [ RunTime:0.000875s ]
INFO: [ app_end ] --END-- [ RunTime:0.000975s ]

[ 2015-09-17T23:37:00+08:00 ] 127.0.0.1 /index.php?m=Store&c=GoodsBrand&a=viewGoodsClass
INFO: [ app_init ] --START--
INFO: Run Behavior\BuildLiteBehavior [ RunTime:0.000031s ]
INFO: [ app_init ] --END-- [ RunTime:0.000752s ]
INFO: [ app_begin ] --START--
INFO: Run Behavior\ReadHtmlCacheBehavior [ RunTime:0.000654s ]
INFO: [ app_begin ] --END-- [ RunTime:0.000772s ]
NOTIC: [2] include(Store\Service\GoodsService.class.php): failed to open stream: No such file or directory /Users/badasslittlepig/www/wechatTeam/ThinkPHP/Common/functions.php 第 587 行.
NOTIC: [2] include(): Failed opening 'Store\Service\GoodsService.class.php' for inclusion (include_path='.:/usr/local/php5/lib/php') /Users/badasslittlepig/www/wechatTeam/ThinkPHP/Common/functions.php 第 587 行.
SQL: SHOW COLUMNS FROM `shop_class` [ RunTime:0.0167s ]
SQL: SELECT * FROM `shop_class` WHERE `shop_code` = '2139b23d014f8f03990c4f132d82457c' AND `parent_id` = 0  [ RunTime:0.0171s ]
INFO: [ view_parse ] --START--
INFO: [ template_filter ] --START--
INFO: Run Behavior\ContentReplaceBehavior [ RunTime:0.000055s ]
INFO: [ template_filter ] --END-- [ RunTime:0.000155s ]
INFO: Run Behavior\ParseTemplateBehavior [ RunTime:0.012553s ]
INFO: [ view_parse ] --END-- [ RunTime:0.012653s ]
INFO: [ view_filter ] --START--
INFO: Run Behavior\WriteHtmlCacheBehavior [ RunTime:0.000517s ]
INFO: [ view_filter ] --END-- [ RunTime:0.000592s ]
INFO: [ app_end ] --START--
INFO: Run Behavior\ShowPageTraceBehavior [ RunTime:0.000653s ]
INFO: [ app_end ] --END-- [ RunTime:0.000728s ]

[ 2015-09-17T23:37:39+08:00 ] 127.0.0.1 /index.php?m=Store&c=GoodsBrand&a=viewGoodsClass
INFO: [ app_init ] --START--
INFO: Run Behavior\BuildLiteBehavior [ RunTime:0.000016s ]
INFO: [ app_init ] --END-- [ RunTime:0.000283s ]
INFO: [ app_begin ] --START--
INFO: Run Behavior\ReadHtmlCacheBehavior [ RunTime:0.000241s ]
INFO: [ app_begin ] --END-- [ RunTime:0.000304s ]
NOTIC: [2] include(Store\Service\GoodsService.class.php): failed to open stream: No such file or directory /Users/badasslittlepig/www/wechatTeam/ThinkPHP/Common/functions.php 第 587 行.
NOTIC: [2] include(): Failed opening 'Store\Service\GoodsService.class.php' for inclusion (include_path='.:/usr/local/php5/lib/php') /Users/badasslittlepig/www/wechatTeam/ThinkPHP/Common/functions.php 第 587 行.
SQL: SHOW COLUMNS FROM `shop_class` [ RunTime:0.0169s ]
SQL: SELECT * FROM `shop_class` WHERE `shop_code` = '2139b23d014f8f03990c4f132d82457c' AND `parent_id` = 0  [ RunTime:0.0166s ]
INFO: [ view_parse ] --START--
INFO: [ template_filter ] --START--
INFO: Run Behavior\ContentReplaceBehavior [ RunTime:0.000041s ]
INFO: [ template_filter ] --END-- [ RunTime:0.000107s ]
INFO: Run Behavior\ParseTemplateBehavior [ RunTime:0.005678s ]
INFO: [ view_parse ] --END-- [ RunTime:0.005754s ]
INFO: [ view_filter ] --START--
INFO: Run Behavior\WriteHtmlCacheBehavior [ RunTime:0.000110s ]
INFO: [ view_filter ] --END-- [ RunTime:0.000168s ]
INFO: [ app_end ] --START--
INFO: Run Behavior\ShowPageTraceBehavior [ RunTime:0.000286s ]
INFO: [ app_end ] --END-- [ RunTime:0.000357s ]

[ 2015-09-17T23:38:00+08:00 ] 127.0.0.1 /index.php?m=Store&c=GoodsBrand&a=viewGoodsClass
INFO: [ app_init ] --START--
INFO: Run Behavior\BuildLiteBehavior [ RunTime:0.000015s ]
INFO: [ app_init ] --END-- [ RunTime:0.000227s ]
INFO: [ app_begin ] --START--
INFO: Run Behavior\ReadHtmlCacheBehavior [ RunTime:0.000244s ]
INFO: [ app_begin ] --END-- [ RunTime:0.000307s ]
NOTIC: [2] include(Store\Service\GoodsService.class.php): failed to open stream: No such file or directory /Users/badasslittlepig/www/wechatTeam/ThinkPHP/Common/functions.php 第 587 行.
NOTIC: [2] include(): Failed opening 'Store\Service\GoodsService.class.php' for inclusion (include_path='.:/usr/local/php5/lib/php') /Users/badasslittlepig/www/wechatTeam/ThinkPHP/Common/functions.php 第 587 行.
SQL: SHOW COLUMNS FROM `shop_class` [ RunTime:0.0166s ]
SQL: SELECT * FROM `shop_class` WHERE `shop_code` = '2139b23d014f8f03990c4f132d82457c' AND `parent_id` = 0  [ RunTime:0.0155s ]
INFO: [ view_parse ] --START--
INFO: [ template_filter ] --START--
INFO: Run Behavior\ContentReplaceBehavior [ RunTime:0.000077s ]
INFO: [ template_filter ] --END-- [ RunTime:0.000199s ]
INFO: Run Behavior\ParseTemplateBehavior [ RunTime:0.009965s ]
INFO: [ view_parse ] --END-- [ RunTime:0.010073s ]
INFO: [ view_filter ] --START--
INFO: Run Behavior\WriteHtmlCacheBehavior [ RunTime:0.000170s ]
INFO: [ view_filter ] --END-- [ RunTime:0.000254s ]
INFO: [ app_end ] --START--
INFO: Run Behavior\ShowPageTraceBehavior [ RunTime:0.000421s ]
INFO: [ app_end ] --END-- [ RunTime:0.000510s ]

[ 2015-09-17T23:38:39+08:00 ] 127.0.0.1 /index.php?m=Store&c=GoodsBrand&a=viewGoodsClass
INFO: [ app_init ] --START--
INFO: Run Behavior\BuildLiteBehavior [ RunTime:0.000016s ]
INFO: [ app_init ] --END-- [ RunTime:0.000229s ]
INFO: [ app_begin ] --START--
INFO: Run Behavior\ReadHtmlCacheBehavior [ RunTime:0.000254s ]
INFO: [ app_begin ] --END-- [ RunTime:0.000318s ]
NOTIC: [2] include(Store\Service\GoodsService.class.php): failed to open stream: No such file or directory /Users/badasslittlepig/www/wechatTeam/ThinkPHP/Common/functions.php 第 587 行.
NOTIC: [2] include(): Failed opening 'Store\Service\GoodsService.class.php' for inclusion (include_path='.:/usr/local/php5/lib/php') /Users/badasslittlepig/www/wechatTeam/ThinkPHP/Common/functions.php 第 587 行.
SQL: SHOW COLUMNS FROM `shop_class` [ RunTime:0.0171s ]
SQL: SELECT * FROM `shop_class` WHERE `shop_code` = '2139b23d014f8f03990c4f132d82457c' AND `parent_id` = 0  [ RunTime:0.0171s ]
INFO: [ view_parse ] --START--
INFO: [ template_filter ] --START--
INFO: Run Behavior\ContentReplaceBehavior [ RunTime:0.000053s ]
INFO: [ template_filter ] --END-- [ RunTime:0.000140s ]
INFO: Run Behavior\ParseTemplateBehavior [ RunTime:0.006634s ]
INFO: [ view_parse ] --END-- [ RunTime:0.006717s ]
INFO: [ view_filter ] --START--
INFO: Run Behavior\WriteHtmlCacheBehavior [ RunTime:0.000125s ]
INFO: [ view_filter ] --END-- [ RunTime:0.000202s ]
INFO: [ app_end ] --START--
INFO: Run Behavior\ShowPageTraceBehavior [ RunTime:0.000299s ]
INFO: [ app_end ] --END-- [ RunTime:0.000367s ]

[ 2015-09-17T23:39:03+08:00 ] 127.0.0.1 /index.php?m=Store&c=GoodsBrand&a=viewGoodsClass
INFO: [ app_init ] --START--
INFO: Run Behavior\BuildLiteBehavior [ RunTime:0.000015s ]
INFO: [ app_init ] --END-- [ RunTime:0.000218s ]
INFO: [ app_begin ] --START--
INFO: Run Behavior\ReadHtmlCacheBehavior [ RunTime:0.000234s ]
INFO: [ app_begin ] --END-- [ RunTime:0.000297s ]
NOTIC: [2] include(Store\Service\GoodsService.class.php): failed to open stream: No such file or directory /Users/badasslittlepig/www/wechatTeam/ThinkPHP/Common/functions.php 第 587 行.
NOTIC: [2] include(): Failed opening 'Store\Service\GoodsService.class.php' for inclusion (include_path='.:/usr/local/php5/lib/php') /Users/badasslittlepig/www/wechatTeam/ThinkPHP/Common/functions.php 第 587 行.
SQL: SHOW COLUMNS FROM `shop_class` [ RunTime:0.0171s ]
SQL: SELECT * FROM `shop_class` WHERE `shop_code` = '2139b23d014f8f03990c4f132d82457c' AND `parent_id` = 0  [ RunTime:0.0171s ]
INFO: [ view_parse ] --START--
INFO: [ template_filter ] --START--
INFO: Run Behavior\ContentReplaceBehavior [ RunTime:0.000066s ]
INFO: [ template_filter ] --END-- [ RunTime:0.000236s ]
INFO: Run Behavior\ParseTemplateBehavior [ RunTime:0.007089s ]
INFO: [ view_parse ] --END-- [ RunTime:0.007189s ]
INFO: [ view_filter ] --START--
INFO: Run Behavior\WriteHtmlCacheBehavior [ RunTime:0.000189s ]
INFO: [ view_filter ] --END-- [ RunTime:0.000277s ]
INFO: [ app_end ] --START--
INFO: Run Behavior\ShowPageTraceBehavior [ RunTime:0.000420s ]
INFO: [ app_end ] --END-- [ RunTime:0.000512s ]

[ 2015-09-17T23:41:43+08:00 ] 127.0.0.1 /index.php?m=Store&c=GoodsBrand&a=viewGoodsClass
INFO: [ app_init ] --START--
INFO: Run Behavior\BuildLiteBehavior [ RunTime:0.000032s ]
INFO: [ app_init ] --END-- [ RunTime:0.000317s ]
INFO: [ app_begin ] --START--
INFO: Run Behavior\ReadHtmlCacheBehavior [ RunTime:0.000300s ]
INFO: [ app_begin ] --END-- [ RunTime:0.000370s ]
NOTIC: [2] include(Store\Service\GoodsService.class.php): failed to open stream: No such file or directory /Users/badasslittlepig/www/wechatTeam/ThinkPHP/Common/functions.php 第 587 行.
NOTIC: [2] include(): Failed opening 'Store\Service\GoodsService.class.php' for inclusion (include_path='.:/usr/local/php5/lib/php') /Users/badasslittlepig/www/wechatTeam/ThinkPHP/Common/functions.php 第 587 行.
SQL: SHOW COLUMNS FROM `shop_class` [ RunTime:0.0171s ]
SQL: SELECT * FROM `shop_class` WHERE `shop_code` = '2139b23d014f8f03990c4f132d82457c' AND `parent_id` = 0  [ RunTime:0.0153s ]
INFO: [ view_parse ] --START--
INFO: [ template_filter ] --START--
INFO: Run Behavior\ContentReplaceBehavior [ RunTime:0.000054s ]
INFO: [ template_filter ] --END-- [ RunTime:0.000149s ]
NOTIC: [8] Undefined index: id /Users/badasslittlepig/www/wechatTeam/App/Runtime/Cache/Store/37a3454113a390385ad765af6f89a00e.php 第 57 行.
NOTIC: [8] Undefined index: name /Users/badasslittlepig/www/wechatTeam/App/Runtime/Cache/Store/37a3454113a390385ad765af6f89a00e.php 第 57 行.
INFO: Run Behavior\ParseTemplateBehavior [ RunTime:0.009120s ]
INFO: [ view_parse ] --END-- [ RunTime:0.009216s ]
INFO: [ view_filter ] --START--
INFO: Run Behavior\WriteHtmlCacheBehavior [ RunTime:0.000132s ]
INFO: [ view_filter ] --END-- [ RunTime:0.000202s ]
INFO: [ app_end ] --START--
INFO: Run Behavior\ShowPageTraceBehavior [ RunTime:0.000308s ]
INFO: [ app_end ] --END-- [ RunTime:0.000377s ]

[ 2015-09-17T23:42:05+08:00 ] 127.0.0.1 /index.php?m=Store&c=GoodsBrand&a=viewGoodsClass
INFO: [ app_init ] --START--
INFO: Run Behavior\BuildLiteBehavior [ RunTime:0.000017s ]
INFO: [ app_init ] --END-- [ RunTime:0.000252s ]
INFO: [ app_begin ] --START--
INFO: Run Behavior\ReadHtmlCacheBehavior [ RunTime:0.000303s ]
INFO: [ app_begin ] --END-- [ RunTime:0.000379s ]
NOTIC: [2] include(Store\Service\GoodsService.class.php): failed to open stream: No such file or directory /Users/badasslittlepig/www/wechatTeam/ThinkPHP/Common/functions.php 第 587 行.
NOTIC: [2] include(): Failed opening 'Store\Service\GoodsService.class.php' for inclusion (include_path='.:/usr/local/php5/lib/php') /Users/badasslittlepig/www/wechatTeam/ThinkPHP/Common/functions.php 第 587 行.
SQL: SHOW COLUMNS FROM `shop_class` [ RunTime:0.0175s ]
SQL: SELECT * FROM `shop_class` WHERE `shop_code` = '2139b23d014f8f03990c4f132d82457c' AND `parent_id` = 0  [ RunTime:0.0167s ]
INFO: [ view_parse ] --START--
INFO: [ template_filter ] --START--
INFO: Run Behavior\ContentReplaceBehavior [ RunTime:0.000076s ]
INFO: [ template_filter ] --END-- [ RunTime:0.000194s ]
INFO: Run Behavior\ParseTemplateBehavior [ RunTime:0.009808s ]
INFO: [ view_parse ] --END-- [ RunTime:0.009914s ]
INFO: [ view_filter ] --START--
INFO: Run Behavior\WriteHtmlCacheBehavior [ RunTime:0.000197s ]
INFO: [ view_filter ] --END-- [ RunTime:0.000281s ]
INFO: [ app_end ] --START--
INFO: Run Behavior\ShowPageTraceBehavior [ RunTime:0.000607s ]
INFO: [ app_end ] --END-- [ RunTime:0.000775s ]

[ 2015-09-17T23:44:10+08:00 ] 127.0.0.1 /index.php?m=Store&c=GoodsBrand&a=viewGoodsClass
INFO: [ app_init ] --START--
INFO: Run Behavior\BuildLiteBehavior [ RunTime:0.000024s ]
INFO: [ app_init ] --END-- [ RunTime:0.000717s ]
INFO: [ app_begin ] --START--
INFO: Run Behavior\ReadHtmlCacheBehavior [ RunTime:0.000422s ]
INFO: [ app_begin ] --END-- [ RunTime:0.000511s ]
NOTIC: [2] include(Store\Service\GoodsService.class.php): failed to open stream: No such file or directory /Users/badasslittlepig/www/wechatTeam/ThinkPHP/Common/functions.php 第 587 行.
NOTIC: [2] include(): Failed opening 'Store\Service\GoodsService.class.php' for inclusion (include_path='.:/usr/local/php5/lib/php') /Users/badasslittlepig/www/wechatTeam/ThinkPHP/Common/functions.php 第 587 行.
SQL: SHOW COLUMNS FROM `shop_class` [ RunTime:0.0169s ]
SQL: SELECT * FROM `shop_class` WHERE `shop_code` = '2139b23d014f8f03990c4f132d82457c' AND `parent_id` = 0  [ RunTime:0.0169s ]
INFO: [ view_parse ] --START--
INFO: [ template_filter ] --START--
INFO: Run Behavior\ContentReplaceBehavior [ RunTime:0.000049s ]
INFO: [ template_filter ] --END-- [ RunTime:0.000134s ]
INFO: Run Behavior\ParseTemplateBehavior [ RunTime:0.009816s ]
INFO: [ view_parse ] --END-- [ RunTime:0.009954s ]
INFO: [ view_filter ] --START--
INFO: Run Behavior\WriteHtmlCacheBehavior [ RunTime:0.000125s ]
INFO: [ view_filter ] --END-- [ RunTime:0.000191s ]
INFO: [ app_end ] --START--
INFO: Run Behavior\ShowPageTraceBehavior [ RunTime:0.000300s ]
INFO: [ app_end ] --END-- [ RunTime:0.000371s ]

[ 2015-09-17T23:44:16+08:00 ] 127.0.0.1 /index.php?m=Store&c=GoodsBrand&a=goodsClassList
INFO: [ app_init ] --START--
INFO: Run Behavior\BuildLiteBehavior [ RunTime:0.000019s ]
INFO: [ app_init ] --END-- [ RunTime:0.000378s ]
INFO: [ app_begin ] --START--
INFO: Run Behavior\ReadHtmlCacheBehavior [ RunTime:0.000332s ]
INFO: [ app_begin ] --END-- [ RunTime:0.000398s ]
INFO: [ view_parse ] --START--
INFO: [ template_filter ] --START--
INFO: Run Behavior\ContentReplaceBehavior [ RunTime:0.000131s ]
INFO: [ template_filter ] --END-- [ RunTime:0.000293s ]
INFO: Run Behavior\ParseTemplateBehavior [ RunTime:0.012740s ]
INFO: [ view_parse ] --END-- [ RunTime:0.012835s ]
INFO: [ view_filter ] --START--
INFO: Run Behavior\WriteHtmlCacheBehavior [ RunTime:0.000118s ]
INFO: [ view_filter ] --END-- [ RunTime:0.000177s ]
INFO: [ app_end ] --START--
INFO: Run Behavior\ShowPageTraceBehavior [ RunTime:0.000375s ]
INFO: [ app_end ] --END-- [ RunTime:0.000499s ]

[ 2015-09-17T23:48:52+08:00 ] 127.0.0.1 /index.php?m=Store&c=GoodsBrand&a=goodsClassList
INFO: [ app_init ] --START--
INFO: Run Behavior\BuildLiteBehavior [ RunTime:0.000016s ]
INFO: [ app_init ] --END-- [ RunTime:0.000501s ]
INFO: [ app_begin ] --START--
INFO: Run Behavior\ReadHtmlCacheBehavior [ RunTime:0.000608s ]
INFO: [ app_begin ] --END-- [ RunTime:0.000678s ]
INFO: [ view_parse ] --START--
INFO: [ template_filter ] --START--
INFO: Run Behavior\ContentReplaceBehavior [ RunTime:0.000063s ]
INFO: [ template_filter ] --END-- [ RunTime:0.000237s ]
INFO: Run Behavior\ParseTemplateBehavior [ RunTime:0.006057s ]
INFO: [ view_parse ] --END-- [ RunTime:0.006131s ]
INFO: [ view_filter ] --START--
INFO: Run Behavior\WriteHtmlCacheBehavior [ RunTime:0.000620s ]
INFO: [ view_filter ] --END-- [ RunTime:0.000695s ]
INFO: [ app_end ] --START--
INFO: Run Behavior\ShowPageTraceBehavior [ RunTime:0.001100s ]
INFO: [ app_end ] --END-- [ RunTime:0.001208s ]

[ 2015-09-17T23:51:02+08:00 ] 127.0.0.1 /index.php?m=Store&c=GoodsBrand&a=goodsClassList
INFO: [ app_init ] --START--
INFO: Run Behavior\BuildLiteBehavior [ RunTime:0.000025s ]
INFO: [ app_init ] --END-- [ RunTime:0.000388s ]
INFO: [ app_begin ] --START--
INFO: Run Behavior\ReadHtmlCacheBehavior [ RunTime:0.000262s ]
INFO: [ app_begin ] --END-- [ RunTime:0.000328s ]
NOTIC: [2] include(Store\Service\GoodsService.class.php): failed to open stream: No such file or directory /Users/badasslittlepig/www/wechatTeam/ThinkPHP/Common/functions.php 第 587 行.
NOTIC: [2] include(): Failed opening 'Store\Service\GoodsService.class.php' for inclusion (include_path='.:/usr/local/php5/lib/php') /Users/badasslittlepig/www/wechatTeam/ThinkPHP/Common/functions.php 第 587 行.
NOTIC: [2] Missing argument 1 for Store\Service\GoodsService::getGoodsClass(), called in /Users/badasslittlepig/www/wechatTeam/App/Store/Controller/GoodsBrandController.class.php on line 16 and defined /Users/badasslittlepig/www/wechatTeam/App/Store/Service/GoodsService.class.php 第 12 行.
NOTIC: [8] Undefined variable: type /Users/badasslittlepig/www/wechatTeam/App/Store/Service/GoodsService.class.php 第 13 行.
SQL: SHOW COLUMNS FROM `shop_class` [ RunTime:0.0170s ]
SQL: SELECT * FROM `shop_class` WHERE `shop_code` = '2139b23d014f8f03990c4f132d82457c'  [ RunTime:0.0158s ]
INFO: [ view_parse ] --START--
INFO: [ template_filter ] --START--
INFO: Run Behavior\ContentReplaceBehavior [ RunTime:0.000051s ]
INFO: [ template_filter ] --END-- [ RunTime:0.000136s ]
INFO: Run Behavior\ParseTemplateBehavior [ RunTime:0.005161s ]
INFO: [ view_parse ] --END-- [ RunTime:0.005249s ]
INFO: [ view_filter ] --START--
INFO: Run Behavior\WriteHtmlCacheBehavior [ RunTime:0.000121s ]
INFO: [ view_filter ] --END-- [ RunTime:0.000185s ]
INFO: [ app_end ] --START--
INFO: Run Behavior\ShowPageTraceBehavior [ RunTime:0.000303s ]
INFO: [ app_end ] --END-- [ RunTime:0.000382s ]

[ 2015-09-17T23:51:06+08:00 ] 127.0.0.1 /index.php?m=Store&c=GoodsBrand&a=viewGoodsClass
INFO: [ app_init ] --START--
INFO: Run Behavior\BuildLiteBehavior [ RunTime:0.000019s ]
INFO: [ app_init ] --END-- [ RunTime:0.000288s ]
INFO: [ app_begin ] --START--
INFO: Run Behavior\ReadHtmlCacheBehavior [ RunTime:0.000318s ]
INFO: [ app_begin ] --END-- [ RunTime:0.000403s ]
NOTIC: [2] include(Store\Service\GoodsService.class.php): failed to open stream: No such file or directory /Users/badasslittlepig/www/wechatTeam/ThinkPHP/Common/functions.php 第 587 行.
NOTIC: [2] include(): Failed opening 'Store\Service\GoodsService.class.php' for inclusion (include_path='.:/usr/local/php5/lib/php') /Users/badasslittlepig/www/wechatTeam/ThinkPHP/Common/functions.php 第 587 行.
SQL: SHOW COLUMNS FROM `shop_class` [ RunTime:0.0170s ]
SQL: SELECT * FROM `shop_class` WHERE `shop_code` = '2139b23d014f8f03990c4f132d82457c' AND `parent_id` = 0  [ RunTime:0.0169s ]
INFO: [ view_parse ] --START--
INFO: [ template_filter ] --START--
INFO: Run Behavior\ContentReplaceBehavior [ RunTime:0.000059s ]
INFO: [ template_filter ] --END-- [ RunTime:0.000168s ]
INFO: Run Behavior\ParseTemplateBehavior [ RunTime:0.008249s ]
INFO: [ view_parse ] --END-- [ RunTime:0.008344s ]
INFO: [ view_filter ] --START--
INFO: Run Behavior\WriteHtmlCacheBehavior [ RunTime:0.000123s ]
INFO: [ view_filter ] --END-- [ RunTime:0.000222s ]
INFO: [ app_end ] --START--
INFO: Run Behavior\ShowPageTraceBehavior [ RunTime:0.000326s ]
INFO: [ app_end ] --END-- [ RunTime:0.000399s ]

[ 2015-09-17T23:51:31+08:00 ] 127.0.0.1 /index.php?m=Store&c=GoodsBrand&a=addGoodsClass
INFO: [ app_init ] --START--
INFO: Run Behavior\BuildLiteBehavior [ RunTime:0.000019s ]
INFO: [ app_init ] --END-- [ RunTime:0.000285s ]
INFO: [ app_begin ] --START--
INFO: Run Behavior\ReadHtmlCacheBehavior [ RunTime:0.000268s ]
INFO: [ app_begin ] --END-- [ RunTime:0.000342s ]
NOTIC: [2] include(Store\Service\UpimgService.class.php): failed to open stream: No such file or directory /Users/badasslittlepig/www/wechatTeam/ThinkPHP/Common/functions.php 第 587 行.
NOTIC: [2] include(): Failed opening 'Store\Service\UpimgService.class.php' for inclusion (include_path='.:/usr/local/php5/lib/php') /Users/badasslittlepig/www/wechatTeam/ThinkPHP/Common/functions.php 第 587 行.
SQL: SHOW COLUMNS FROM `shop_class` [ RunTime:0.0170s ]
SQL: INSERT INTO `shop_class` (`name`,`title`,`parent_id`,`index`,`is_delete`,`keywords`,`desc`,`ad_img`,`class_logo`,`shop_code`,`add_time`) VALUES ('分类二','阿杀菌','0','50','1','萨卡卡','萨卡卡；说','20150917/1442505091.jpeg','20150917/1442505091.jpeg','2139b23d014f8f03990c4f132d82457c','20150917235131') [ RunTime:0.0236s ]
INFO: [ view_parse ] --START--
INFO: [ template_filter ] --START--
INFO: Run Behavior\ContentReplaceBehavior [ RunTime:0.000055s ]
INFO: [ template_filter ] --END-- [ RunTime:0.000165s ]
INFO: Run Behavior\ParseTemplateBehavior [ RunTime:0.008053s ]
INFO: [ view_parse ] --END-- [ RunTime:0.008238s ]
INFO: [ view_filter ] --START--
INFO: Run Behavior\WriteHtmlCacheBehavior [ RunTime:0.000222s ]
INFO: [ view_filter ] --END-- [ RunTime:0.000320s ]
INFO: [ app_end ] --START--
INFO: Run Behavior\ShowPageTraceBehavior [ RunTime:0.000392s ]
INFO: [ app_end ] --END-- [ RunTime:0.000479s ]

[ 2015-09-17T23:51:32+08:00 ] 127.0.0.1 /index.php?m=Store&c=GoodsBrand&a=viewGoodsClass
INFO: [ app_init ] --START--
INFO: Run Behavior\BuildLiteBehavior [ RunTime:0.000016s ]
INFO: [ app_init ] --END-- [ RunTime:0.000226s ]
INFO: [ app_begin ] --START--
INFO: Run Behavior\ReadHtmlCacheBehavior [ RunTime:0.000250s ]
INFO: [ app_begin ] --END-- [ RunTime:0.000327s ]
NOTIC: [2] include(Store\Service\GoodsService.class.php): failed to open stream: No such file or directory /Users/badasslittlepig/www/wechatTeam/ThinkPHP/Common/functions.php 第 587 行.
NOTIC: [2] include(): Failed opening 'Store\Service\GoodsService.class.php' for inclusion (include_path='.:/usr/local/php5/lib/php') /Users/badasslittlepig/www/wechatTeam/ThinkPHP/Common/functions.php 第 587 行.
SQL: SHOW COLUMNS FROM `shop_class` [ RunTime:0.0168s ]
SQL: SELECT * FROM `shop_class` WHERE `shop_code` = '2139b23d014f8f03990c4f132d82457c' AND `parent_id` = 0  [ RunTime:0.0154s ]
INFO: [ view_parse ] --START--
INFO: [ template_filter ] --START--
INFO: Run Behavior\ContentReplaceBehavior [ RunTime:0.000049s ]
INFO: [ template_filter ] --END-- [ RunTime:0.000123s ]
INFO: Run Behavior\ParseTemplateBehavior [ RunTime:0.007107s ]
INFO: [ view_parse ] --END-- [ RunTime:0.007189s ]
INFO: [ view_filter ] --START--
INFO: Run Behavior\WriteHtmlCacheBehavior [ RunTime:0.000112s ]
INFO: [ view_filter ] --END-- [ RunTime:0.000174s ]
INFO: [ app_end ] --START--
INFO: Run Behavior\ShowPageTraceBehavior [ RunTime:0.000270s ]
INFO: [ app_end ] --END-- [ RunTime:0.000334s ]

[ 2015-09-17T23:52:02+08:00 ] 127.0.0.1 /index.php?m=Store&c=GoodsBrand&a=addGoodsClass
INFO: [ app_init ] --START--
INFO: Run Behavior\BuildLiteBehavior [ RunTime:0.000017s ]
INFO: [ app_init ] --END-- [ RunTime:0.000260s ]
INFO: [ app_begin ] --START--
INFO: Run Behavior\ReadHtmlCacheBehavior [ RunTime:0.000274s ]
INFO: [ app_begin ] --END-- [ RunTime:0.000348s ]
NOTIC: [2] include(Store\Service\UpimgService.class.php): failed to open stream: No such file or directory /Users/badasslittlepig/www/wechatTeam/ThinkPHP/Common/functions.php 第 587 行.
NOTIC: [2] include(): Failed opening 'Store\Service\UpimgService.class.php' for inclusion (include_path='.:/usr/local/php5/lib/php') /Users/badasslittlepig/www/wechatTeam/ThinkPHP/Common/functions.php 第 587 行.
SQL: SHOW COLUMNS FROM `shop_class` [ RunTime:0.0168s ]
SQL: INSERT INTO `shop_class` (`name`,`title`,`parent_id`,`index`,`is_delete`,`keywords`,`desc`,`ad_img`,`class_logo`,`shop_code`,`add_time`) VALUES ('分类一－1','阿顺利解决啊靠','1','50','1','请问情况；了｀','来算；拉开； ','20150917/1442505122.jpeg','20150917/1442505122.jpeg','2139b23d014f8f03990c4f132d82457c','20150917235202') [ RunTime:0.0399s ]
INFO: [ view_parse ] --START--
INFO: [ template_filter ] --START--
INFO: Run Behavior\ContentReplaceBehavior [ RunTime:0.000073s ]
INFO: [ template_filter ] --END-- [ RunTime:0.000183s ]
INFO: Run Behavior\ParseTemplateBehavior [ RunTime:0.005715s ]
INFO: [ view_parse ] --END-- [ RunTime:0.005838s ]
INFO: [ view_filter ] --START--
INFO: Run Behavior\WriteHtmlCacheBehavior [ RunTime:0.000133s ]
INFO: [ view_filter ] --END-- [ RunTime:0.000208s ]
INFO: [ app_end ] --START--
INFO: Run Behavior\ShowPageTraceBehavior [ RunTime:0.000329s ]
INFO: [ app_end ] --END-- [ RunTime:0.000406s ]

[ 2015-09-17T23:52:03+08:00 ] 127.0.0.1 /index.php?m=Store&c=GoodsBrand&a=viewGoodsClass
INFO: [ app_init ] --START--
INFO: Run Behavior\BuildLiteBehavior [ RunTime:0.000018s ]
INFO: [ app_init ] --END-- [ RunTime:0.000251s ]
INFO: [ app_begin ] --START--
INFO: Run Behavior\ReadHtmlCacheBehavior [ RunTime:0.000273s ]
INFO: [ app_begin ] --END-- [ RunTime:0.000359s ]
NOTIC: [2] include(Store\Service\GoodsService.class.php): failed to open stream: No such file or directory /Users/badasslittlepig/www/wechatTeam/ThinkPHP/Common/functions.php 第 587 行.
NOTIC: [2] include(): Failed opening 'Store\Service\GoodsService.class.php' for inclusion (include_path='.:/usr/local/php5/lib/php') /Users/badasslittlepig/www/wechatTeam/ThinkPHP/Common/functions.php 第 587 行.
SQL: SHOW COLUMNS FROM `shop_class` [ RunTime:0.0168s ]
SQL: SELECT * FROM `shop_class` WHERE `shop_code` = '2139b23d014f8f03990c4f132d82457c' AND `parent_id` = 0  [ RunTime:0.0171s ]
INFO: [ view_parse ] --START--
INFO: [ template_filter ] --START--
INFO: Run Behavior\ContentReplaceBehavior [ RunTime:0.000053s ]
INFO: [ template_filter ] --END-- [ RunTime:0.000135s ]
INFO: Run Behavior\ParseTemplateBehavior [ RunTime:0.008606s ]
INFO: [ view_parse ] --END-- [ RunTime:0.008707s ]
INFO: [ view_filter ] --START--
INFO: Run Behavior\WriteHtmlCacheBehavior [ RunTime:0.000136s ]
INFO: [ view_filter ] --END-- [ RunTime:0.000209s ]
INFO: [ app_end ] --START--
INFO: Run Behavior\ShowPageTraceBehavior [ RunTime:0.000322s ]
INFO: [ app_end ] --END-- [ RunTime:0.000409s ]

[ 2015-09-17T23:52:14+08:00 ] 127.0.0.1 /index.php?m=Store&c=GoodsBrand&a=goodsClassList
INFO: [ app_init ] --START--
INFO: Run Behavior\BuildLiteBehavior [ RunTime:0.000015s ]
INFO: [ app_init ] --END-- [ RunTime:0.000221s ]
INFO: [ app_begin ] --START--
INFO: Run Behavior\ReadHtmlCacheBehavior [ RunTime:0.000237s ]
INFO: [ app_begin ] --END-- [ RunTime:0.000298s ]
NOTIC: [2] include(Store\Service\GoodsService.class.php): failed to open stream: No such file or directory /Users/badasslittlepig/www/wechatTeam/ThinkPHP/Common/functions.php 第 587 行.
NOTIC: [2] include(): Failed opening 'Store\Service\GoodsService.class.php' for inclusion (include_path='.:/usr/local/php5/lib/php') /Users/badasslittlepig/www/wechatTeam/ThinkPHP/Common/functions.php 第 587 行.
NOTIC: [2] Missing argument 1 for Store\Service\GoodsService::getGoodsClass(), called in /Users/badasslittlepig/www/wechatTeam/App/Store/Controller/GoodsBrandController.class.php on line 16 and defined /Users/badasslittlepig/www/wechatTeam/App/Store/Service/GoodsService.class.php 第 12 行.
NOTIC: [8] Undefined variable: type /Users/badasslittlepig/www/wechatTeam/App/Store/Service/GoodsService.class.php 第 13 行.
SQL: SHOW COLUMNS FROM `shop_class` [ RunTime:0.0170s ]
SQL: SELECT * FROM `shop_class` WHERE `shop_code` = '2139b23d014f8f03990c4f132d82457c'  [ RunTime:0.0157s ]
INFO: [ view_parse ] --START--
INFO: [ template_filter ] --START--
INFO: Run Behavior\ContentReplaceBehavior [ RunTime:0.000040s ]
INFO: [ template_filter ] --END-- [ RunTime:0.000104s ]
INFO: Run Behavior\ParseTemplateBehavior [ RunTime:0.003782s ]
INFO: [ view_parse ] --END-- [ RunTime:0.003849s ]
INFO: [ view_filter ] --START--
INFO: Run Behavior\WriteHtmlCacheBehavior [ RunTime:0.000100s ]
INFO: [ view_filter ] --END-- [ RunTime:0.000156s ]
INFO: [ app_end ] --START--
INFO: Run Behavior\ShowPageTraceBehavior [ RunTime:0.000326s ]
INFO: [ app_end ] --END-- [ RunTime:0.000388s ]

[ 2015-09-17T23:52:34+08:00 ] 127.0.0.1 /index.php?m=Store&c=GoodsBrand&a=goodsClassList
INFO: [ app_init ] --START--
INFO: Run Behavior\BuildLiteBehavior [ RunTime:0.000015s ]
INFO: [ app_init ] --END-- [ RunTime:0.000226s ]
INFO: [ app_begin ] --START--
INFO: Run Behavior\ReadHtmlCacheBehavior [ RunTime:0.000243s ]
INFO: [ app_begin ] --END-- [ RunTime:0.000306s ]
NOTIC: [2] include(Store\Service\GoodsService.class.php): failed to open stream: No such file or directory /Users/badasslittlepig/www/wechatTeam/ThinkPHP/Common/functions.php 第 587 行.
NOTIC: [2] include(): Failed opening 'Store\Service\GoodsService.class.php' for inclusion (include_path='.:/usr/local/php5/lib/php') /Users/badasslittlepig/www/wechatTeam/ThinkPHP/Common/functions.php 第 587 行.
NOTIC: [2] Missing argument 1 for Store\Service\GoodsService::getGoodsClass(), called in /Users/badasslittlepig/www/wechatTeam/App/Store/Controller/GoodsBrandController.class.php on line 16 and defined /Users/badasslittlepig/www/wechatTeam/App/Store/Service/GoodsService.class.php 第 12 行.
NOTIC: [8] Undefined variable: type /Users/badasslittlepig/www/wechatTeam/App/Store/Service/GoodsService.class.php 第 13 行.
SQL: SHOW COLUMNS FROM `shop_class` [ RunTime:0.0165s ]
SQL: SELECT * FROM `shop_class` WHERE `shop_code` = '2139b23d014f8f03990c4f132d82457c'  [ RunTime:0.0158s ]
INFO: [ view_parse ] --START--
INFO: [ template_filter ] --START--
INFO: Run Behavior\ContentReplaceBehavior [ RunTime:0.000057s ]
INFO: [ template_filter ] --END-- [ RunTime:0.000154s ]
INFO: Run Behavior\ParseTemplateBehavior [ RunTime:0.006194s ]
INFO: [ view_parse ] --END-- [ RunTime:0.006310s ]
INFO: [ view_filter ] --START--
INFO: Run Behavior\WriteHtmlCacheBehavior [ RunTime:0.000176s ]
INFO: [ view_filter ] --END-- [ RunTime:0.000260s ]
INFO: [ app_end ] --START--
INFO: Run Behavior\ShowPageTraceBehavior [ RunTime:0.000358s ]
INFO: [ app_end ] --END-- [ RunTime:0.000437s ]

