[ 2015-09-13T22:52:36+08:00 ] 127.0.0.1 /index.php?m=Store&c=Index&a=login
INFO: [ app_init ] --START--
INFO: Run Behavior\BuildLiteBehavior [ RunTime:0.000014s ]
INFO: [ app_init ] --END-- [ RunTime:0.000211s ]
INFO: [ app_begin ] --START--
INFO: Run Behavior\ReadHtmlCacheBehavior [ RunTime:0.000234s ]
INFO: [ app_begin ] --END-- [ RunTime:0.000294s ]
INFO: [ view_parse ] --START--
NOTIC: [2] file_get_contents(./App/Store/View/public/footer.html): failed to open stream: No such file or directory /Users/badasslittlepig/www/wechatTeam/ThinkPHP/Library/Think/Template.class.php 第 696 行.
INFO: [ template_filter ] --START--
INFO: Run Behavior\ContentReplaceBehavior [ RunTime:0.000049s ]
INFO: [ template_filter ] --END-- [ RunTime:0.000124s ]
INFO: Run Behavior\ParseTemplateBehavior [ RunTime:0.011482s ]
INFO: [ view_parse ] --END-- [ RunTime:0.011573s ]
INFO: [ view_filter ] --START--
INFO: Run Behavior\WriteHtmlCacheBehavior [ RunTime:0.000170s ]
INFO: [ view_filter ] --END-- [ RunTime:0.000254s ]
INFO: [ app_end ] --START--
INFO: Run Behavior\ShowPageTraceBehavior [ RunTime:0.000388s ]
INFO: [ app_end ] --END-- [ RunTime:0.000476s ]

[ 2015-09-13T22:52:36+08:00 ] 127.0.0.1 /index.php?m=Store&c=Index&a=createVerify
INFO: [ app_init ] --START--
INFO: Run Behavior\BuildLiteBehavior [ RunTime:0.000020s ]
INFO: [ app_init ] --END-- [ RunTime:0.000284s ]
INFO: [ app_begin ] --START--
INFO: Run Behavior\ReadHtmlCacheBehavior [ RunTime:0.000374s ]
INFO: [ app_begin ] --END-- [ RunTime:0.000471s ]
INFO: [ app_end ] --START--
INFO: Run Behavior\ShowPageTraceBehavior [ RunTime:0.000264s ]
INFO: [ app_end ] --END-- [ RunTime:0.000334s ]

[ 2015-09-13T22:52:55+08:00 ] 127.0.0.1 /index.php?m=Store&c=Index&a=userLogin
INFO: [ app_init ] --START--
INFO: Run Behavior\BuildLiteBehavior [ RunTime:0.000023s ]
INFO: [ app_init ] --END-- [ RunTime:0.000264s ]
INFO: [ app_begin ] --START--
INFO: Run Behavior\ReadHtmlCacheBehavior [ RunTime:0.000251s ]
INFO: [ app_begin ] --END-- [ RunTime:0.000309s ]

[ 2015-09-13T22:53:12+08:00 ] 127.0.0.1 /index.php?m=Store&c=Index&a=createVerify
INFO: [ app_init ] --START--
INFO: Run Behavior\BuildLiteBehavior [ RunTime:0.000015s ]
INFO: [ app_init ] --END-- [ RunTime:0.000241s ]
INFO: [ app_begin ] --START--
INFO: Run Behavior\ReadHtmlCacheBehavior [ RunTime:0.000238s ]
INFO: [ app_begin ] --END-- [ RunTime:0.000299s ]
INFO: [ app_end ] --START--
INFO: Run Behavior\ShowPageTraceBehavior [ RunTime:0.000251s ]
INFO: [ app_end ] --END-- [ RunTime:0.000316s ]

[ 2015-09-13T22:53:19+08:00 ] 127.0.0.1 /index.php?m=Store&c=Index&a=userLogin
INFO: [ app_init ] --START--
INFO: Run Behavior\BuildLiteBehavior [ RunTime:0.000014s ]
INFO: [ app_init ] --END-- [ RunTime:0.000244s ]
INFO: [ app_begin ] --START--
INFO: Run Behavior\ReadHtmlCacheBehavior [ RunTime:0.000248s ]
INFO: [ app_begin ] --END-- [ RunTime:0.000303s ]
NOTIC: [2] include(Store\Model\UserModel.class.php): failed to open stream: No such file or directory /Users/badasslittlepig/www/wechatTeam/ThinkPHP/Common/functions.php 第 587 行.
NOTIC: [2] include(): Failed opening 'Store\Model\UserModel.class.php' for inclusion (include_path='.:/usr/local/php5/lib/php') /Users/badasslittlepig/www/wechatTeam/ThinkPHP/Common/functions.php 第 587 行.
SQL: SHOW COLUMNS FROM `shop_user` [ RunTime:0.0171s ]
SQL: SELECT * FROM `shop_user` WHERE `user` = 'admin' LIMIT 1   [ RunTime:0.0175s ]
NOTIC: [2] include(Store\Service\CheckService.class.php): failed to open stream: No such file or directory /Users/badasslittlepig/www/wechatTeam/ThinkPHP/Common/functions.php 第 587 行.
NOTIC: [2] include(): Failed opening 'Store\Service\CheckService.class.php' for inclusion (include_path='.:/usr/local/php5/lib/php') /Users/badasslittlepig/www/wechatTeam/ThinkPHP/Common/functions.php 第 587 行.

[ 2015-09-13T22:53:19+08:00 ] 127.0.0.1 /index.php?m=Store&c=Shop&a=index
INFO: [ app_init ] --START--
INFO: Run Behavior\BuildLiteBehavior [ RunTime:0.000015s ]
INFO: [ app_init ] --END-- [ RunTime:0.000215s ]
INFO: [ app_begin ] --START--
INFO: Run Behavior\ReadHtmlCacheBehavior [ RunTime:0.000246s ]
INFO: [ app_begin ] --END-- [ RunTime:0.000309s ]

[ 2015-09-13T22:53:47+08:00 ] 127.0.0.1 /index.php?m=Store&c=Index&a=login
INFO: [ app_init ] --START--
INFO: Run Behavior\BuildLiteBehavior [ RunTime:0.000015s ]
INFO: [ app_init ] --END-- [ RunTime:0.000228s ]
INFO: [ app_begin ] --START--
INFO: Run Behavior\ReadHtmlCacheBehavior [ RunTime:0.000314s ]
INFO: [ app_begin ] --END-- [ RunTime:0.000400s ]
INFO: [ view_parse ] --START--
NOTIC: [2] file_get_contents(./App/Store/View/public/footer.html): failed to open stream: No such file or directory /Users/badasslittlepig/www/wechatTeam/ThinkPHP/Library/Think/Template.class.php 第 696 行.
INFO: [ template_filter ] --START--
INFO: Run Behavior\ContentReplaceBehavior [ RunTime:0.000074s ]
INFO: [ template_filter ] --END-- [ RunTime:0.000195s ]
INFO: Run Behavior\ParseTemplateBehavior [ RunTime:0.005849s ]
INFO: [ view_parse ] --END-- [ RunTime:0.005942s ]
INFO: [ view_filter ] --START--
INFO: Run Behavior\WriteHtmlCacheBehavior [ RunTime:0.000133s ]
INFO: [ view_filter ] --END-- [ RunTime:0.000191s ]
INFO: [ app_end ] --START--
INFO: Run Behavior\ShowPageTraceBehavior [ RunTime:0.000318s ]
INFO: [ app_end ] --END-- [ RunTime:0.000383s ]

[ 2015-09-13T22:53:47+08:00 ] 127.0.0.1 /index.php?m=Store&c=Index&a=createVerify
INFO: [ app_init ] --START--
INFO: Run Behavior\BuildLiteBehavior [ RunTime:0.000015s ]
INFO: [ app_init ] --END-- [ RunTime:0.000230s ]
INFO: [ app_begin ] --START--
INFO: Run Behavior\ReadHtmlCacheBehavior [ RunTime:0.000241s ]
INFO: [ app_begin ] --END-- [ RunTime:0.000306s ]
INFO: [ app_end ] --START--
INFO: Run Behavior\ShowPageTraceBehavior [ RunTime:0.000285s ]
INFO: [ app_end ] --END-- [ RunTime:0.000359s ]

[ 2015-09-13T22:54:00+08:00 ] 127.0.0.1 /index.php?m=Store&c=Index&a=userLogin
INFO: [ app_init ] --START--
INFO: Run Behavior\BuildLiteBehavior [ RunTime:0.000015s ]
INFO: [ app_init ] --END-- [ RunTime:0.000244s ]
INFO: [ app_begin ] --START--
INFO: Run Behavior\ReadHtmlCacheBehavior [ RunTime:0.000232s ]
INFO: [ app_begin ] --END-- [ RunTime:0.000285s ]
NOTIC: [2] include(Store\Model\UserModel.class.php): failed to open stream: No such file or directory /Users/badasslittlepig/www/wechatTeam/ThinkPHP/Common/functions.php 第 587 行.
NOTIC: [2] include(): Failed opening 'Store\Model\UserModel.class.php' for inclusion (include_path='.:/usr/local/php5/lib/php') /Users/badasslittlepig/www/wechatTeam/ThinkPHP/Common/functions.php 第 587 行.
SQL: SHOW COLUMNS FROM `shop_user` [ RunTime:0.0163s ]
SQL: SELECT * FROM `shop_user` WHERE `user` = 'admin' LIMIT 1   [ RunTime:0.0176s ]
NOTIC: [2] include(Store\Service\CheckService.class.php): failed to open stream: No such file or directory /Users/badasslittlepig/www/wechatTeam/ThinkPHP/Common/functions.php 第 587 行.
NOTIC: [2] include(): Failed opening 'Store\Service\CheckService.class.php' for inclusion (include_path='.:/usr/local/php5/lib/php') /Users/badasslittlepig/www/wechatTeam/ThinkPHP/Common/functions.php 第 587 行.

[ 2015-09-13T22:54:00+08:00 ] 127.0.0.1 /index.php?m=Store&c=Shop&a=index
INFO: [ app_init ] --START--
INFO: Run Behavior\BuildLiteBehavior [ RunTime:0.000015s ]
INFO: [ app_init ] --END-- [ RunTime:0.000223s ]
INFO: [ app_begin ] --START--
INFO: Run Behavior\ReadHtmlCacheBehavior [ RunTime:0.000240s ]
INFO: [ app_begin ] --END-- [ RunTime:0.000311s ]

[ 2015-09-13T22:54:04+08:00 ] 127.0.0.1 /index.php?m=Store&c=Shop&a=index
INFO: [ app_init ] --START--
INFO: Run Behavior\BuildLiteBehavior [ RunTime:0.000016s ]
INFO: [ app_init ] --END-- [ RunTime:0.000248s ]
INFO: [ app_begin ] --START--
INFO: Run Behavior\ReadHtmlCacheBehavior [ RunTime:0.000268s ]
INFO: [ app_begin ] --END-- [ RunTime:0.000352s ]

[ 2015-09-13T22:55:39+08:00 ] 127.0.0.1 /index.php?m=Store&c=Shop&a=index
INFO: [ app_init ] --START--
INFO: Run Behavior\BuildLiteBehavior [ RunTime:0.000015s ]
INFO: [ app_init ] --END-- [ RunTime:0.000261s ]
INFO: [ app_begin ] --START--
INFO: Run Behavior\ReadHtmlCacheBehavior [ RunTime:0.000246s ]
INFO: [ app_begin ] --END-- [ RunTime:0.000310s ]

[ 2015-09-13T22:55:48+08:00 ] 127.0.0.1 /index.php?m=Store&c=Shop&a=index
INFO: [ app_init ] --START--
INFO: Run Behavior\BuildLiteBehavior [ RunTime:0.000019s ]
INFO: [ app_init ] --END-- [ RunTime:0.000330s ]
INFO: [ app_begin ] --START--
INFO: Run Behavior\ReadHtmlCacheBehavior [ RunTime:0.000265s ]
INFO: [ app_begin ] --END-- [ RunTime:0.000327s ]
INFO: [ view_parse ] --START--
INFO: [ template_filter ] --START--
INFO: Run Behavior\ContentReplaceBehavior [ RunTime:0.000033s ]
INFO: [ template_filter ] --END-- [ RunTime:0.000099s ]
INFO: Run Behavior\ParseTemplateBehavior [ RunTime:0.003769s ]
INFO: [ view_parse ] --END-- [ RunTime:0.003836s ]
INFO: [ view_filter ] --START--
INFO: Run Behavior\WriteHtmlCacheBehavior [ RunTime:0.000107s ]
INFO: [ view_filter ] --END-- [ RunTime:0.000163s ]
INFO: [ app_end ] --START--
INFO: Run Behavior\ShowPageTraceBehavior [ RunTime:0.000271s ]
INFO: [ app_end ] --END-- [ RunTime:0.000340s ]

[ 2015-09-13T22:55:56+08:00 ] 127.0.0.1 /index.php?m=Store&c=Shop&a=index
INFO: [ app_init ] --START--
INFO: Run Behavior\BuildLiteBehavior [ RunTime:0.000015s ]
INFO: [ app_init ] --END-- [ RunTime:0.000222s ]
INFO: [ app_begin ] --START--
INFO: Run Behavior\ReadHtmlCacheBehavior [ RunTime:0.000237s ]
INFO: [ app_begin ] --END-- [ RunTime:0.000297s ]
INFO: [ view_parse ] --START--
INFO: [ template_filter ] --START--
INFO: Run Behavior\ContentReplaceBehavior [ RunTime:0.000048s ]
INFO: [ template_filter ] --END-- [ RunTime:0.000161s ]
INFO: Run Behavior\ParseTemplateBehavior [ RunTime:0.004787s ]
INFO: [ view_parse ] --END-- [ RunTime:0.004852s ]
INFO: [ view_filter ] --START--
INFO: Run Behavior\WriteHtmlCacheBehavior [ RunTime:0.000112s ]
INFO: [ view_filter ] --END-- [ RunTime:0.000169s ]
INFO: [ app_end ] --START--
INFO: Run Behavior\ShowPageTraceBehavior [ RunTime:0.000275s ]
INFO: [ app_end ] --END-- [ RunTime:0.000335s ]

[ 2015-09-13T23:11:08+08:00 ] 127.0.0.1 /index.php?m=Store&c=Shop&a=index
INFO: [ app_init ] --START--
INFO: Run Behavior\BuildLiteBehavior [ RunTime:0.000017s ]
INFO: [ app_init ] --END-- [ RunTime:0.000484s ]
INFO: [ app_begin ] --START--
INFO: Run Behavior\ReadHtmlCacheBehavior [ RunTime:0.000288s ]
INFO: [ app_begin ] --END-- [ RunTime:0.000388s ]
SQL: SHOW COLUMNS FROM `shop_goods` [ RunTime:0.0172s ]
SQL: SELECT COUNT(*) AS tp_count FROM `shop_goods` WHERE `shop_code` = '2139b23d014f8f03990c4f132d82457c' LIMIT 1   [ RunTime:0.0165s ]
SQL: SELECT COUNT(*) AS tp_count FROM `shop_goods` WHERE `shop_code` = '2139b23d014f8f03990c4f132d82457c' AND `is_recommend` = '1' LIMIT 1   [ RunTime:0.0176s ]
SQL: SELECT COUNT(*) AS tp_count FROM `shop_goods` WHERE `shop_code` = '2139b23d014f8f03990c4f132d82457c' AND `status` = '1' LIMIT 1   [ RunTime:0.0178s ]
SQL: SHOW COLUMNS FROM `shop_order` [ RunTime:0.0170s ]
SQL: SELECT COUNT(*) AS tp_count FROM `shop_order` WHERE `shop_code` = '2139b23d014f8f03990c4f132d82457c' LIMIT 1   [ RunTime:0.0171s ]
SQL: SELECT COUNT(*) AS tp_count FROM `shop_order` WHERE `shop_code` = '2139b23d014f8f03990c4f132d82457c' AND `status` = '3' LIMIT 1   [ RunTime:0.0175s ]
INFO: [ view_parse ] --START--
INFO: [ template_filter ] --START--
INFO: Run Behavior\ContentReplaceBehavior [ RunTime:0.000055s ]
INFO: [ template_filter ] --END-- [ RunTime:0.000163s ]
INFO: Run Behavior\ParseTemplateBehavior [ RunTime:0.007281s ]
INFO: [ view_parse ] --END-- [ RunTime:0.007389s ]
INFO: [ view_filter ] --START--
INFO: Run Behavior\WriteHtmlCacheBehavior [ RunTime:0.000157s ]
INFO: [ view_filter ] --END-- [ RunTime:0.000238s ]
INFO: [ app_end ] --START--
INFO: Run Behavior\ShowPageTraceBehavior [ RunTime:0.000762s ]
INFO: [ app_end ] --END-- [ RunTime:0.000858s ]

[ 2015-09-13T23:11:15+08:00 ] 127.0.0.1 /index.php?m=Store&c=Shop&a=index
INFO: [ app_init ] --START--
INFO: Run Behavior\BuildLiteBehavior [ RunTime:0.000016s ]
INFO: [ app_init ] --END-- [ RunTime:0.000228s ]
INFO: [ app_begin ] --START--
INFO: Run Behavior\ReadHtmlCacheBehavior [ RunTime:0.000265s ]
INFO: [ app_begin ] --END-- [ RunTime:0.000333s ]
SQL: SHOW COLUMNS FROM `shop_goods` [ RunTime:0.0168s ]
SQL: SELECT COUNT(*) AS tp_count FROM `shop_goods` WHERE `shop_code` = '2139b23d014f8f03990c4f132d82457c' LIMIT 1   [ RunTime:0.0169s ]
SQL: SELECT COUNT(*) AS tp_count FROM `shop_goods` WHERE `shop_code` = '2139b23d014f8f03990c4f132d82457c' AND `is_recommend` = '1' LIMIT 1   [ RunTime:0.0161s ]
SQL: SELECT COUNT(*) AS tp_count FROM `shop_goods` WHERE `shop_code` = '2139b23d014f8f03990c4f132d82457c' AND `status` = '1' LIMIT 1   [ RunTime:0.0152s ]
SQL: SHOW COLUMNS FROM `shop_order` [ RunTime:0.0175s ]
SQL: SELECT COUNT(*) AS tp_count FROM `shop_order` WHERE `shop_code` = '2139b23d014f8f03990c4f132d82457c' LIMIT 1   [ RunTime:0.0281s ]
SQL: SELECT COUNT(*) AS tp_count FROM `shop_order` WHERE `shop_code` = '2139b23d014f8f03990c4f132d82457c' AND `status` = '3' LIMIT 1   [ RunTime:0.0212s ]
INFO: [ view_parse ] --START--
INFO: [ template_filter ] --START--
INFO: Run Behavior\ContentReplaceBehavior [ RunTime:0.000051s ]
INFO: [ template_filter ] --END-- [ RunTime:0.000144s ]
INFO: Run Behavior\ParseTemplateBehavior [ RunTime:0.005441s ]
INFO: [ view_parse ] --END-- [ RunTime:0.005550s ]
INFO: [ view_filter ] --START--
INFO: Run Behavior\WriteHtmlCacheBehavior [ RunTime:0.000149s ]
INFO: [ view_filter ] --END-- [ RunTime:0.000232s ]
INFO: [ app_end ] --START--
INFO: Run Behavior\ShowPageTraceBehavior [ RunTime:0.000373s ]
INFO: [ app_end ] --END-- [ RunTime:0.000453s ]

[ 2015-09-13T23:11:29+08:00 ] 127.0.0.1 /index.php?m=Store&c=Shop&a=index
INFO: [ app_init ] --START--
INFO: Run Behavior\BuildLiteBehavior [ RunTime:0.000015s ]
INFO: [ app_init ] --END-- [ RunTime:0.000240s ]
INFO: [ app_begin ] --START--
INFO: Run Behavior\ReadHtmlCacheBehavior [ RunTime:0.000229s ]
INFO: [ app_begin ] --END-- [ RunTime:0.000290s ]
SQL: SHOW COLUMNS FROM `shop_goods` [ RunTime:0.0169s ]
SQL: SELECT COUNT(*) AS tp_count FROM `shop_goods` WHERE `shop_code` = '2139b23d014f8f03990c4f132d82457c' LIMIT 1   [ RunTime:0.0169s ]
SQL: SELECT COUNT(*) AS tp_count FROM `shop_goods` WHERE `shop_code` = '2139b23d014f8f03990c4f132d82457c' AND `is_recommend` = '1' LIMIT 1   [ RunTime:0.0154s ]
SQL: SELECT COUNT(*) AS tp_count FROM `shop_goods` WHERE `shop_code` = '2139b23d014f8f03990c4f132d82457c' AND `status` = '1' LIMIT 1   [ RunTime:0.0156s ]
SQL: SHOW COLUMNS FROM `shop_order` [ RunTime:0.0168s ]
SQL: SELECT COUNT(*) AS tp_count FROM `shop_order` WHERE `shop_code` = '2139b23d014f8f03990c4f132d82457c' LIMIT 1   [ RunTime:0.0169s ]
SQL: SELECT COUNT(*) AS tp_count FROM `shop_order` WHERE `shop_code` = '2139b23d014f8f03990c4f132d82457c' AND `status` = '3' LIMIT 1   [ RunTime:0.0157s ]
INFO: [ view_parse ] --START--
INFO: [ template_filter ] --START--
INFO: Run Behavior\ContentReplaceBehavior [ RunTime:0.000051s ]
INFO: [ template_filter ] --END-- [ RunTime:0.000146s ]
INFO: Run Behavior\ParseTemplateBehavior [ RunTime:0.005499s ]
INFO: [ view_parse ] --END-- [ RunTime:0.005608s ]
INFO: [ view_filter ] --START--
INFO: Run Behavior\WriteHtmlCacheBehavior [ RunTime:0.000147s ]
INFO: [ view_filter ] --END-- [ RunTime:0.000230s ]
INFO: [ app_end ] --START--
INFO: Run Behavior\ShowPageTraceBehavior [ RunTime:0.000367s ]
INFO: [ app_end ] --END-- [ RunTime:0.000453s ]

[ 2015-09-13T23:24:17+08:00 ] 127.0.0.1 /index.php?m=Store&c=Shop&a=setCompanyConf
INFO: [ app_init ] --START--
INFO: Run Behavior\BuildLiteBehavior [ RunTime:0.000021s ]
INFO: [ app_init ] --END-- [ RunTime:0.000637s ]
INFO: [ app_begin ] --START--
INFO: Run Behavior\ReadHtmlCacheBehavior [ RunTime:0.000793s ]
INFO: [ app_begin ] --END-- [ RunTime:0.000892s ]
INFO: [ app_end ] --START--
INFO: Run Behavior\ShowPageTraceBehavior [ RunTime:0.000740s ]
INFO: [ app_end ] --END-- [ RunTime:0.000834s ]

