[ 2015-10-04T08:00:41+08:00 ] 127.0.0.1 /index.php?m=Store&c=Goods&a=goodsList
INFO: [ app_init ] --START--
INFO: Run Behavior\BuildLiteBehavior [ RunTime:0.000029s ]
INFO: [ app_init ] --END-- [ RunTime:0.000440s ]
INFO: [ app_begin ] --START--
INFO: Run Behavior\ReadHtmlCacheBehavior [ RunTime:0.001017s ]
INFO: [ app_begin ] --END-- [ RunTime:0.001125s ]
SQL: SHOW COLUMNS FROM `shop_catalog` [ RunTime:0.0327s ]
SQL: SELECT * FROM `shop_catalog` ORDER BY parent_id ASC , `index` ASC  [ RunTime:0.0099s ]
NOTIC: [2] include(Store\Service\GoodsService.class.php): failed to open stream: No such file or directory /Users/badasslittlepig/www/wechatTeam/ThinkPHP/Common/functions.php 第 587 行.
NOTIC: [2] include(): Failed opening 'Store\Service\GoodsService.class.php' for inclusion (include_path='.:/usr/local/php5/lib/php') /Users/badasslittlepig/www/wechatTeam/ThinkPHP/Common/functions.php 第 587 行.
NOTIC: [2] Missing argument 1 for Store\Service\GoodsService::getGoodsClass(), called in /Users/badasslittlepig/www/wechatTeam/App/Store/Controller/GoodsController.class.php on line 128 and defined /Users/badasslittlepig/www/wechatTeam/App/Store/Service/GoodsService.class.php 第 12 行.
NOTIC: [8] Undefined variable: type /Users/badasslittlepig/www/wechatTeam/App/Store/Service/GoodsService.class.php 第 14 行.
SQL: SHOW COLUMNS FROM `shop_class` [ RunTime:0.0039s ]
NOTIC: [8] Undefined index: unique_code /Users/badasslittlepig/www/wechatTeam/App/Store/Service/GoodsService.class.php 第 17 行.
SQL: SELECT * FROM `shop_class` WHERE `shop_code` = null AND `type` = '1' AND `is_delete` <> '0'  [ RunTime:0.0031s ]
SQL: SHOW COLUMNS FROM `shop_goods` [ RunTime:0.0028s ]
NOTIC: [2] include(Store\Model\GoodsModel.class.php): failed to open stream: No such file or directory /Users/badasslittlepig/www/wechatTeam/ThinkPHP/Common/functions.php 第 587 行.
NOTIC: [2] include(): Failed opening 'Store\Model\GoodsModel.class.php' for inclusion (include_path='.:/usr/local/php5/lib/php') /Users/badasslittlepig/www/wechatTeam/ThinkPHP/Common/functions.php 第 587 行.
SQL: SHOW COLUMNS FROM `shop_goods` [ RunTime:0.0024s ]
NOTIC: [8] Undefined index: unique_code /Users/badasslittlepig/www/wechatTeam/App/Store/Controller/GoodsController.class.php 第 155 行.
SQL: SHOW COLUMNS FROM `shop_goods` [ RunTime:0.0032s ]
SQL: SELECT gs.id,gs.title,gs.price,gs.market_price,gs.purchase_price,gs.discount_price,gs.distribution_price,gs.count,gs.unless_count,gs.small_img,gs.add_time,gs.is_hot,gs.is_new,gs.is_recommend,gs.status,cs.name FROM shop_goods gs INNER JOIN shop_class cs ON cs.id = gs.class_id  WHERE gs.shop_code = null AND gs.status = '1'  [ RunTime:0.0007s ]
INFO: [ view_parse ] --START--
INFO: [ template_filter ] --START--
INFO: Run Behavior\ContentReplaceBehavior [ RunTime:0.000092s ]
INFO: [ template_filter ] --END-- [ RunTime:0.000169s ]
NOTIC: [8] Undefined index: next /Users/badasslittlepig/www/wechatTeam/App/Runtime/Cache/Store/1177de5c65e084521b40c9606877030e.php 第 92 行.
NOTIC: [8] Undefined variable: title /Users/badasslittlepig/www/wechatTeam/App/Runtime/Cache/Store/1177de5c65e084521b40c9606877030e.php 第 127 行.
INFO: Run Behavior\ParseTemplateBehavior [ RunTime:0.054529s ]
INFO: [ view_parse ] --END-- [ RunTime:0.054628s ]
INFO: [ view_filter ] --START--
INFO: Run Behavior\WriteHtmlCacheBehavior [ RunTime:0.000580s ]
INFO: [ view_filter ] --END-- [ RunTime:0.000660s ]
INFO: [ app_end ] --START--
INFO: Run Behavior\ShowPageTraceBehavior [ RunTime:0.000715s ]
INFO: [ app_end ] --END-- [ RunTime:0.000795s ]

[ 2015-10-04T08:00:53+08:00 ] 127.0.0.1 /index.php?m=Store&c=Banner&a=bannerList
INFO: [ app_init ] --START--
INFO: Run Behavior\BuildLiteBehavior [ RunTime:0.000026s ]
INFO: [ app_init ] --END-- [ RunTime:0.000341s ]
INFO: [ app_begin ] --START--
INFO: Run Behavior\ReadHtmlCacheBehavior [ RunTime:0.000348s ]
INFO: [ app_begin ] --END-- [ RunTime:0.000427s ]
SQL: SHOW COLUMNS FROM `shop_catalog` [ RunTime:0.0017s ]
SQL: SELECT * FROM `shop_catalog` ORDER BY parent_id ASC , `index` ASC  [ RunTime:0.0003s ]
NOTIC: [8] Undefined index: unique_code /Users/badasslittlepig/www/wechatTeam/App/Store/Controller/BannerController.class.php 第 30 行.
SQL: SHOW COLUMNS FROM `shop_banner` [ RunTime:0.0011s ]
SQL: SELECT * FROM `shop_banner` WHERE `shop_code` = null ORDER BY `index` desc  [ RunTime:0.0003s ]
INFO: [ view_parse ] --START--
INFO: [ template_filter ] --START--
INFO: Run Behavior\ContentReplaceBehavior [ RunTime:0.000064s ]
INFO: [ template_filter ] --END-- [ RunTime:0.000140s ]
NOTIC: [8] Undefined index: next /Users/badasslittlepig/www/wechatTeam/App/Runtime/Cache/Store/2aa551ab54a55023646c57d711ef3e2d.php 第 93 行.
NOTIC: [8] Undefined variable: title /Users/badasslittlepig/www/wechatTeam/App/Runtime/Cache/Store/2aa551ab54a55023646c57d711ef3e2d.php 第 128 行.
INFO: Run Behavior\ParseTemplateBehavior [ RunTime:0.021704s ]
INFO: [ view_parse ] --END-- [ RunTime:0.021810s ]
INFO: [ view_filter ] --START--
INFO: Run Behavior\WriteHtmlCacheBehavior [ RunTime:0.000235s ]
INFO: [ view_filter ] --END-- [ RunTime:0.000343s ]
INFO: [ app_end ] --START--
INFO: Run Behavior\ShowPageTraceBehavior [ RunTime:0.000552s ]
INFO: [ app_end ] --END-- [ RunTime:0.000673s ]

[ 2015-10-04T08:00:56+08:00 ] 127.0.0.1 /index.php?m=Store&c=GoodsBrand&a=goodsClassList
INFO: [ app_init ] --START--
INFO: Run Behavior\BuildLiteBehavior [ RunTime:0.000015s ]
INFO: [ app_init ] --END-- [ RunTime:0.000212s ]
INFO: [ app_begin ] --START--
INFO: Run Behavior\ReadHtmlCacheBehavior [ RunTime:0.000227s ]
INFO: [ app_begin ] --END-- [ RunTime:0.000300s ]
SQL: SHOW COLUMNS FROM `shop_catalog` [ RunTime:0.0014s ]
SQL: SELECT * FROM `shop_catalog` ORDER BY parent_id ASC , `index` ASC  [ RunTime:0.0003s ]
NOTIC: [2] include(Store\Service\GoodsService.class.php): failed to open stream: No such file or directory /Users/badasslittlepig/www/wechatTeam/ThinkPHP/Common/functions.php 第 587 行.
NOTIC: [2] include(): Failed opening 'Store\Service\GoodsService.class.php' for inclusion (include_path='.:/usr/local/php5/lib/php') /Users/badasslittlepig/www/wechatTeam/ThinkPHP/Common/functions.php 第 587 行.
NOTIC: [2] Missing argument 1 for Store\Service\GoodsService::getGoodsClass(), called in /Users/badasslittlepig/www/wechatTeam/App/Store/Controller/GoodsBrandController.class.php on line 16 and defined /Users/badasslittlepig/www/wechatTeam/App/Store/Service/GoodsService.class.php 第 12 行.
NOTIC: [8] Undefined variable: type /Users/badasslittlepig/www/wechatTeam/App/Store/Service/GoodsService.class.php 第 14 行.
SQL: SHOW COLUMNS FROM `shop_class` [ RunTime:0.0028s ]
NOTIC: [8] Undefined index: unique_code /Users/badasslittlepig/www/wechatTeam/App/Store/Service/GoodsService.class.php 第 17 行.
SQL: SELECT * FROM `shop_class` WHERE `shop_code` = null AND `type` = '1' AND `is_delete` <> '0'  [ RunTime:0.0005s ]
SQL: SHOW COLUMNS FROM `shop_goods` [ RunTime:0.0017s ]
INFO: [ view_parse ] --START--
INFO: [ template_filter ] --START--
INFO: Run Behavior\ContentReplaceBehavior [ RunTime:0.000062s ]
INFO: [ template_filter ] --END-- [ RunTime:0.000140s ]
NOTIC: [8] Undefined index: next /Users/badasslittlepig/www/wechatTeam/App/Runtime/Cache/Store/84aeb807fccf5cbc774f239c23a4aa7e.php 第 93 行.
NOTIC: [8] Undefined variable: title /Users/badasslittlepig/www/wechatTeam/App/Runtime/Cache/Store/84aeb807fccf5cbc774f239c23a4aa7e.php 第 128 行.
INFO: Run Behavior\ParseTemplateBehavior [ RunTime:0.041953s ]
INFO: [ view_parse ] --END-- [ RunTime:0.042029s ]
INFO: [ view_filter ] --START--
INFO: Run Behavior\WriteHtmlCacheBehavior [ RunTime:0.000115s ]
INFO: [ view_filter ] --END-- [ RunTime:0.000167s ]
INFO: [ app_end ] --START--
INFO: Run Behavior\ShowPageTraceBehavior [ RunTime:0.000356s ]
INFO: [ app_end ] --END-- [ RunTime:0.000428s ]

[ 2015-10-04T08:01:13+08:00 ] 127.0.0.1 /index.php?m=Store&c=index&a=login
INFO: [ app_init ] --START--
INFO: Run Behavior\BuildLiteBehavior [ RunTime:0.000029s ]
INFO: [ app_init ] --END-- [ RunTime:0.000401s ]
INFO: [ app_begin ] --START--
INFO: Run Behavior\ReadHtmlCacheBehavior [ RunTime:0.000365s ]
INFO: [ app_begin ] --END-- [ RunTime:0.000445s ]
INFO: [ view_parse ] --START--
NOTIC: [2] file_get_contents(./App/Store/View/public/footer.html): failed to open stream: No such file or directory /Users/badasslittlepig/www/wechatTeam/ThinkPHP/Library/Think/Template.class.php 第 696 行.
INFO: [ template_filter ] --START--
INFO: Run Behavior\ContentReplaceBehavior [ RunTime:0.000065s ]
INFO: [ template_filter ] --END-- [ RunTime:0.000169s ]
INFO: Run Behavior\ParseTemplateBehavior [ RunTime:0.010335s ]
INFO: [ view_parse ] --END-- [ RunTime:0.010446s ]
INFO: [ view_filter ] --START--
INFO: Run Behavior\WriteHtmlCacheBehavior [ RunTime:0.000140s ]
INFO: [ view_filter ] --END-- [ RunTime:0.000205s ]
INFO: [ app_end ] --START--
INFO: Run Behavior\ShowPageTraceBehavior [ RunTime:0.000379s ]
INFO: [ app_end ] --END-- [ RunTime:0.000462s ]

[ 2015-10-04T08:01:13+08:00 ] 127.0.0.1 /index.php?m=Store&c=Index&a=createVerify
INFO: [ app_init ] --START--
INFO: Run Behavior\BuildLiteBehavior [ RunTime:0.000030s ]
INFO: [ app_init ] --END-- [ RunTime:0.000385s ]
INFO: [ app_begin ] --START--
INFO: Run Behavior\ReadHtmlCacheBehavior [ RunTime:0.000385s ]
INFO: [ app_begin ] --END-- [ RunTime:0.000470s ]
INFO: [ app_end ] --START--
INFO: Run Behavior\ShowPageTraceBehavior [ RunTime:0.001697s ]
INFO: [ app_end ] --END-- [ RunTime:0.002165s ]

[ 2015-10-04T08:13:30+08:00 ] 127.0.0.1 /index.php?m=Store&c=Index&a=login
INFO: [ app_init ] --START--
INFO: Run Behavior\BuildLiteBehavior [ RunTime:0.000015s ]
INFO: [ app_init ] --END-- [ RunTime:0.000228s ]
INFO: [ app_begin ] --START--
INFO: Run Behavior\ReadHtmlCacheBehavior [ RunTime:0.000425s ]
INFO: [ app_begin ] --END-- [ RunTime:0.000603s ]
INFO: [ view_parse ] --START--
NOTIC: [2] file_get_contents(./App/Store/View/public/footer.html): failed to open stream: No such file or directory /Users/badasslittlepig/www/wechatTeam/ThinkPHP/Library/Think/Template.class.php 第 696 行.
INFO: [ template_filter ] --START--
INFO: Run Behavior\ContentReplaceBehavior [ RunTime:0.000046s ]
INFO: [ template_filter ] --END-- [ RunTime:0.000114s ]
INFO: Run Behavior\ParseTemplateBehavior [ RunTime:0.006136s ]
INFO: [ view_parse ] --END-- [ RunTime:0.006210s ]
INFO: [ view_filter ] --START--
INFO: Run Behavior\WriteHtmlCacheBehavior [ RunTime:0.000117s ]
INFO: [ view_filter ] --END-- [ RunTime:0.000177s ]
INFO: [ app_end ] --START--
INFO: Run Behavior\ShowPageTraceBehavior [ RunTime:0.000296s ]
INFO: [ app_end ] --END-- [ RunTime:0.000364s ]

[ 2015-10-04T08:13:30+08:00 ] 127.0.0.1 /index.php?m=Store&c=Index&a=createVerify
INFO: [ app_init ] --START--
INFO: Run Behavior\BuildLiteBehavior [ RunTime:0.000015s ]
INFO: [ app_init ] --END-- [ RunTime:0.000216s ]
INFO: [ app_begin ] --START--
INFO: Run Behavior\ReadHtmlCacheBehavior [ RunTime:0.000239s ]
INFO: [ app_begin ] --END-- [ RunTime:0.000304s ]
INFO: [ app_end ] --START--
INFO: Run Behavior\ShowPageTraceBehavior [ RunTime:0.000272s ]
INFO: [ app_end ] --END-- [ RunTime:0.000347s ]

[ 2015-10-04T08:13:38+08:00 ] 127.0.0.1 /index.php?m=Store&c=Index&a=createVerify
INFO: [ app_init ] --START--
INFO: Run Behavior\BuildLiteBehavior [ RunTime:0.000015s ]
INFO: [ app_init ] --END-- [ RunTime:0.000222s ]
INFO: [ app_begin ] --START--
INFO: Run Behavior\ReadHtmlCacheBehavior [ RunTime:0.000237s ]
INFO: [ app_begin ] --END-- [ RunTime:0.000301s ]
INFO: [ app_end ] --START--
INFO: Run Behavior\ShowPageTraceBehavior [ RunTime:0.000315s ]
INFO: [ app_end ] --END-- [ RunTime:0.000407s ]

[ 2015-10-04T08:13:45+08:00 ] 127.0.0.1 /index.php?m=Store&c=Index&a=userLogin
INFO: [ app_init ] --START--
INFO: Run Behavior\BuildLiteBehavior [ RunTime:0.000029s ]
INFO: [ app_init ] --END-- [ RunTime:0.000431s ]
INFO: [ app_begin ] --START--
INFO: Run Behavior\ReadHtmlCacheBehavior [ RunTime:0.000420s ]
INFO: [ app_begin ] --END-- [ RunTime:0.000544s ]
NOTIC: [2] include(Store\Model\UserModel.class.php): failed to open stream: No such file or directory /Users/badasslittlepig/www/wechatTeam/ThinkPHP/Common/functions.php 第 587 行.
NOTIC: [2] include(): Failed opening 'Store\Model\UserModel.class.php' for inclusion (include_path='.:/usr/local/php5/lib/php') /Users/badasslittlepig/www/wechatTeam/ThinkPHP/Common/functions.php 第 587 行.
SQL: SHOW COLUMNS FROM `shop_user` [ RunTime:0.0014s ]
SQL: SELECT * FROM `shop_user` WHERE `user` = 'admin' LIMIT 1   [ RunTime:0.0002s ]
NOTIC: [2] include(Store\Service\CheckService.class.php): failed to open stream: No such file or directory /Users/badasslittlepig/www/wechatTeam/ThinkPHP/Common/functions.php 第 587 行.
NOTIC: [2] include(): Failed opening 'Store\Service\CheckService.class.php' for inclusion (include_path='.:/usr/local/php5/lib/php') /Users/badasslittlepig/www/wechatTeam/ThinkPHP/Common/functions.php 第 587 行.

[ 2015-10-04T08:13:45+08:00 ] 127.0.0.1 /index.php?m=Store&c=Shop&a=index
INFO: [ app_init ] --START--
INFO: Run Behavior\BuildLiteBehavior [ RunTime:0.000016s ]
INFO: [ app_init ] --END-- [ RunTime:0.000221s ]
INFO: [ app_begin ] --START--
INFO: Run Behavior\ReadHtmlCacheBehavior [ RunTime:0.000247s ]
INFO: [ app_begin ] --END-- [ RunTime:0.000309s ]
SQL: SHOW COLUMNS FROM `shop_catalog` [ RunTime:0.0019s ]
SQL: SELECT * FROM `shop_catalog` ORDER BY parent_id ASC , `index` ASC  [ RunTime:0.0003s ]
SQL: SHOW COLUMNS FROM `shop_goods` [ RunTime:0.0013s ]
SQL: SELECT COUNT(*) AS tp_count FROM `shop_goods` WHERE `shop_code` = '2139b23d014f8f03990c4f132d82457c' LIMIT 1   [ RunTime:0.0002s ]
SQL: SELECT COUNT(*) AS tp_count FROM `shop_goods` WHERE `shop_code` = '2139b23d014f8f03990c4f132d82457c' AND `is_recommend` = '1' LIMIT 1   [ RunTime:0.0002s ]
SQL: SELECT COUNT(*) AS tp_count FROM `shop_goods` WHERE `shop_code` = '2139b23d014f8f03990c4f132d82457c' AND `status` = '1' LIMIT 1   [ RunTime:0.0002s ]
SQL: SHOW COLUMNS FROM `shop_order` [ RunTime:0.0012s ]
SQL: SELECT COUNT(*) AS tp_count FROM `shop_order` WHERE `shop_code` = '2139b23d014f8f03990c4f132d82457c' LIMIT 1   [ RunTime:0.0002s ]
SQL: SELECT COUNT(*) AS tp_count FROM `shop_order` WHERE `shop_code` = '2139b23d014f8f03990c4f132d82457c' AND `status` = '3' LIMIT 1   [ RunTime:0.0002s ]
INFO: [ view_parse ] --START--
INFO: [ template_filter ] --START--
INFO: Run Behavior\ContentReplaceBehavior [ RunTime:0.000055s ]
INFO: [ template_filter ] --END-- [ RunTime:0.000135s ]
NOTIC: [8] Undefined index: next /Users/badasslittlepig/www/wechatTeam/App/Runtime/Cache/Store/e5d04ec68df65310e8af3860a11f286c.php 第 90 行.
INFO: Run Behavior\ParseTemplateBehavior [ RunTime:0.033110s ]
INFO: [ view_parse ] --END-- [ RunTime:0.033176s ]
INFO: [ view_filter ] --START--
INFO: Run Behavior\WriteHtmlCacheBehavior [ RunTime:0.000129s ]
INFO: [ view_filter ] --END-- [ RunTime:0.000186s ]
INFO: [ app_end ] --START--
INFO: Run Behavior\ShowPageTraceBehavior [ RunTime:0.000369s ]
INFO: [ app_end ] --END-- [ RunTime:0.000460s ]

[ 2015-10-04T08:13:52+08:00 ] 127.0.0.1 /index.php?m=Store&c=Banner&a=bannerViewAdd
INFO: [ app_init ] --START--
INFO: Run Behavior\BuildLiteBehavior [ RunTime:0.000023s ]
INFO: [ app_init ] --END-- [ RunTime:0.000289s ]
INFO: [ app_begin ] --START--
INFO: Run Behavior\ReadHtmlCacheBehavior [ RunTime:0.000276s ]
INFO: [ app_begin ] --END-- [ RunTime:0.000342s ]
SQL: SHOW COLUMNS FROM `shop_catalog` [ RunTime:0.0023s ]
SQL: SELECT * FROM `shop_catalog` ORDER BY parent_id ASC , `index` ASC  [ RunTime:0.0003s ]
INFO: [ view_parse ] --START--
INFO: [ template_filter ] --START--
INFO: Run Behavior\ContentReplaceBehavior [ RunTime:0.000064s ]
INFO: [ template_filter ] --END-- [ RunTime:0.000142s ]
NOTIC: [8] Undefined index: next /Users/badasslittlepig/www/wechatTeam/App/Runtime/Cache/Store/a9af5b3b45a40e4f7c283d204803ddf2.php 第 92 行.
NOTIC: [8] Undefined variable: title /Users/badasslittlepig/www/wechatTeam/App/Runtime/Cache/Store/a9af5b3b45a40e4f7c283d204803ddf2.php 第 127 行.
INFO: Run Behavior\ParseTemplateBehavior [ RunTime:0.021070s ]
INFO: [ view_parse ] --END-- [ RunTime:0.021188s ]
INFO: [ view_filter ] --START--
INFO: Run Behavior\WriteHtmlCacheBehavior [ RunTime:0.000282s ]
INFO: [ view_filter ] --END-- [ RunTime:0.000396s ]
INFO: [ app_end ] --START--
INFO: Run Behavior\ShowPageTraceBehavior [ RunTime:0.000547s ]
INFO: [ app_end ] --END-- [ RunTime:0.000677s ]

[ 2015-10-04T08:15:00+08:00 ] 127.0.0.1 /index.php?m=Store&c=Banner&a=bannerViewAdd
INFO: [ app_init ] --START--
INFO: Run Behavior\BuildLiteBehavior [ RunTime:0.000016s ]
INFO: [ app_init ] --END-- [ RunTime:0.000255s ]
INFO: [ app_begin ] --START--
INFO: Run Behavior\ReadHtmlCacheBehavior [ RunTime:0.000249s ]
INFO: [ app_begin ] --END-- [ RunTime:0.000316s ]
SQL: SHOW COLUMNS FROM `shop_catalog` [ RunTime:0.0015s ]
SQL: SELECT * FROM `shop_catalog` ORDER BY parent_id ASC , `index` ASC  [ RunTime:0.0002s ]
INFO: [ view_parse ] --START--
INFO: [ template_filter ] --START--
INFO: Run Behavior\ContentReplaceBehavior [ RunTime:0.000047s ]
INFO: [ template_filter ] --END-- [ RunTime:0.000112s ]
NOTIC: [8] Undefined index: next /Users/badasslittlepig/www/wechatTeam/App/Runtime/Cache/Store/a9af5b3b45a40e4f7c283d204803ddf2.php 第 92 行.
NOTIC: [8] Undefined variable: title /Users/badasslittlepig/www/wechatTeam/App/Runtime/Cache/Store/a9af5b3b45a40e4f7c283d204803ddf2.php 第 127 行.
INFO: Run Behavior\ParseTemplateBehavior [ RunTime:0.015490s ]
INFO: [ view_parse ] --END-- [ RunTime:0.015597s ]
INFO: [ view_filter ] --START--
INFO: Run Behavior\WriteHtmlCacheBehavior [ RunTime:0.000228s ]
INFO: [ view_filter ] --END-- [ RunTime:0.000344s ]
INFO: [ app_end ] --START--
INFO: Run Behavior\ShowPageTraceBehavior [ RunTime:0.000498s ]
INFO: [ app_end ] --END-- [ RunTime:0.000618s ]

[ 2015-10-04T08:16:10+08:00 ] 127.0.0.1 /index.php?m=Store&c=Goods&a=goodsAdd
INFO: [ app_init ] --START--
INFO: Run Behavior\BuildLiteBehavior [ RunTime:0.000031s ]
INFO: [ app_init ] --END-- [ RunTime:0.000383s ]
INFO: [ app_begin ] --START--
INFO: Run Behavior\ReadHtmlCacheBehavior [ RunTime:0.000359s ]
INFO: [ app_begin ] --END-- [ RunTime:0.000441s ]
SQL: SHOW COLUMNS FROM `shop_catalog` [ RunTime:0.0020s ]
SQL: SELECT * FROM `shop_catalog` ORDER BY parent_id ASC , `index` ASC  [ RunTime:0.0003s ]
NOTIC: [2] include(Store\Service\GoodsService.class.php): failed to open stream: No such file or directory /Users/badasslittlepig/www/wechatTeam/ThinkPHP/Common/functions.php 第 587 行.
NOTIC: [2] include(): Failed opening 'Store\Service\GoodsService.class.php' for inclusion (include_path='.:/usr/local/php5/lib/php') /Users/badasslittlepig/www/wechatTeam/ThinkPHP/Common/functions.php 第 587 行.
NOTIC: [2] Missing argument 1 for Store\Service\GoodsService::getGoodsClass(), called in /Users/badasslittlepig/www/wechatTeam/App/Store/Controller/GoodsController.class.php on line 28 and defined /Users/badasslittlepig/www/wechatTeam/App/Store/Service/GoodsService.class.php 第 12 行.
NOTIC: [8] Undefined variable: type /Users/badasslittlepig/www/wechatTeam/App/Store/Service/GoodsService.class.php 第 14 行.
SQL: SHOW COLUMNS FROM `shop_class` [ RunTime:0.0021s ]
SQL: SELECT * FROM `shop_class` WHERE `shop_code` = '2139b23d014f8f03990c4f132d82457c' AND `type` = '1' AND `is_delete` <> '0'  [ RunTime:0.0004s ]
SQL: SHOW COLUMNS FROM `shop_goods` [ RunTime:0.0017s ]
SQL: SELECT COUNT(*) AS tp_count FROM `shop_goods` WHERE `shop_code` = '2139b23d014f8f03990c4f132d82457c' AND `class_id` = 1 LIMIT 1   [ RunTime:0.0003s ]
SQL: SELECT COUNT(*) AS tp_count FROM `shop_goods` WHERE `shop_code` = '2139b23d014f8f03990c4f132d82457c' AND `class_id` = 22 LIMIT 1   [ RunTime:0.0002s ]
SQL: SELECT COUNT(*) AS tp_count FROM `shop_goods` WHERE `shop_code` = '2139b23d014f8f03990c4f132d82457c' AND `class_id` = 23 LIMIT 1   [ RunTime:0.0002s ]
INFO: [ view_parse ] --START--
INFO: [ template_filter ] --START--
INFO: Run Behavior\ContentReplaceBehavior [ RunTime:0.000120s ]
INFO: [ template_filter ] --END-- [ RunTime:0.000192s ]
NOTIC: [8] Undefined index: next /Users/badasslittlepig/www/wechatTeam/App/Runtime/Cache/Store/88cf3f6bd5dedcfc5399b5f0e6929699.php 第 92 行.
NOTIC: [8] Undefined variable: title /Users/badasslittlepig/www/wechatTeam/App/Runtime/Cache/Store/88cf3f6bd5dedcfc5399b5f0e6929699.php 第 127 行.
NOTIC: [8] Undefined variable: goodsInfo /Users/badasslittlepig/www/wechatTeam/App/Runtime/Cache/Store/88cf3f6bd5dedcfc5399b5f0e6929699.php 第 147 行.
NOTIC: [8] Undefined variable: goodsInfo /Users/badasslittlepig/www/wechatTeam/App/Runtime/Cache/Store/88cf3f6bd5dedcfc5399b5f0e6929699.php 第 150 行.
NOTIC: [8] Undefined variable: goodsInfo /Users/badasslittlepig/www/wechatTeam/App/Runtime/Cache/Store/88cf3f6bd5dedcfc5399b5f0e6929699.php 第 152 行.
NOTIC: [8] Undefined variable: goodsInfo /Users/badasslittlepig/www/wechatTeam/App/Runtime/Cache/Store/88cf3f6bd5dedcfc5399b5f0e6929699.php 第 158 行.
NOTIC: [8] Undefined variable: goodsInfo /Users/badasslittlepig/www/wechatTeam/App/Runtime/Cache/Store/88cf3f6bd5dedcfc5399b5f0e6929699.php 第 159 行.
NOTIC: [8] Undefined variable: goodsInfo /Users/badasslittlepig/www/wechatTeam/App/Runtime/Cache/Store/88cf3f6bd5dedcfc5399b5f0e6929699.php 第 165 行.
NOTIC: [8] Undefined variable: goodsInfo /Users/badasslittlepig/www/wechatTeam/App/Runtime/Cache/Store/88cf3f6bd5dedcfc5399b5f0e6929699.php 第 166 行.
NOTIC: [8] Undefined variable: goodsInfo /Users/badasslittlepig/www/wechatTeam/App/Runtime/Cache/Store/88cf3f6bd5dedcfc5399b5f0e6929699.php 第 172 行.
NOTIC: [8] Undefined variable: goodsInfo /Users/badasslittlepig/www/wechatTeam/App/Runtime/Cache/Store/88cf3f6bd5dedcfc5399b5f0e6929699.php 第 173 行.
NOTIC: [8] Undefined variable: goodsInfo /Users/badasslittlepig/www/wechatTeam/App/Runtime/Cache/Store/88cf3f6bd5dedcfc5399b5f0e6929699.php 第 179 行.
NOTIC: [8] Undefined variable: goodsInfo /Users/badasslittlepig/www/wechatTeam/App/Runtime/Cache/Store/88cf3f6bd5dedcfc5399b5f0e6929699.php 第 180 行.
NOTIC: [8] Undefined variable: goodsInfo /Users/badasslittlepig/www/wechatTeam/App/Runtime/Cache/Store/88cf3f6bd5dedcfc5399b5f0e6929699.php 第 186 行.
NOTIC: [8] Undefined variable: goodsInfo /Users/badasslittlepig/www/wechatTeam/App/Runtime/Cache/Store/88cf3f6bd5dedcfc5399b5f0e6929699.php 第 192 行.
NOTIC: [8] Undefined variable: goodsInfo /Users/badasslittlepig/www/wechatTeam/App/Runtime/Cache/Store/88cf3f6bd5dedcfc5399b5f0e6929699.php 第 193 行.
NOTIC: [8] Undefined variable: goodsInfo /Users/badasslittlepig/www/wechatTeam/App/Runtime/Cache/Store/88cf3f6bd5dedcfc5399b5f0e6929699.php 第 201 行.
NOTIC: [8] Undefined variable: goodsInfo /Users/badasslittlepig/www/wechatTeam/App/Runtime/Cache/Store/88cf3f6bd5dedcfc5399b5f0e6929699.php 第 202 行.
NOTIC: [8] Undefined variable: goodsInfo /Users/badasslittlepig/www/wechatTeam/App/Runtime/Cache/Store/88cf3f6bd5dedcfc5399b5f0e6929699.php 第 203 行.
NOTIC: [8] Undefined variable: goodsInfo /Users/badasslittlepig/www/wechatTeam/App/Runtime/Cache/Store/88cf3f6bd5dedcfc5399b5f0e6929699.php 第 211 行.
NOTIC: [8] Undefined variable: goodsInfo /Users/badasslittlepig/www/wechatTeam/App/Runtime/Cache/Store/88cf3f6bd5dedcfc5399b5f0e6929699.php 第 212 行.
NOTIC: [8] Undefined variable: goodsInfo /Users/badasslittlepig/www/wechatTeam/App/Runtime/Cache/Store/88cf3f6bd5dedcfc5399b5f0e6929699.php 第 211 行.
NOTIC: [8] Undefined index: next /Users/badasslittlepig/www/wechatTeam/App/Runtime/Cache/Store/88cf3f6bd5dedcfc5399b5f0e6929699.php 第 212 行.
NOTIC: [8] Undefined variable: goodsInfo /Users/badasslittlepig/www/wechatTeam/App/Runtime/Cache/Store/88cf3f6bd5dedcfc5399b5f0e6929699.php 第 218 行.
NOTIC: [8] Undefined variable: goodsInfo /Users/badasslittlepig/www/wechatTeam/App/Runtime/Cache/Store/88cf3f6bd5dedcfc5399b5f0e6929699.php 第 219 行.
NOTIC: [8] Undefined variable: goodsInfo /Users/badasslittlepig/www/wechatTeam/App/Runtime/Cache/Store/88cf3f6bd5dedcfc5399b5f0e6929699.php 第 220 行.
NOTIC: [8] Undefined variable: goodsInfo /Users/badasslittlepig/www/wechatTeam/App/Runtime/Cache/Store/88cf3f6bd5dedcfc5399b5f0e6929699.php 第 221 行.
NOTIC: [8] Undefined variable: goodsInfo /Users/badasslittlepig/www/wechatTeam/App/Runtime/Cache/Store/88cf3f6bd5dedcfc5399b5f0e6929699.php 第 229 行.
NOTIC: [8] Undefined variable: goodsInfo /Users/badasslittlepig/www/wechatTeam/App/Runtime/Cache/Store/88cf3f6bd5dedcfc5399b5f0e6929699.php 第 239 行.
NOTIC: [8] Undefined variable: goodsInfo /Users/badasslittlepig/www/wechatTeam/App/Runtime/Cache/Store/88cf3f6bd5dedcfc5399b5f0e6929699.php 第 246 行.
NOTIC: [8] Undefined variable: goodsInfo /Users/badasslittlepig/www/wechatTeam/App/Runtime/Cache/Store/88cf3f6bd5dedcfc5399b5f0e6929699.php 第 253 行.
NOTIC: [8] Undefined variable: goodsInfo /Users/badasslittlepig/www/wechatTeam/App/Runtime/Cache/Store/88cf3f6bd5dedcfc5399b5f0e6929699.php 第 259 行.
NOTIC: [8] Undefined variable: goodsInfo /Users/badasslittlepig/www/wechatTeam/App/Runtime/Cache/Store/88cf3f6bd5dedcfc5399b5f0e6929699.php 第 265 行.
NOTIC: [8] Undefined variable: goodsInfo /Users/badasslittlepig/www/wechatTeam/App/Runtime/Cache/Store/88cf3f6bd5dedcfc5399b5f0e6929699.php 第 270 行.
INFO: Run Behavior\ParseTemplateBehavior [ RunTime:0.042260s ]
INFO: [ view_parse ] --END-- [ RunTime:0.042343s ]
INFO: [ view_filter ] --START--
INFO: Run Behavior\WriteHtmlCacheBehavior [ RunTime:0.000114s ]
INFO: [ view_filter ] --END-- [ RunTime:0.000168s ]
INFO: [ app_end ] --START--
INFO: Run Behavior\ShowPageTraceBehavior [ RunTime:0.001413s ]
INFO: [ app_end ] --END-- [ RunTime:0.001488s ]

[ 2015-10-04T08:18:53+08:00 ] 127.0.0.1 /index.php?m=Store&c=Shop&a=viewCompanyConf
INFO: [ app_init ] --START--
INFO: Run Behavior\BuildLiteBehavior [ RunTime:0.000016s ]
INFO: [ app_init ] --END-- [ RunTime:0.000234s ]
INFO: [ app_begin ] --START--
INFO: Run Behavior\ReadHtmlCacheBehavior [ RunTime:0.000231s ]
INFO: [ app_begin ] --END-- [ RunTime:0.000292s ]
SQL: SHOW COLUMNS FROM `shop_catalog` [ RunTime:0.0023s ]
SQL: SELECT * FROM `shop_catalog` ORDER BY parent_id ASC , `index` ASC  [ RunTime:0.0003s ]
SQL: SHOW COLUMNS FROM `shop_company` [ RunTime:0.0014s ]
SQL: SELECT * FROM `shop_company` WHERE `user_id` = 1 LIMIT 1   [ RunTime:0.0003s ]
INFO: [ view_parse ] --START--
INFO: [ template_filter ] --START--
INFO: Run Behavior\ContentReplaceBehavior [ RunTime:0.000061s ]
INFO: [ template_filter ] --END-- [ RunTime:0.000140s ]
NOTIC: [8] Undefined index: next /Users/badasslittlepig/www/wechatTeam/App/Runtime/Cache/Store/4f214098fae60d350199227b147aef19.php 第 94 行.
INFO: Run Behavior\ParseTemplateBehavior [ RunTime:0.028578s ]
INFO: [ view_parse ] --END-- [ RunTime:0.028685s ]
INFO: [ view_filter ] --START--
INFO: Run Behavior\WriteHtmlCacheBehavior [ RunTime:0.000220s ]
INFO: [ view_filter ] --END-- [ RunTime:0.000328s ]
INFO: [ app_end ] --START--
INFO: Run Behavior\ShowPageTraceBehavior [ RunTime:0.000530s ]
INFO: [ app_end ] --END-- [ RunTime:0.000647s ]

[ 2015-10-04T08:32:13+08:00 ] 127.0.0.1 /index.php?m=Store&c=Goods&a=goodsList
INFO: [ app_init ] --START--
INFO: Run Behavior\BuildLiteBehavior [ RunTime:0.000018s ]
INFO: [ app_init ] --END-- [ RunTime:0.000256s ]
INFO: [ app_begin ] --START--
INFO: Run Behavior\ReadHtmlCacheBehavior [ RunTime:0.000275s ]
INFO: [ app_begin ] --END-- [ RunTime:0.000350s ]
SQL: SHOW COLUMNS FROM `shop_catalog` [ RunTime:0.0017s ]
SQL: SELECT * FROM `shop_catalog` ORDER BY parent_id ASC , `index` ASC  [ RunTime:0.0003s ]
NOTIC: [2] include(Store\Service\GoodsService.class.php): failed to open stream: No such file or directory /Users/badasslittlepig/www/wechatTeam/ThinkPHP/Common/functions.php 第 587 行.
NOTIC: [2] include(): Failed opening 'Store\Service\GoodsService.class.php' for inclusion (include_path='.:/usr/local/php5/lib/php') /Users/badasslittlepig/www/wechatTeam/ThinkPHP/Common/functions.php 第 587 行.
NOTIC: [2] Missing argument 1 for Store\Service\GoodsService::getGoodsClass(), called in /Users/badasslittlepig/www/wechatTeam/App/Store/Controller/GoodsController.class.php on line 134 and defined /Users/badasslittlepig/www/wechatTeam/App/Store/Service/GoodsService.class.php 第 12 行.
NOTIC: [8] Undefined variable: type /Users/badasslittlepig/www/wechatTeam/App/Store/Service/GoodsService.class.php 第 14 行.
SQL: SHOW COLUMNS FROM `shop_class` [ RunTime:0.0010s ]
SQL: SELECT * FROM `shop_class` WHERE `shop_code` = '2139b23d014f8f03990c4f132d82457c' AND `type` = '1' AND `is_delete` <> '0'  [ RunTime:0.0003s ]
SQL: SHOW COLUMNS FROM `shop_goods` [ RunTime:0.0012s ]
SQL: SELECT COUNT(*) AS tp_count FROM `shop_goods` WHERE `shop_code` = '2139b23d014f8f03990c4f132d82457c' AND `class_id` = 1 LIMIT 1   [ RunTime:0.0002s ]
SQL: SELECT COUNT(*) AS tp_count FROM `shop_goods` WHERE `shop_code` = '2139b23d014f8f03990c4f132d82457c' AND `class_id` = 22 LIMIT 1   [ RunTime:0.0002s ]
SQL: SELECT COUNT(*) AS tp_count FROM `shop_goods` WHERE `shop_code` = '2139b23d014f8f03990c4f132d82457c' AND `class_id` = 23 LIMIT 1   [ RunTime:0.0002s ]
NOTIC: [2] include(Store\Model\GoodsModel.class.php): failed to open stream: No such file or directory /Users/badasslittlepig/www/wechatTeam/ThinkPHP/Common/functions.php 第 587 行.
NOTIC: [2] include(): Failed opening 'Store\Model\GoodsModel.class.php' for inclusion (include_path='.:/usr/local/php5/lib/php') /Users/badasslittlepig/www/wechatTeam/ThinkPHP/Common/functions.php 第 587 行.
SQL: SHOW COLUMNS FROM `shop_goods` [ RunTime:0.0021s ]
SQL: SHOW COLUMNS FROM `shop_goods` [ RunTime:0.0021s ]
SQL: SELECT gs.id,gs.title,gs.price,gs.market_price,gs.purchase_price,gs.discount_price,gs.distribution_price,gs.count,gs.unless_count,gs.small_img,gs.add_time,gs.is_hot,gs.is_new,gs.is_recommend,gs.status,cs.name FROM shop_goods gs INNER JOIN shop_class cs ON cs.id = gs.class_id  WHERE gs.shop_code = '2139b23d014f8f03990c4f132d82457c' AND gs.status = '1'  [ RunTime:0.0003s ]
INFO: [ view_parse ] --START--
INFO: [ template_filter ] --START--
INFO: Run Behavior\ContentReplaceBehavior [ RunTime:0.000067s ]
INFO: [ template_filter ] --END-- [ RunTime:0.000139s ]
NOTIC: [8] Undefined index: next /Users/badasslittlepig/www/wechatTeam/App/Runtime/Cache/Store/1177de5c65e084521b40c9606877030e.php 第 92 行.
NOTIC: [8] Undefined variable: title /Users/badasslittlepig/www/wechatTeam/App/Runtime/Cache/Store/1177de5c65e084521b40c9606877030e.php 第 127 行.
NOTIC: [8] Undefined index: next /Users/badasslittlepig/www/wechatTeam/App/Runtime/Cache/Store/1177de5c65e084521b40c9606877030e.php 第 151 行.
INFO: Run Behavior\ParseTemplateBehavior [ RunTime:0.025301s ]
INFO: [ view_parse ] --END-- [ RunTime:0.025430s ]
INFO: [ view_filter ] --START--
INFO: Run Behavior\WriteHtmlCacheBehavior [ RunTime:0.000270s ]
INFO: [ view_filter ] --END-- [ RunTime:0.000386s ]
INFO: [ app_end ] --START--
INFO: Run Behavior\ShowPageTraceBehavior [ RunTime:0.000505s ]
INFO: [ app_end ] --END-- [ RunTime:0.000627s ]

[ 2015-10-04T08:32:15+08:00 ] 127.0.0.1 /index.php?m=Store&c=Goods&a=goodsAdd&id=1
INFO: [ app_init ] --START--
INFO: Run Behavior\BuildLiteBehavior [ RunTime:0.000015s ]
INFO: [ app_init ] --END-- [ RunTime:0.000230s ]
INFO: [ app_begin ] --START--
INFO: Run Behavior\ReadHtmlCacheBehavior [ RunTime:0.000246s ]
INFO: [ app_begin ] --END-- [ RunTime:0.000312s ]
SQL: SHOW COLUMNS FROM `shop_catalog` [ RunTime:0.0018s ]
SQL: SELECT * FROM `shop_catalog` ORDER BY parent_id ASC , `index` ASC  [ RunTime:0.0003s ]
NOTIC: [2] include(Store\Model\GoodsModel.class.php): failed to open stream: No such file or directory /Users/badasslittlepig/www/wechatTeam/ThinkPHP/Common/functions.php 第 587 行.
NOTIC: [2] include(): Failed opening 'Store\Model\GoodsModel.class.php' for inclusion (include_path='.:/usr/local/php5/lib/php') /Users/badasslittlepig/www/wechatTeam/ThinkPHP/Common/functions.php 第 587 行.
SQL: SHOW COLUMNS FROM `shop_goods` [ RunTime:0.0013s ]
SQL: SELECT * FROM `shop_goods` WHERE `id` = 1 AND `shop_code` = '2139b23d014f8f03990c4f132d82457c' LIMIT 1   [ RunTime:0.0003s ]
NOTIC: [2] include(Store\Service\GoodsService.class.php): failed to open stream: No such file or directory /Users/badasslittlepig/www/wechatTeam/ThinkPHP/Common/functions.php 第 587 行.
NOTIC: [2] include(): Failed opening 'Store\Service\GoodsService.class.php' for inclusion (include_path='.:/usr/local/php5/lib/php') /Users/badasslittlepig/www/wechatTeam/ThinkPHP/Common/functions.php 第 587 行.
NOTIC: [2] Missing argument 1 for Store\Service\GoodsService::getGoodsClass(), called in /Users/badasslittlepig/www/wechatTeam/App/Store/Controller/GoodsController.class.php on line 28 and defined /Users/badasslittlepig/www/wechatTeam/App/Store/Service/GoodsService.class.php 第 12 行.
NOTIC: [8] Undefined variable: type /Users/badasslittlepig/www/wechatTeam/App/Store/Service/GoodsService.class.php 第 14 行.
SQL: SHOW COLUMNS FROM `shop_class` [ RunTime:0.0009s ]
SQL: SELECT * FROM `shop_class` WHERE `shop_code` = '2139b23d014f8f03990c4f132d82457c' AND `type` = '1' AND `is_delete` <> '0'  [ RunTime:0.0002s ]
SQL: SHOW COLUMNS FROM `shop_goods` [ RunTime:0.0010s ]
SQL: SELECT COUNT(*) AS tp_count FROM `shop_goods` WHERE `shop_code` = '2139b23d014f8f03990c4f132d82457c' AND `class_id` = 1 LIMIT 1   [ RunTime:0.0002s ]
SQL: SELECT COUNT(*) AS tp_count FROM `shop_goods` WHERE `shop_code` = '2139b23d014f8f03990c4f132d82457c' AND `class_id` = 22 LIMIT 1   [ RunTime:0.0002s ]
SQL: SELECT COUNT(*) AS tp_count FROM `shop_goods` WHERE `shop_code` = '2139b23d014f8f03990c4f132d82457c' AND `class_id` = 23 LIMIT 1   [ RunTime:0.0002s ]
INFO: [ view_parse ] --START--
INFO: [ template_filter ] --START--
INFO: Run Behavior\ContentReplaceBehavior [ RunTime:0.000071s ]
INFO: [ template_filter ] --END-- [ RunTime:0.000144s ]
NOTIC: [8] Undefined index: next /Users/badasslittlepig/www/wechatTeam/App/Runtime/Cache/Store/88cf3f6bd5dedcfc5399b5f0e6929699.php 第 92 行.
NOTIC: [8] Undefined variable: title /Users/badasslittlepig/www/wechatTeam/App/Runtime/Cache/Store/88cf3f6bd5dedcfc5399b5f0e6929699.php 第 127 行.
NOTIC: [8] Undefined index: next /Users/badasslittlepig/www/wechatTeam/App/Runtime/Cache/Store/88cf3f6bd5dedcfc5399b5f0e6929699.php 第 212 行.
INFO: Run Behavior\ParseTemplateBehavior [ RunTime:0.025137s ]
INFO: [ view_parse ] --END-- [ RunTime:0.025208s ]
INFO: [ view_filter ] --START--
INFO: Run Behavior\WriteHtmlCacheBehavior [ RunTime:0.000121s ]
INFO: [ view_filter ] --END-- [ RunTime:0.000182s ]
INFO: [ app_end ] --START--
INFO: Run Behavior\ShowPageTraceBehavior [ RunTime:0.000349s ]
INFO: [ app_end ] --END-- [ RunTime:0.000417s ]

[ 2015-10-04T08:34:48+08:00 ] 127.0.0.1 /index.php?m=Store&c=Goods&a=goodsAdd&id=1
INFO: [ app_init ] --START--
INFO: Run Behavior\BuildLiteBehavior [ RunTime:0.000015s ]
INFO: [ app_init ] --END-- [ RunTime:0.000224s ]
INFO: [ app_begin ] --START--
INFO: Run Behavior\ReadHtmlCacheBehavior [ RunTime:0.000237s ]
INFO: [ app_begin ] --END-- [ RunTime:0.000300s ]
SQL: SHOW COLUMNS FROM `shop_catalog` [ RunTime:0.0014s ]
SQL: SELECT * FROM `shop_catalog` ORDER BY parent_id ASC , `index` ASC  [ RunTime:0.0003s ]
NOTIC: [2] include(Store\Model\GoodsModel.class.php): failed to open stream: No such file or directory /Users/badasslittlepig/www/wechatTeam/ThinkPHP/Common/functions.php 第 587 行.
NOTIC: [2] include(): Failed opening 'Store\Model\GoodsModel.class.php' for inclusion (include_path='.:/usr/local/php5/lib/php') /Users/badasslittlepig/www/wechatTeam/ThinkPHP/Common/functions.php 第 587 行.
SQL: SHOW COLUMNS FROM `shop_goods` [ RunTime:0.0011s ]
SQL: SELECT * FROM `shop_goods` WHERE `id` = 1 AND `shop_code` = '2139b23d014f8f03990c4f132d82457c' LIMIT 1   [ RunTime:0.0003s ]
NOTIC: [2] include(Store\Service\GoodsService.class.php): failed to open stream: No such file or directory /Users/badasslittlepig/www/wechatTeam/ThinkPHP/Common/functions.php 第 587 行.
NOTIC: [2] include(): Failed opening 'Store\Service\GoodsService.class.php' for inclusion (include_path='.:/usr/local/php5/lib/php') /Users/badasslittlepig/www/wechatTeam/ThinkPHP/Common/functions.php 第 587 行.
NOTIC: [2] Missing argument 1 for Store\Service\GoodsService::getGoodsClass(), called in /Users/badasslittlepig/www/wechatTeam/App/Store/Controller/GoodsController.class.php on line 28 and defined /Users/badasslittlepig/www/wechatTeam/App/Store/Service/GoodsService.class.php 第 12 行.
NOTIC: [8] Undefined variable: type /Users/badasslittlepig/www/wechatTeam/App/Store/Service/GoodsService.class.php 第 14 行.
SQL: SHOW COLUMNS FROM `shop_class` [ RunTime:0.0012s ]
SQL: SELECT * FROM `shop_class` WHERE `shop_code` = '2139b23d014f8f03990c4f132d82457c' AND `type` = '1' AND `is_delete` <> '0'  [ RunTime:0.0002s ]
SQL: SHOW COLUMNS FROM `shop_goods` [ RunTime:0.0010s ]
SQL: SELECT COUNT(*) AS tp_count FROM `shop_goods` WHERE `shop_code` = '2139b23d014f8f03990c4f132d82457c' AND `class_id` = 1 LIMIT 1   [ RunTime:0.0002s ]
SQL: SELECT COUNT(*) AS tp_count FROM `shop_goods` WHERE `shop_code` = '2139b23d014f8f03990c4f132d82457c' AND `class_id` = 22 LIMIT 1   [ RunTime:0.0002s ]
SQL: SELECT COUNT(*) AS tp_count FROM `shop_goods` WHERE `shop_code` = '2139b23d014f8f03990c4f132d82457c' AND `class_id` = 23 LIMIT 1   [ RunTime:0.0002s ]
INFO: [ view_parse ] --START--
INFO: [ template_filter ] --START--
INFO: Run Behavior\ContentReplaceBehavior [ RunTime:0.000070s ]
INFO: [ template_filter ] --END-- [ RunTime:0.000138s ]
NOTIC: [8] Undefined index: next /Users/badasslittlepig/www/wechatTeam/App/Runtime/Cache/Store/88cf3f6bd5dedcfc5399b5f0e6929699.php 第 92 行.
NOTIC: [8] Undefined variable: title /Users/badasslittlepig/www/wechatTeam/App/Runtime/Cache/Store/88cf3f6bd5dedcfc5399b5f0e6929699.php 第 127 行.
NOTIC: [8] Undefined index: next /Users/badasslittlepig/www/wechatTeam/App/Runtime/Cache/Store/88cf3f6bd5dedcfc5399b5f0e6929699.php 第 212 行.
INFO: Run Behavior\ParseTemplateBehavior [ RunTime:0.025098s ]
INFO: [ view_parse ] --END-- [ RunTime:0.025201s ]
INFO: [ view_filter ] --START--
INFO: Run Behavior\WriteHtmlCacheBehavior [ RunTime:0.000233s ]
INFO: [ view_filter ] --END-- [ RunTime:0.000347s ]
INFO: [ app_end ] --START--
INFO: Run Behavior\ShowPageTraceBehavior [ RunTime:0.000509s ]
INFO: [ app_end ] --END-- [ RunTime:0.000631s ]

[ 2015-10-04T08:35:11+08:00 ] 127.0.0.1 /index.php?m=Store&c=Goods&a=addGoods
INFO: [ app_init ] --START--
INFO: Run Behavior\BuildLiteBehavior [ RunTime:0.000018s ]
INFO: [ app_init ] --END-- [ RunTime:0.000264s ]
INFO: [ app_begin ] --START--
INFO: Run Behavior\ReadHtmlCacheBehavior [ RunTime:0.000269s ]
INFO: [ app_begin ] --END-- [ RunTime:0.000343s ]
SQL: SHOW COLUMNS FROM `shop_catalog` [ RunTime:0.0016s ]
SQL: SELECT * FROM `shop_catalog` ORDER BY parent_id ASC , `index` ASC  [ RunTime:0.0003s ]
NOTIC: [2] include(Store\Service\UpimgService.class.php): failed to open stream: No such file or directory /Users/badasslittlepig/www/wechatTeam/ThinkPHP/Common/functions.php 第 587 行.
NOTIC: [2] include(): Failed opening 'Store\Service\UpimgService.class.php' for inclusion (include_path='.:/usr/local/php5/lib/php') /Users/badasslittlepig/www/wechatTeam/ThinkPHP/Common/functions.php 第 587 行.
SQL: SHOW COLUMNS FROM `shop_goods` [ RunTime:0.0022s ]
SQL: UPDATE `shop_goods` SET `title`='实物商品一',`goods_code`='929aa7980b3948d43a0db9999cc7e255',`bar_code`='908081',`code`='ahsha1298',`is_new`='1',`is_hot`='1',`is_recommend`='1',`weight`='10.00',`count`='1000',`alarm_count`='10',`unless_count`='0',`type`='3',`class_id`='23',`market_price`='400.00',`purchase_price`='100.00',`discount_price`='240.00',`price`='250.00',`distribution_price`='10.00',`content`='jahkshkajshkahkshakh啊哈手机卡好困睡觉',`property`='jahskhkahskhak',`meta_keywords`='阿姐时间啊就是看啦',`meta_dis`='啊回家看刷卡机上',`status`='1',`shop_code`='2139b23d014f8f03990c4f132d82457c',`add_time`='20151004083511' WHERE `id` = 1 AND `shop_code` = '2139b23d014f8f03990c4f132d82457c' [ RunTime:0.0008s ]
INFO: [ view_parse ] --START--
INFO: [ template_filter ] --START--
INFO: Run Behavior\ContentReplaceBehavior [ RunTime:0.000054s ]
INFO: [ template_filter ] --END-- [ RunTime:0.000162s ]
INFO: Run Behavior\ParseTemplateBehavior [ RunTime:0.018814s ]
INFO: [ view_parse ] --END-- [ RunTime:0.018940s ]
INFO: [ view_filter ] --START--
INFO: Run Behavior\WriteHtmlCacheBehavior [ RunTime:0.000200s ]
INFO: [ view_filter ] --END-- [ RunTime:0.000309s ]
INFO: [ app_end ] --START--
INFO: Run Behavior\ShowPageTraceBehavior [ RunTime:0.000482s ]
INFO: [ app_end ] --END-- [ RunTime:0.000598s ]

[ 2015-10-04T08:35:13+08:00 ] 127.0.0.1 /index.php?m=Store&c=Goods&a=goodsAdd&id=1
INFO: [ app_init ] --START--
INFO: Run Behavior\BuildLiteBehavior [ RunTime:0.000018s ]
INFO: [ app_init ] --END-- [ RunTime:0.000259s ]
INFO: [ app_begin ] --START--
INFO: Run Behavior\ReadHtmlCacheBehavior [ RunTime:0.000248s ]
INFO: [ app_begin ] --END-- [ RunTime:0.000314s ]
SQL: SHOW COLUMNS FROM `shop_catalog` [ RunTime:0.0026s ]
SQL: SELECT * FROM `shop_catalog` ORDER BY parent_id ASC , `index` ASC  [ RunTime:0.0003s ]
NOTIC: [2] include(Store\Model\GoodsModel.class.php): failed to open stream: No such file or directory /Users/badasslittlepig/www/wechatTeam/ThinkPHP/Common/functions.php 第 587 行.
NOTIC: [2] include(): Failed opening 'Store\Model\GoodsModel.class.php' for inclusion (include_path='.:/usr/local/php5/lib/php') /Users/badasslittlepig/www/wechatTeam/ThinkPHP/Common/functions.php 第 587 行.
SQL: SHOW COLUMNS FROM `shop_goods` [ RunTime:0.0015s ]
SQL: SELECT * FROM `shop_goods` WHERE `id` = 1 AND `shop_code` = '2139b23d014f8f03990c4f132d82457c' LIMIT 1   [ RunTime:0.0003s ]
NOTIC: [2] include(Store\Service\GoodsService.class.php): failed to open stream: No such file or directory /Users/badasslittlepig/www/wechatTeam/ThinkPHP/Common/functions.php 第 587 行.
NOTIC: [2] include(): Failed opening 'Store\Service\GoodsService.class.php' for inclusion (include_path='.:/usr/local/php5/lib/php') /Users/badasslittlepig/www/wechatTeam/ThinkPHP/Common/functions.php 第 587 行.
NOTIC: [2] Missing argument 1 for Store\Service\GoodsService::getGoodsClass(), called in /Users/badasslittlepig/www/wechatTeam/App/Store/Controller/GoodsController.class.php on line 28 and defined /Users/badasslittlepig/www/wechatTeam/App/Store/Service/GoodsService.class.php 第 12 行.
NOTIC: [8] Undefined variable: type /Users/badasslittlepig/www/wechatTeam/App/Store/Service/GoodsService.class.php 第 14 行.
SQL: SHOW COLUMNS FROM `shop_class` [ RunTime:0.0013s ]
SQL: SELECT * FROM `shop_class` WHERE `shop_code` = '2139b23d014f8f03990c4f132d82457c' AND `type` = '1' AND `is_delete` <> '0'  [ RunTime:0.0002s ]
SQL: SHOW COLUMNS FROM `shop_goods` [ RunTime:0.0010s ]
SQL: SELECT COUNT(*) AS tp_count FROM `shop_goods` WHERE `shop_code` = '2139b23d014f8f03990c4f132d82457c' AND `class_id` = 1 LIMIT 1   [ RunTime:0.0002s ]
SQL: SELECT COUNT(*) AS tp_count FROM `shop_goods` WHERE `shop_code` = '2139b23d014f8f03990c4f132d82457c' AND `class_id` = 22 LIMIT 1   [ RunTime:0.0002s ]
SQL: SELECT COUNT(*) AS tp_count FROM `shop_goods` WHERE `shop_code` = '2139b23d014f8f03990c4f132d82457c' AND `class_id` = 23 LIMIT 1   [ RunTime:0.0002s ]
INFO: [ view_parse ] --START--
INFO: [ template_filter ] --START--
INFO: Run Behavior\ContentReplaceBehavior [ RunTime:0.000068s ]
INFO: [ template_filter ] --END-- [ RunTime:0.000130s ]
NOTIC: [8] Undefined index: next /Users/badasslittlepig/www/wechatTeam/App/Runtime/Cache/Store/88cf3f6bd5dedcfc5399b5f0e6929699.php 第 92 行.
NOTIC: [8] Undefined variable: title /Users/badasslittlepig/www/wechatTeam/App/Runtime/Cache/Store/88cf3f6bd5dedcfc5399b5f0e6929699.php 第 127 行.
NOTIC: [8] Undefined index: next /Users/badasslittlepig/www/wechatTeam/App/Runtime/Cache/Store/88cf3f6bd5dedcfc5399b5f0e6929699.php 第 212 行.
INFO: Run Behavior\ParseTemplateBehavior [ RunTime:0.024643s ]
INFO: [ view_parse ] --END-- [ RunTime:0.024743s ]
INFO: [ view_filter ] --START--
INFO: Run Behavior\WriteHtmlCacheBehavior [ RunTime:0.000232s ]
INFO: [ view_filter ] --END-- [ RunTime:0.000341s ]
INFO: [ app_end ] --START--
INFO: Run Behavior\ShowPageTraceBehavior [ RunTime:0.000530s ]
INFO: [ app_end ] --END-- [ RunTime:0.000646s ]

[ 2015-10-04T08:37:02+08:00 ] 127.0.0.1 /index.php?m=Store&c=Goods&a=goodsAdd&id=1
INFO: [ app_init ] --START--
INFO: Run Behavior\BuildLiteBehavior [ RunTime:0.000016s ]
INFO: [ app_init ] --END-- [ RunTime:0.000251s ]
INFO: [ app_begin ] --START--
INFO: Run Behavior\ReadHtmlCacheBehavior [ RunTime:0.000247s ]
INFO: [ app_begin ] --END-- [ RunTime:0.000325s ]
SQL: SHOW COLUMNS FROM `shop_catalog` [ RunTime:0.0023s ]
SQL: SELECT * FROM `shop_catalog` ORDER BY parent_id ASC , `index` ASC  [ RunTime:0.0003s ]
NOTIC: [2] include(Store\Model\GoodsModel.class.php): failed to open stream: No such file or directory /Users/badasslittlepig/www/wechatTeam/ThinkPHP/Common/functions.php 第 587 行.
NOTIC: [2] include(): Failed opening 'Store\Model\GoodsModel.class.php' for inclusion (include_path='.:/usr/local/php5/lib/php') /Users/badasslittlepig/www/wechatTeam/ThinkPHP/Common/functions.php 第 587 行.
SQL: SHOW COLUMNS FROM `shop_goods` [ RunTime:0.0017s ]
SQL: SELECT * FROM `shop_goods` WHERE `id` = 1 AND `shop_code` = '2139b23d014f8f03990c4f132d82457c' LIMIT 1   [ RunTime:0.0003s ]
NOTIC: [2] include(Store\Service\GoodsService.class.php): failed to open stream: No such file or directory /Users/badasslittlepig/www/wechatTeam/ThinkPHP/Common/functions.php 第 587 行.
NOTIC: [2] include(): Failed opening 'Store\Service\GoodsService.class.php' for inclusion (include_path='.:/usr/local/php5/lib/php') /Users/badasslittlepig/www/wechatTeam/ThinkPHP/Common/functions.php 第 587 行.
NOTIC: [2] Missing argument 1 for Store\Service\GoodsService::getGoodsClass(), called in /Users/badasslittlepig/www/wechatTeam/App/Store/Controller/GoodsController.class.php on line 28 and defined /Users/badasslittlepig/www/wechatTeam/App/Store/Service/GoodsService.class.php 第 12 行.
NOTIC: [8] Undefined variable: type /Users/badasslittlepig/www/wechatTeam/App/Store/Service/GoodsService.class.php 第 14 行.
SQL: SHOW COLUMNS FROM `shop_class` [ RunTime:0.0011s ]
SQL: SELECT * FROM `shop_class` WHERE `shop_code` = '2139b23d014f8f03990c4f132d82457c' AND `type` = '1' AND `is_delete` <> '0'  [ RunTime:0.0003s ]
SQL: SHOW COLUMNS FROM `shop_goods` [ RunTime:0.0012s ]
SQL: SELECT COUNT(*) AS tp_count FROM `shop_goods` WHERE `shop_code` = '2139b23d014f8f03990c4f132d82457c' AND `class_id` = 1 LIMIT 1   [ RunTime:0.0002s ]
SQL: SELECT COUNT(*) AS tp_count FROM `shop_goods` WHERE `shop_code` = '2139b23d014f8f03990c4f132d82457c' AND `class_id` = 22 LIMIT 1   [ RunTime:0.0002s ]
SQL: SELECT COUNT(*) AS tp_count FROM `shop_goods` WHERE `shop_code` = '2139b23d014f8f03990c4f132d82457c' AND `class_id` = 23 LIMIT 1   [ RunTime:0.0002s ]
INFO: [ view_parse ] --START--
INFO: [ template_filter ] --START--
INFO: Run Behavior\ContentReplaceBehavior [ RunTime:0.000093s ]
INFO: [ template_filter ] --END-- [ RunTime:0.000185s ]
NOTIC: [8] Undefined index: next /Users/badasslittlepig/www/wechatTeam/App/Runtime/Cache/Store/88cf3f6bd5dedcfc5399b5f0e6929699.php 第 92 行.
NOTIC: [8] Undefined variable: title /Users/badasslittlepig/www/wechatTeam/App/Runtime/Cache/Store/88cf3f6bd5dedcfc5399b5f0e6929699.php 第 127 行.
NOTIC: [8] Undefined index: next /Users/badasslittlepig/www/wechatTeam/App/Runtime/Cache/Store/88cf3f6bd5dedcfc5399b5f0e6929699.php 第 212 行.
INFO: Run Behavior\ParseTemplateBehavior [ RunTime:0.026772s ]
INFO: [ view_parse ] --END-- [ RunTime:0.026873s ]
INFO: [ view_filter ] --START--
INFO: Run Behavior\WriteHtmlCacheBehavior [ RunTime:0.000219s ]
INFO: [ view_filter ] --END-- [ RunTime:0.000332s ]
INFO: [ app_end ] --START--
INFO: Run Behavior\ShowPageTraceBehavior [ RunTime:0.000516s ]
INFO: [ app_end ] --END-- [ RunTime:0.000635s ]

